2011/12/31 05:16:51 IFA_CNHIK6_NHJIK610_20081 FE2 fe2 20367 Lancer_K02_calcul_remise_parc.sh NHTX122XXXXNN FIN
2011/12/31 05:17:24 IFA_BNHIK6_NHJIK610_28321 FE1 fe1 2663 Lancer_K02_calcul_remise_parc.sh NHTX122XXXXNN FIN
2011/12/31 05:17:50 IFA_ENHIK6_NHJIK610_11711 FE4 fe4 15958 Lancer_K02_calcul_remise_parc.sh NHTX122XXXXNN FIN
2011/12/31 05:18:00 IFA_DNHIK6_NHJIK610_16456 FE3 fe3 20833 Lancer_K02_calcul_remise_parc.sh NHTX122XXXXNN FIN
2012/01/02 22:33:37 IFA_DNHIK6_NHJIK610_26765 FE3 fe3 28752 Lancer_K02_calcul_remise_parc.sh NHTX122XXXXNN FIN
2012/01/02 22:35:14 IFA_ENHIK6_NHJIK610_2156 FE4 fe4 4175 Lancer_K02_calcul_remise_parc.sh NHTX122XXXXNN FIN
2012/01/02 22:41:43 IFA_CNHIK6_NHJIK610_15644 FE2 fe2 16776 Lancer_K02_calcul_remise_parc.sh NHTX122XXXXNN FIN
2012/01/02 22:48:40 IFA_BNHIK6_NHJIK610_19690 FE1 fe1 14327 Lancer_K02_calcul_remise_parc.sh NHTX122XXXXNN FIN
2012/01/03 21:29:04 IFA_CNHIK6_NHJIK610_4454 FE2 fe2 4924 Lancer_K02_calcul_remise_parc.sh NHTX122XXXXNN FIN
2012/01/03 21:37:29 IFA_DNHIK6_NHJIK610_6741 FE3 fe3 7356 Lancer_K02_calcul_remise_parc.sh NHTX122XXXXNN FIN
2012/01/03 21:41:04 IFA_ENHIK6_NHJIK610_10706 FE4 fe4 26689 Lancer_K02_calcul_remise_parc.sh NHTX122XXXXNN FIN
2012/01/03 22:03:33 IFA_BNHIK6_NHJIK610_23784 FE1 fe1 28528 Lancer_K02_calcul_remise_parc.sh NHTX122XXXXNN FIN
2012/01/04 22:34:35 IFA_DNHIK6_NHJIK610_17678 FE3 fe3 18109 Lancer_K02_calcul_remise_parc.sh NHTX122XXXXNN FIN
2012/01/04 22:35:37 IFA_CNHIK6_NHJIK610_19339 FE2 fe2 19922 Lancer_K02_calcul_remise_parc.sh NHTX122XXXXNN FIN
2012/01/04 22:36:58 IFA_BNHIK6_NHJIK610_22023 FE1 fe1 3567 Lancer_K02_calcul_remise_parc.sh NHTX122XXXXNN FIN
2012/01/04 22:37:20 IFA_ENHIK6_NHJIK610_29585 FE4 fe4 9952 Lancer_K02_calcul_remise_parc.sh NHTX122XXXXNN FIN
2012/01/05 22:23:41 IFA_BNHIK6_NHJIK610_28237 FE1 fe1 28486 Lancer_K02_calcul_remise_parc.sh NHTX122XXXXNN FIN
2012/01/05 22:24:00 IFA_DNHIK6_NHJIK610_28806 FE3 fe3 29939 Lancer_K02_calcul_remise_parc.sh NHTX122XXXXNN FIN
2012/01/05 22:24:11 IFA_ENHIK6_NHJIK610_29836 FE4 fe4 654 Lancer_K02_calcul_remise_parc.sh NHTX122XXXXNN FIN
2012/01/05 22:25:11 IFA_CNHIK6_NHJIK610_3530 FE2 fe2 11487 Lancer_K02_calcul_remise_parc.sh NHTX122XXXXNN FIN
2012/01/07 08:16:01 IFA_CNHIK6_NHJIK610_7089 FE2 fe2 7478 Lancer_K02_calcul_remise_parc.sh NHTX122XXXXNN FIN
2012/01/07 08:16:29 IFA_DNHIK6_NHJIK610_8657 FE3 fe3 9885 Lancer_K02_calcul_remise_parc.sh NHTX122XXXXNN FIN
2012/01/07 08:16:32 IFA_ENHIK6_NHJIK610_9223 FE4 fe4 9991 Lancer_K02_calcul_remise_parc.sh NHTX122XXXXNN FIN
2012/01/07 08:17:00 IFA_BNHIK6_NHJIK610_11544 FE1 fe1 12714 Lancer_K02_calcul_remise_parc.sh NHTX122XXXXNN FIN
2012/01/09 22:03:12 IFA_CNHIK6_NHJIK610_1832 FE2 fe2 10822 Lancer_K02_calcul_remise_parc.sh NHTX122XXXXNN FIN
2012/01/09 22:05:31 IFA_ENHIK6_NHJIK610_9409 FE4 fe4 17106 Lancer_K02_calcul_remise_parc.sh NHTX122XXXXNN FIN
2012/01/09 22:10:25 IFA_DNHIK6_NHJIK610_7731 FE3 fe3 9706 Lancer_K02_calcul_remise_parc.sh NHTX122XXXXNN FIN
2012/01/09 22:13:55 IFA_BNHIK6_NHJIK610_9769 FE1 fe1 17483 Lancer_K02_calcul_remise_parc.sh NHTX122XXXXNN FIN
2012/01/10 22:12:46 IFA_CNHIK6_NHJIK610_5278 FE2 fe2 11249 Lancer_K02_calcul_remise_parc.sh NHTX122XXXXNN FIN
2012/01/10 22:16:41 IFA_DNHIK6_NHJIK610_12856 FE3 fe3 13602 Lancer_K02_calcul_remise_parc.sh NHTX122XXXXNN FIN
2012/01/10 22:17:28 IFA_BNHIK6_NHJIK610_18001 FE1 fe1 19938 Lancer_K02_calcul_remise_parc.sh NHTX122XXXXNN FIN
2012/01/10 22:17:58 IFA_ENHIK6_NHJIK610_26453 FE4 fe4 27782 Lancer_K02_calcul_remise_parc.sh NHTX122XXXXNN FIN
2012/01/11 21:27:26 IFA_ENHIK6_NHJIK610_3398 FE4 fe4 5217 Lancer_K02_calcul_remise_parc.sh NHTX122XXXXNN FIN
2012/01/11 21:28:01 IFA_CNHIK6_NHJIK610_9144 FE2 fe2 9839 Lancer_K02_calcul_remise_parc.sh NHTX122XXXXNN FIN
2012/01/11 21:29:39 IFA_BNHIK6_NHJIK610_16619 FE1 fe1 22829 Lancer_K02_calcul_remise_parc.sh NHTX122XXXXNN FIN
2012/01/11 21:31:01 IFA_DNHIK6_NHJIK610_26460 FE3 fe3 4478 Lancer_K02_calcul_remise_parc.sh NHTX122XXXXNN FIN
2012/01/12 21:22:08 IFA_ENHIK6_NHJIK610_1719 FE4 fe4 8961 Lancer_K02_calcul_remise_parc.sh NHTX122XXXXNN FIN
2012/01/12 21:23:04 IFA_DNHIK6_NHJIK610_2272 FE3 fe3 4810 Lancer_K02_calcul_remise_parc.sh NHTX122XXXXNN FIN
2012/01/12 21:24:58 IFA_CNHIK6_NHJIK610_9949 FE2 fe2 10586 Lancer_K02_calcul_remise_parc.sh NHTX122XXXXNN FIN
2012/01/12 21:25:46 IFA_BNHIK6_NHJIK610_15682 FE1 fe1 17919 Lancer_K02_calcul_remise_parc.sh NHTX122XXXXNN FIN
2012/01/14 06:39:11 IFA_CNHIK6_NHJIK610_5022 FE2 fe2 11647 Lancer_K02_calcul_remise_parc.sh NHTX122XXXXNN FIN
2012/01/14 06:39:36 IFA_BNHIK6_NHJIK610_17408 FE1 fe1 24998 Lancer_K02_calcul_remise_parc.sh NHTX122XXXXNN FIN
2012/01/14 06:39:53 IFA_ENHIK6_NHJIK610_26348 FE4 fe4 3297 Lancer_K02_calcul_remise_parc.sh NHTX122XXXXNN FIN
2012/01/14 06:40:21 IFA_DNHIK6_NHJIK610_11277 FE3 fe3 17355 Lancer_K02_calcul_remise_parc.sh NHTX122XXXXNN FIN
2012/01/16 21:39:39 IFA_BNHIK6_NHJIK610_21761 FE1 fe1 28321 Lancer_K02_calcul_remise_parc.sh NHTX122XXXXNN FIN
2012/01/16 21:40:46 IFA_CNHIK6_NHJIK610_4947 FE2 fe2 6332 Lancer_K02_calcul_remise_parc.sh NHTX122XXXXNN FIN
2012/01/16 21:41:18 IFA_ENHIK6_NHJIK610_8207 FE4 fe4 9213 Lancer_K02_calcul_remise_parc.sh NHTX122XXXXNN FIN
2012/01/16 21:41:44 IFA_DNHIK6_NHJIK610_10372 FE3 fe3 11467 Lancer_K02_calcul_remise_parc.sh NHTX122XXXXNN FIN
2012/01/18 21:46:11 IFA_BNHIK6_NHJIK610_12360 FE1 fe1 19255 Lancer_K02_calcul_remise_parc.sh NHTX122XXXXNN FIN
2012/01/18 21:46:38 IFA_CNHIK6_NHJIK610_26164 FE2 fe2 3165 Lancer_K02_calcul_remise_parc.sh NHTX122XXXXNN FIN
2012/01/18 21:46:40 IFA_ENHIK6_NHJIK610_27422 FE4 fe4 4450 Lancer_K02_calcul_remise_parc.sh NHTX122XXXXNN FIN
2012/01/18 21:47:00 IFA_DNHIK6_NHJIK610_5816 FE3 fe3 7246 Lancer_K02_calcul_remise_parc.sh NHTX122XXXXNN FIN
2012/01/20 02:23:47 IFA_CNHIK6_NHJIK610_4129 FE2 fe2 5117 Lancer_K02_calcul_remise_parc.sh NHTX122XXXXNN FIN
2012/01/20 02:25:07 IFA_INHIK6_NHJIK610_9725 FE8 fe8 10488 Lancer_K02_calcul_remise_parc.sh NHTX122XXXXNN FIN
2012/01/20 02:25:34 IFA_HNHIK6_NHJIK610_11961 FE7 fe7 14136 Lancer_K02_calcul_remise_parc.sh NHTX122XXXXNN FIN
2012/01/20 02:26:34 IFA_BNHIK6_NHJIK610_19065 FE1 fe1 24121 Lancer_K02_calcul_remise_parc.sh NHTX122XXXXNN FIN
2012/01/20 02:28:21 IFA_ENHIK6_NHJIK610_2668 FE4 fe4 8836 Lancer_K02_calcul_remise_parc.sh NHTX122XXXXNN FIN
2012/01/20 02:29:04 IFA_DNHIK6_NHJIK610_27506 FE3 fe3 5218 Lancer_K02_calcul_remise_parc.sh NHTX122XXXXNN FIN
2012/01/21 06:52:46 IFA_HNHIK6_NHJIK610_18966 FE7 fe7 24902 Lancer_K02_calcul_remise_parc.sh NHTX122XXXXNN FIN
2012/01/21 06:52:49 IFA_CNHIK6_NHJIK610_21191 FE2 fe2 26374 Lancer_K02_calcul_remise_parc.sh NHTX122XXXXNN FIN
2012/01/21 06:53:04 IFA_BNHIK6_NHJIK610_27789 FE1 fe1 4354 Lancer_K02_calcul_remise_parc.sh NHTX122XXXXNN FIN
2012/01/21 06:53:52 IFA_DNHIK6_NHJIK610_20719 FE3 fe3 26668 Lancer_K02_calcul_remise_parc.sh NHTX122XXXXNN FIN
2012/01/21 06:54:03 IFA_ENHIK6_NHJIK610_25697 FE4 fe4 2491 Lancer_K02_calcul_remise_parc.sh NHTX122XXXXNN FIN
2012/01/21 06:54:28 IFA_INHIK6_NHJIK610_8655 FE8 fe8 12825 Lancer_K02_calcul_remise_parc.sh NHTX122XXXXNN FIN
2012/01/23 21:26:17 IFA_DNHIK6_NHJIK610_13954 FE3 fe3 14329 Lancer_K02_calcul_remise_parc.sh NHTX122XXXXNN FIN
2012/01/23 21:26:54 IFA_CNHIK6_NHJIK610_17317 FE2 fe2 17978 Lancer_K02_calcul_remise_parc.sh NHTX122XXXXNN FIN
2012/01/23 21:27:50 IFA_BNHIK6_NHJIK610_22062 FE1 fe1 22798 Lancer_K02_calcul_remise_parc.sh NHTX122XXXXNN FIN
2012/01/23 21:27:51 IFA_ENHIK6_NHJIK610_22169 FE4 fe4 22831 Lancer_K02_calcul_remise_parc.sh NHTX122XXXXNN FIN
2012/01/24 21:15:28 IFA_DNHIK6_NHJIK610_11852 FE3 fe3 17122 Lancer_K02_calcul_remise_parc.sh NHTX122XXXXNN FIN
2012/01/24 21:16:28 IFA_CNHIK6_NHJIK610_12375 FE2 fe2 17947 Lancer_K02_calcul_remise_parc.sh NHTX122XXXXNN FIN
2012/01/24 21:17:30 IFA_BNHIK6_NHJIK610_12392 FE1 fe1 18267 Lancer_K02_calcul_remise_parc.sh NHTX122XXXXNN FIN
2012/01/24 21:19:49 IFA_ENHIK6_NHJIK610_2226 FE4 fe4 2727 Lancer_K02_calcul_remise_parc.sh NHTX122XXXXNN FIN
2012/01/26 21:52:57 IFA_BNHIK6_NHJIK610_13068 FE1 fe1 19249 Lancer_K02_calcul_remise_parc.sh NHTX122XXXXNN FIN
2012/01/26 21:53:05 IFA_DNHIK6_NHJIK610_17858 FE3 fe3 23444 Lancer_K02_calcul_remise_parc.sh NHTX122XXXXNN FIN
2012/01/26 21:55:28 IFA_CNHIK6_NHJIK610_17150 FE2 fe2 24037 Lancer_K02_calcul_remise_parc.sh NHTX122XXXXNN FIN
2012/01/26 21:58:57 IFA_ENHIK6_NHJIK610_2002 FE4 fe4 5725 Lancer_K02_calcul_remise_parc.sh NHTX122XXXXNN FIN
2012/01/28 10:25:27 IFA_BNHIK6_NHJIK610_782 FE1 fe1 6846 Lancer_K02_calcul_remise_parc.sh NHTX122XXXXNN FIN
2012/01/28 10:25:45 IFA_CNHIK6_NHJIK610_10584 FE2 fe2 16613 Lancer_K02_calcul_remise_parc.sh NHTX122XXXXNN FIN
2012/01/28 10:25:59 IFA_ENHIK6_NHJIK610_17480 FE4 fe4 23717 Lancer_K02_calcul_remise_parc.sh NHTX122XXXXNN FIN
2012/01/28 10:26:04 IFA_DNHIK6_NHJIK610_20522 FE3 fe3 26538 Lancer_K02_calcul_remise_parc.sh NHTX122XXXXNN FIN
2012/01/30 21:56:33 IFA_HNHIK6_NHJIK610_22343 FE7 fe7 24363 Lancer_K02_calcul_remise_parc.sh NHTX122XXXXNN FIN
2012/01/30 21:57:34 IFA_CNHIK6_NHJIK610_553 FE2 fe2 1603 Lancer_K02_calcul_remise_parc.sh NHTX122XXXXNN FIN
2012/01/30 21:57:37 IFA_BNHIK6_NHJIK610_952 FE1 fe1 1748 Lancer_K02_calcul_remise_parc.sh NHTX122XXXXNN FIN
2012/01/30 22:00:06 IFA_INHIK6_NHJIK610_2194 FE8 fe8 7950 Lancer_K02_calcul_remise_parc.sh NHTX122XXXXNN FIN
2012/01/30 22:00:10 IFA_DNHIK6_NHJIK610_4635 FE3 fe3 9679 Lancer_K02_calcul_remise_parc.sh NHTX122XXXXNN FIN
2012/01/30 22:03:18 IFA_ENHIK6_NHJIK610_4506 FE4 fe4 12007 Lancer_K02_calcul_remise_parc.sh NHTX122XXXXNN FIN
2012/02/01 00:01:36 IFA_HNHIK6_NHJIK610_24684 FE7 fe7 2432 Lancer_K02_calcul_remise_parc.sh NHTX122XXXXNN FIN
2012/02/01 00:01:54 IFA_BNHIK6_NHJIK610_4254 FE1 fe1 11631 Lancer_K02_calcul_remise_parc.sh NHTX122XXXXNN FIN
2012/02/01 00:02:23 IFA_ENHIK6_NHJIK610_19456 FE4 fe4 25780 Lancer_K02_calcul_remise_parc.sh NHTX122XXXXNN FIN
2012/02/01 00:03:16 IFA_DNHIK6_NHJIK610_14538 FE3 fe3 19972 Lancer_K02_calcul_remise_parc.sh NHTX122XXXXNN FIN
2012/02/01 00:03:50 IFA_CNHIK6_NHJIK610_29818 FE2 fe2 5480 Lancer_K02_calcul_remise_parc.sh NHTX122XXXXNN FIN
2012/02/01 00:06:24 IFA_INHIK6_NHJIK610_6463 FE8 fe8 13393 Lancer_K02_calcul_remise_parc.sh NHTX122XXXXNN FIN
2012/02/02 22:33:56 IFA_CNHIK6_NHJIK610_24750 FE2 fe2 4484 Lancer_K02_calcul_remise_parc.sh NHTX122XXXXNN FIN
2012/02/02 22:33:56 IFA_ENHIK6_NHJIK610_18944 FE4 fe4 4945 Lancer_K02_calcul_remise_parc.sh NHTX122XXXXNN FIN
2012/02/02 22:34:00 IFA_DNHIK6_NHJIK610_26876 FE3 fe3 6768 Lancer_K02_calcul_remise_parc.sh NHTX122XXXXNN FIN
2012/02/02 22:34:33 IFA_BNHIK6_NHJIK610_11740 FE1 fe1 22772 Lancer_K02_calcul_remise_parc.sh NHTX122XXXXNN FIN
2012/02/04 12:27:48 IFA_DNHIK6_NHJIK610_7760 FE3 fe3 16915 Lancer_K02_calcul_remise_parc.sh NHTX122XXXXNN FIN
2012/02/04 12:30:45 IFA_CNHIK6_NHJIK610_16330 FE2 fe2 16597 Lancer_K02_calcul_remise_parc.sh NHTX122XXXXNN FIN
2012/02/04 12:33:26 IFA_BNHIK6_NHJIK610_19655 FE1 fe1 20483 Lancer_K02_calcul_remise_parc.sh NHTX122XXXXNN FIN
2012/02/04 12:33:47 IFA_ENHIK6_NHJIK610_20478 FE4 fe4 21699 Lancer_K02_calcul_remise_parc.sh NHTX122XXXXNN FIN
2012/02/06 22:03:49 IFA_DNHIK6_NHJIK610_1650 FE3 fe3 2411 Lancer_K02_calcul_remise_parc.sh NHTX122XXXXNN FIN
2012/02/06 22:04:57 IFA_BNHIK6_NHJIK610_5703 FE1 fe1 6158 Lancer_K02_calcul_remise_parc.sh NHTX122XXXXNN FIN
2012/02/06 22:06:40 IFA_CNHIK6_NHJIK610_9011 FE2 fe2 9411 Lancer_K02_calcul_remise_parc.sh NHTX122XXXXNN FIN
2012/02/06 22:07:42 IFA_ENHIK6_NHJIK610_12417 FE4 fe4 14636 Lancer_K02_calcul_remise_parc.sh NHTX122XXXXNN FIN
2012/02/08 22:14:13 IFA_DNHIK6_NHJIK610_4286 FE3 fe3 5192 Lancer_K02_calcul_remise_parc.sh NHTX122XXXXNN FIN
2012/02/08 22:15:05 IFA_BNHIK6_NHJIK610_7475 FE1 fe1 7748 Lancer_K02_calcul_remise_parc.sh NHTX122XXXXNN FIN
2012/02/08 22:16:25 IFA_CNHIK6_NHJIK610_10127 FE2 fe2 10594 Lancer_K02_calcul_remise_parc.sh NHTX122XXXXNN FIN
2012/02/08 22:19:23 IFA_ENHIK6_NHJIK610_13672 FE4 fe4 18196 Lancer_K02_calcul_remise_parc.sh NHTX122XXXXNN FIN
2012/02/09 21:32:27 IFA_DNHIK6_NHJIK610_19938 FE3 fe3 20616 Lancer_K02_calcul_remise_parc.sh NHTX122XXXXNN FIN
2012/02/09 21:32:41 IFA_CNHIK6_NHJIK610_20741 FE2 fe2 21629 Lancer_K02_calcul_remise_parc.sh NHTX122XXXXNN FIN
2012/02/09 21:36:32 IFA_ENHIK6_NHJIK610_17762 FE4 fe4 25665 Lancer_K02_calcul_remise_parc.sh NHTX122XXXXNN FIN
2012/02/09 21:37:34 IFA_BNHIK6_NHJIK610_14790 FE1 fe1 26004 Lancer_K02_calcul_remise_parc.sh NHTX122XXXXNN FIN
2012/02/11 05:38:36 IFA_CNHIK6_NHJIK610_12743 FE2 fe2 13481 Lancer_K02_calcul_remise_parc.sh NHTX122XXXXNN FIN
2012/02/11 05:38:38 IFA_BNHIK6_NHJIK610_13153 FE1 fe1 13771 Lancer_K02_calcul_remise_parc.sh NHTX122XXXXNN FIN
2012/02/11 05:39:40 IFA_DNHIK6_NHJIK610_18600 FE3 fe3 19517 Lancer_K02_calcul_remise_parc.sh NHTX122XXXXNN FIN
2012/02/11 05:39:45 IFA_ENHIK6_NHJIK610_18974 FE4 fe4 20189 Lancer_K02_calcul_remise_parc.sh NHTX122XXXXNN FIN
2012/02/13 21:51:36 IFA_BNHIK6_NHJIK610_22405 FE1 fe1 22796 Lancer_K02_calcul_remise_parc.sh NHTX122XXXXNN FIN
2012/02/13 21:53:05 IFA_DNHIK6_NHJIK610_23048 FE3 fe3 28356 Lancer_K02_calcul_remise_parc.sh NHTX122XXXXNN FIN
2012/02/13 21:53:21 IFA_ENHIK6_NHJIK610_308 FE4 fe4 6421 Lancer_K02_calcul_remise_parc.sh NHTX122XXXXNN FIN
2012/02/13 21:54:29 IFA_CNHIK6_NHJIK610_3414 FE2 fe2 8186 Lancer_K02_calcul_remise_parc.sh NHTX122XXXXNN FIN
2012/02/14 21:12:16 IFA_DNHIK6_NHJIK610_5428 FE3 fe3 5705 Lancer_K02_calcul_remise_parc.sh NHTX122XXXXNN FIN
2012/02/14 21:12:16 IFA_BNHIK6_NHJIK610_5331 FE1 fe1 5694 Lancer_K02_calcul_remise_parc.sh NHTX122XXXXNN FIN
2012/02/14 21:12:16 IFA_CNHIK6_NHJIK610_5372 FE2 fe2 5723 Lancer_K02_calcul_remise_parc.sh NHTX122XXXXNN FIN
2012/02/14 21:12:19 IFA_ENHIK6_NHJIK610_5459 FE4 fe4 6149 Lancer_K02_calcul_remise_parc.sh NHTX122XXXXNN FIN
2012/02/15 22:36:53 IFA_CNHIK6_NHJIK610_14942 FE2 fe2 21222 Lancer_K02_calcul_remise_parc.sh NHTX122XXXXNN FIN
2012/02/15 22:37:24 IFA_DNHIK6_NHJIK610_1883 FE3 fe3 7510 Lancer_K02_calcul_remise_parc.sh NHTX122XXXXNN FIN
2012/02/15 22:37:29 IFA_ENHIK6_NHJIK610_4191 FE4 fe4 9718 Lancer_K02_calcul_remise_parc.sh NHTX122XXXXNN FIN
2012/02/15 22:39:37 IFA_BNHIK6_NHJIK610_7612 FE1 fe1 7983 Lancer_K02_calcul_remise_parc.sh NHTX122XXXXNN FIN
2011/10/18 21:32:44 IFA_BNHIK6_NHJIK610_23037 FE1 fe1 25994 Lancer_K02_calcul_remise_parc.sh NHTX122XXXXNN FIN
2011/10/18 21:33:09 IFA_ENHIK6_NHJIK610_26838 FE4 fe4 28040 Lancer_K02_calcul_remise_parc.sh NHTX122XXXXNN FIN
2011/10/18 21:34:56 IFA_CNHIK6_NHJIK610_3246 FE2 fe2 4266 Lancer_K02_calcul_remise_parc.sh NHTX122XXXXNN FIN
2011/10/18 21:35:18 IFA_DNHIK6_NHJIK610_5542 FE3 fe3 6221 Lancer_K02_calcul_remise_parc.sh NHTX122XXXXNN FIN
2011/10/19 21:26:43 IFA_BNHIK6_NHJIK610_12055 FE1 fe1 12613 Lancer_K02_calcul_remise_parc.sh NHTX122XXXXNN FIN
2011/10/19 21:27:38 IFA_CNHIK6_NHJIK610_16361 FE2 fe2 16683 Lancer_K02_calcul_remise_parc.sh NHTX122XXXXNN FIN
2011/10/19 21:27:55 IFA_ENHIK6_NHJIK610_17002 FE4 fe4 18007 Lancer_K02_calcul_remise_parc.sh NHTX122XXXXNN FIN
2011/10/19 21:28:46 IFA_DNHIK6_NHJIK610_20736 FE3 fe3 21088 Lancer_K02_calcul_remise_parc.sh NHTX122XXXXNN FIN
2011/10/20 21:20:49 IFA_CNHIK6_NHJIK610_12591 FE2 fe2 13649 Lancer_K02_calcul_remise_parc.sh NHTX122XXXXNN FIN
2011/10/20 21:21:26 IFA_DNHIK6_NHJIK610_16207 FE3 fe3 17083 Lancer_K02_calcul_remise_parc.sh NHTX122XXXXNN FIN
2011/10/20 21:21:39 IFA_BNHIK6_NHJIK610_17191 FE1 fe1 18161 Lancer_K02_calcul_remise_parc.sh NHTX122XXXXNN FIN
2011/10/20 21:23:06 IFA_ENHIK6_NHJIK610_22985 FE4 fe4 23334 Lancer_K02_calcul_remise_parc.sh NHTX122XXXXNN FIN
2011/10/22 06:58:46 IFA_CNHIK6_NHJIK610_7778 FE2 fe2 8459 Lancer_K02_calcul_remise_parc.sh NHTX122XXXXNN FIN
2011/10/22 06:58:50 IFA_BNHIK6_NHJIK610_8174 FE1 fe1 8934 Lancer_K02_calcul_remise_parc.sh NHTX122XXXXNN FIN
2011/10/22 06:59:18 IFA_ENHIK6_NHJIK610_11583 FE4 fe4 12586 Lancer_K02_calcul_remise_parc.sh NHTX122XXXXNN FIN
2011/10/22 06:59:33 IFA_DNHIK6_NHJIK610_13241 FE3 fe3 14031 Lancer_K02_calcul_remise_parc.sh NHTX122XXXXNN FIN
2011/10/24 21:35:50 IFA_DNHIK6_NHJIK610_13645 FE3 fe3 18981 Lancer_K02_calcul_remise_parc.sh NHTX122XXXXNN FIN
2011/10/24 21:36:31 IFA_CNHIK6_NHJIK610_3260 FE2 fe2 5405 Lancer_K02_calcul_remise_parc.sh NHTX122XXXXNN FIN
2011/10/24 21:37:51 IFA_BNHIK6_NHJIK610_9043 FE1 fe1 9978 Lancer_K02_calcul_remise_parc.sh NHTX122XXXXNN FIN
2011/10/24 21:38:54 IFA_ENHIK6_NHJIK610_13169 FE4 fe4 13569 Lancer_K02_calcul_remise_parc.sh NHTX122XXXXNN FIN
2011/10/26 22:15:26 IFA_CNHIK6_NHJIK610_7969 FE2 fe2 9606 Lancer_K02_calcul_remise_parc.sh NHTX122XXXXNN FIN
2011/10/26 22:17:14 IFA_DNHIK6_NHJIK610_26342 FE3 fe3 434 Lancer_K02_calcul_remise_parc.sh NHTX122XXXXNN FIN
2011/10/26 22:17:14 IFA_ENHIK6_NHJIK610_25621 FE4 fe4 451 Lancer_K02_calcul_remise_parc.sh NHTX122XXXXNN FIN
2011/10/26 22:18:25 IFA_BNHIK6_NHJIK610_455 FE1 fe1 5860 Lancer_K02_calcul_remise_parc.sh NHTX122XXXXNN FIN
2011/10/27 22:15:07 IFA_BNHIK6_NHJIK610_16234 FE1 fe1 18660 Lancer_K02_calcul_remise_parc.sh NHTX122XXXXNN FIN
2011/10/27 22:15:54 IFA_CNHIK6_NHJIK610_25118 FE2 fe2 25402 Lancer_K02_calcul_remise_parc.sh NHTX122XXXXNN FIN
2011/10/27 22:18:16 IFA_DNHIK6_NHJIK610_24016 FE3 fe3 28648 Lancer_K02_calcul_remise_parc.sh NHTX122XXXXNN FIN
2011/10/27 22:18:37 IFA_ENHIK6_NHJIK610_5893 FE4 fe4 11138 Lancer_K02_calcul_remise_parc.sh NHTX122XXXXNN FIN
2011/10/29 06:41:33 IFA_CNHIK6_NHJIK610_12516 FE2 fe2 13323 Lancer_K02_calcul_remise_parc.sh NHTX122XXXXNN FIN
2011/10/29 06:41:52 IFA_BNHIK6_NHJIK610_14680 FE1 fe1 16171 Lancer_K02_calcul_remise_parc.sh NHTX122XXXXNN FIN
2011/10/29 06:42:06 IFA_DNHIK6_NHJIK610_17029 FE3 fe3 18360 Lancer_K02_calcul_remise_parc.sh NHTX122XXXXNN FIN
2011/10/29 06:42:07 IFA_ENHIK6_NHJIK610_17570 FE4 fe4 18463 Lancer_K02_calcul_remise_parc.sh NHTX122XXXXNN FIN
2011/10/31 22:08:38 IFA_BNHIK6_NHJIK610_13107 FE1 fe1 14250 Lancer_K02_calcul_remise_parc.sh NHTX122XXXXNN FIN
2011/10/31 22:08:40 IFA_CNHIK6_NHJIK610_13255 FE2 fe2 14331 Lancer_K02_calcul_remise_parc.sh NHTX122XXXXNN FIN
2011/10/31 22:08:45 IFA_DNHIK6_NHJIK610_14085 FE3 fe3 14918 Lancer_K02_calcul_remise_parc.sh NHTX122XXXXNN FIN
2011/10/31 22:09:23 IFA_ENHIK6_NHJIK610_18603 FE4 fe4 18890 Lancer_K02_calcul_remise_parc.sh NHTX122XXXXNN FIN
2011/11/02 21:35:33 IFA_BNHIK6_NHJIK610_22302 FE1 fe1 24158 Lancer_K02_calcul_remise_parc.sh NHTX122XXXXNN FIN
2011/11/02 21:35:39 IFA_CNHIK6_NHJIK610_22640 FE2 fe2 25465 Lancer_K02_calcul_remise_parc.sh NHTX122XXXXNN FIN
2011/11/02 21:36:17 IFA_DNHIK6_NHJIK610_27011 FE3 fe3 15015 Lancer_K02_calcul_remise_parc.sh NHTX122XXXXNN FIN
2011/11/02 21:40:02 IFA_ENHIK6_NHJIK610_12142 FE4 fe4 3831 Lancer_K02_calcul_remise_parc.sh NHTX122XXXXNN FIN
2011/11/03 21:33:57 IFA_CNHIK6_NHJIK610_21955 FE2 fe2 22481 Lancer_K02_calcul_remise_parc.sh NHTX122XXXXNN FIN
2011/11/03 21:42:54 IFA_ENHIK6_NHJIK610_17152 FE4 fe4 4689 Lancer_K02_calcul_remise_parc.sh NHTX122XXXXNN FIN
2011/11/03 21:45:14 IFA_DNHIK6_NHJIK610_2206 FE3 fe3 2811 Lancer_K02_calcul_remise_parc.sh NHTX122XXXXNN FIN
2011/11/03 21:45:15 IFA_BNHIK6_NHJIK610_1862 FE1 fe1 2905 Lancer_K02_calcul_remise_parc.sh NHTX122XXXXNN FIN
2011/11/05 06:57:17 IFA_DNHIK6_NHJIK610_16640 FE3 fe3 25816 Lancer_K02_calcul_remise_parc.sh NHTX122XXXXNN FIN
2011/11/05 07:00:16 IFA_CNHIK6_NHJIK610_14397 FE2 fe2 14845 Lancer_K02_calcul_remise_parc.sh NHTX122XXXXNN FIN
2011/11/05 07:08:20 IFA_ENHIK6_NHJIK610_28964 FE4 fe4 29523 Lancer_K02_calcul_remise_parc.sh NHTX122XXXXNN FIN
2011/11/05 07:34:35 IFA_BNHIK6_NHJIK610_24014 FE1 fe1 24479 Lancer_K02_calcul_remise_parc.sh NHTX122XXXXNN FIN
2011/11/07 22:18:51 IFA_BNHIK6_NHJIK610_25941 FE1 fe1 27133 Lancer_K02_calcul_remise_parc.sh NHTX122XXXXNN FIN
2011/11/07 22:21:30 IFA_DNHIK6_NHJIK610_3783 FE3 fe3 4173 Lancer_K02_calcul_remise_parc.sh NHTX122XXXXNN FIN
2011/11/07 22:21:58 IFA_ENHIK6_NHJIK610_4576 FE4 fe4 4955 Lancer_K02_calcul_remise_parc.sh NHTX122XXXXNN FIN
2011/11/07 22:23:29 IFA_CNHIK6_NHJIK610_13514 FE2 fe2 21719 Lancer_K02_calcul_remise_parc.sh NHTX122XXXXNN FIN
2011/11/08 21:51:53 IFA_ENHIK6_NHJIK610_22051 FE4 fe4 28770 Lancer_K02_calcul_remise_parc.sh NHTX122XXXXNN FIN
2011/11/08 21:51:55 IFA_CNHIK6_NHJIK610_22740 FE2 fe2 29747 Lancer_K02_calcul_remise_parc.sh NHTX122XXXXNN FIN
2011/11/08 21:52:10 IFA_BNHIK6_NHJIK610_172 FE1 fe1 7510 Lancer_K02_calcul_remise_parc.sh NHTX122XXXXNN FIN
2011/11/08 21:52:20 IFA_DNHIK6_NHJIK610_5596 FE3 fe3 12335 Lancer_K02_calcul_remise_parc.sh NHTX122XXXXNN FIN
2011/11/09 21:36:18 IFA_CNHIK6_NHJIK610_24339 FE2 fe2 24620 Lancer_K02_calcul_remise_parc.sh NHTX122XXXXNN FIN
2011/11/09 21:39:28 IFA_DNHIK6_NHJIK610_27182 FE3 fe3 27879 Lancer_K02_calcul_remise_parc.sh NHTX122XXXXNN FIN
2011/11/09 21:40:12 IFA_ENHIK6_NHJIK610_6147 FE4 fe4 16158 Lancer_K02_calcul_remise_parc.sh NHTX122XXXXNN FIN
2011/11/09 21:47:06 IFA_BNHIK6_NHJIK610_24842 FE1 fe1 25068 Lancer_K02_calcul_remise_parc.sh NHTX122XXXXNN FIN
2011/11/11 07:53:29 IFA_CNHIK6_NHJIK610_14733 FE2 fe2 21839 Lancer_K02_calcul_remise_parc.sh NHTX122XXXXNN FIN
2011/11/11 07:53:42 IFA_BNHIK6_NHJIK610_22724 FE1 fe1 28604 Lancer_K02_calcul_remise_parc.sh NHTX122XXXXNN FIN
2011/11/11 07:53:50 IFA_DNHIK6_NHJIK610_25452 FE3 fe3 2845 Lancer_K02_calcul_remise_parc.sh NHTX122XXXXNN FIN
2011/11/11 07:54:35 IFA_ENHIK6_NHJIK610_19067 FE4 fe4 25131 Lancer_K02_calcul_remise_parc.sh NHTX122XXXXNN FIN
2011/11/15 00:11:55 IFA_BNHIK6_NHJIK610_16062 FE1 fe1 25813 Lancer_K02_calcul_remise_parc.sh NHTX122XXXXNN FIN
2011/11/15 00:12:52 IFA_CNHIK6_NHJIK610_10470 FE2 fe2 18737 Lancer_K02_calcul_remise_parc.sh NHTX122XXXXNN FIN
2011/11/15 00:16:59 IFA_ENHIK6_NHJIK610_17708 FE4 fe4 20209 Lancer_K02_calcul_remise_parc.sh NHTX122XXXXNN FIN
2011/11/15 00:18:26 IFA_DNHIK6_NHJIK610_1104 FE3 fe3 10853 Lancer_K02_calcul_remise_parc.sh NHTX122XXXXNN FIN
2011/11/15 21:51:29 IFA_ENHIK6_NHJIK610_16375 FE4 fe4 22381 Lancer_K02_calcul_remise_parc.sh NHTX122XXXXNN FIN
2011/11/15 21:51:29 IFA_DNHIK6_NHJIK610_16145 FE3 fe3 22564 Lancer_K02_calcul_remise_parc.sh NHTX122XXXXNN FIN
2011/11/15 21:52:27 IFA_BNHIK6_NHJIK610_15608 FE1 fe1 21414 Lancer_K02_calcul_remise_parc.sh NHTX122XXXXNN FIN
2011/11/15 21:53:10 IFA_CNHIK6_NHJIK610_6204 FE2 fe2 12397 Lancer_K02_calcul_remise_parc.sh NHTX122XXXXNN FIN
2011/11/16 21:33:31 IFA_DNHIK6_NHJIK610_6508 FE3 fe3 13628 Lancer_K02_calcul_remise_parc.sh NHTX122XXXXNN FIN
2011/11/16 21:34:41 IFA_ENHIK6_NHJIK610_12449 FE4 fe4 18582 Lancer_K02_calcul_remise_parc.sh NHTX122XXXXNN FIN
2011/11/16 21:35:14 IFA_CNHIK6_NHJIK610_28779 FE2 fe2 29857 Lancer_K02_calcul_remise_parc.sh NHTX122XXXXNN FIN
2011/11/16 21:36:51 IFA_BNHIK6_NHJIK610_8628 FE1 fe1 10332 Lancer_K02_calcul_remise_parc.sh NHTX122XXXXNN FIN
2011/11/17 21:33:31 IFA_BNHIK6_NHJIK610_1646 FE1 fe1 9815 Lancer_K02_calcul_remise_parc.sh NHTX122XXXXNN FIN
2011/11/17 21:33:37 IFA_ENHIK6_NHJIK610_5967 FE4 fe4 13192 Lancer_K02_calcul_remise_parc.sh NHTX122XXXXNN FIN
2011/11/17 21:34:57 IFA_CNHIK6_NHJIK610_1466 FE2 fe2 3090 Lancer_K02_calcul_remise_parc.sh NHTX122XXXXNN FIN
2011/11/17 21:35:04 IFA_DNHIK6_NHJIK610_2857 FE3 fe3 3914 Lancer_K02_calcul_remise_parc.sh NHTX122XXXXNN FIN
2011/11/19 06:58:22 IFA_CNHIK6_NHJIK610_315 FE2 fe2 6809 Lancer_K02_calcul_remise_parc.sh NHTX122XXXXNN FIN
2011/11/19 06:58:43 IFA_DNHIK6_NHJIK610_10422 FE3 fe3 17550 Lancer_K02_calcul_remise_parc.sh NHTX122XXXXNN FIN
2011/11/19 06:58:54 IFA_BNHIK6_NHJIK610_16135 FE1 fe1 22978 Lancer_K02_calcul_remise_parc.sh NHTX122XXXXNN FIN
2011/11/19 06:59:15 IFA_ENHIK6_NHJIK610_26990 FE4 fe4 3785 Lancer_K02_calcul_remise_parc.sh NHTX122XXXXNN FIN
2011/11/21 21:38:58 IFA_DNHIK6_NHJIK610_3368 FE3 fe3 3769 Lancer_K02_calcul_remise_parc.sh NHTX122XXXXNN FIN
2011/11/21 21:41:05 IFA_CNHIK6_NHJIK610_7125 FE2 fe2 7536 Lancer_K02_calcul_remise_parc.sh NHTX122XXXXNN FIN
2011/11/21 21:43:45 IFA_BNHIK6_NHJIK610_11856 FE1 fe1 19864 Lancer_K02_calcul_remise_parc.sh NHTX122XXXXNN FIN
2011/11/21 21:44:58 IFA_ENHIK6_NHJIK610_23794 FE4 fe4 628 Lancer_K02_calcul_remise_parc.sh NHTX122XXXXNN FIN
2011/11/22 21:27:53 IFA_DNHIK6_NHJIK610_6965 FE3 fe3 7353 Lancer_K02_calcul_remise_parc.sh NHTX122XXXXNN FIN
2011/11/22 21:28:37 IFA_ENHIK6_NHJIK610_10829 FE4 fe4 11286 Lancer_K02_calcul_remise_parc.sh NHTX122XXXXNN FIN
2011/11/22 21:29:35 IFA_CNHIK6_NHJIK610_13874 FE2 fe2 15156 Lancer_K02_calcul_remise_parc.sh NHTX122XXXXNN FIN
2011/11/22 21:29:45 IFA_BNHIK6_NHJIK610_15387 FE1 fe1 16202 Lancer_K02_calcul_remise_parc.sh NHTX122XXXXNN FIN
2011/11/23 21:35:39 IFA_BNHIK6_NHJIK610_9657 FE1 fe1 10036 Lancer_K02_calcul_remise_parc.sh NHTX122XXXXNN FIN
2011/11/23 21:37:20 IFA_DNHIK6_NHJIK610_17135 FE3 fe3 18391 Lancer_K02_calcul_remise_parc.sh NHTX122XXXXNN FIN
2011/11/23 21:38:02 IFA_CNHIK6_NHJIK610_22931 FE2 fe2 23788 Lancer_K02_calcul_remise_parc.sh NHTX122XXXXNN FIN
2011/11/23 21:40:54 IFA_ENHIK6_NHJIK610_22134 FE4 fe4 713 Lancer_K02_calcul_remise_parc.sh NHTX122XXXXNN FIN
2011/11/26 07:11:47 IFA_CNHIK6_NHJIK610_18744 FE2 fe2 24114 Lancer_K02_calcul_remise_parc.sh NHTX122XXXXNN FIN
2011/11/26 07:12:21 IFA_DNHIK6_NHJIK610_29400 FE3 fe3 1013 Lancer_K02_calcul_remise_parc.sh NHTX122XXXXNN FIN
2011/11/26 07:12:32 IFA_ENHIK6_NHJIK610_938 FE4 fe4 2086 Lancer_K02_calcul_remise_parc.sh NHTX122XXXXNN FIN
2011/11/26 07:12:35 IFA_BNHIK6_NHJIK610_1319 FE1 fe1 2263 Lancer_K02_calcul_remise_parc.sh NHTX122XXXXNN FIN
2011/11/28 21:50:14 IFA_DNHIK6_NHJIK610_29203 FE3 fe3 354 Lancer_K02_calcul_remise_parc.sh NHTX122XXXXNN FIN
2011/11/28 21:50:31 IFA_ENHIK6_NHJIK610_933 FE4 fe4 2113 Lancer_K02_calcul_remise_parc.sh NHTX122XXXXNN FIN
2011/11/28 21:51:00 IFA_BNHIK6_NHJIK610_5461 FE1 fe1 7376 Lancer_K02_calcul_remise_parc.sh NHTX122XXXXNN FIN
2011/11/28 21:53:21 IFA_CNHIK6_NHJIK610_769 FE2 fe2 7125 Lancer_K02_calcul_remise_parc.sh NHTX122XXXXNN FIN
2011/11/30 21:54:51 IFA_ENHIK6_NHJIK610_27667 FE4 fe4 28636 Lancer_K02_calcul_remise_parc.sh NHTX122XXXXNN FIN
2011/11/30 21:55:20 IFA_DNHIK6_NHJIK610_1178 FE3 fe3 2256 Lancer_K02_calcul_remise_parc.sh NHTX122XXXXNN FIN
2011/11/30 21:56:17 IFA_CNHIK6_NHJIK610_14716 FE2 fe2 19787 Lancer_K02_calcul_remise_parc.sh NHTX122XXXXNN FIN
2011/11/30 21:56:25 IFA_BNHIK6_NHJIK610_18023 FE1 fe1 23723 Lancer_K02_calcul_remise_parc.sh NHTX122XXXXNN FIN
2011/12/02 00:27:06 IFA_BNHIK6_NHJIK610_4857 FE1 fe1 6045 Lancer_K02_calcul_remise_parc.sh NHTX122XXXXNN FIN
2011/12/02 00:28:25 IFA_DNHIK6_NHJIK610_9814 FE3 fe3 12652 Lancer_K02_calcul_remise_parc.sh NHTX122XXXXNN FIN
2011/12/02 00:28:38 IFA_CNHIK6_NHJIK610_10375 FE2 fe2 18658 Lancer_K02_calcul_remise_parc.sh NHTX122XXXXNN FIN
2011/12/02 00:32:09 IFA_ENHIK6_NHJIK610_16988 FE4 fe4 4499 Lancer_K02_calcul_remise_parc.sh NHTX122XXXXNN FIN
2011/12/03 06:01:09 IFA_CNHIK6_NHJIK610_13696 FE2 fe2 14116 Lancer_K02_calcul_remise_parc.sh NHTX122XXXXNN FIN
2011/12/03 06:02:55 IFA_DNHIK6_NHJIK610_16331 FE3 fe3 16845 Lancer_K02_calcul_remise_parc.sh NHTX122XXXXNN FIN
2011/12/03 06:09:39 IFA_ENHIK6_NHJIK610_27750 FE4 fe4 27848 Lancer_K02_calcul_remise_parc.sh NHTX122XXXXNN FIN
2011/12/03 06:11:12 IFA_BNHIK6_NHJIK610_170 FE1 fe1 681 Lancer_K02_calcul_remise_parc.sh NHTX122XXXXNN FIN
2011/12/05 22:07:36 IFA_DNHIK6_NHJIK610_15787 FE3 fe3 16119 Lancer_K02_calcul_remise_parc.sh NHTX122XXXXNN FIN
2011/12/05 22:08:27 IFA_CNHIK6_NHJIK610_16748 FE2 fe2 17792 Lancer_K02_calcul_remise_parc.sh NHTX122XXXXNN FIN
2011/12/05 22:09:19 IFA_BNHIK6_NHJIK610_18552 FE1 fe1 19184 Lancer_K02_calcul_remise_parc.sh NHTX122XXXXNN FIN
2011/12/05 22:11:04 IFA_ENHIK6_NHJIK610_25946 FE4 fe4 7117 Lancer_K02_calcul_remise_parc.sh NHTX122XXXXNN FIN
2011/12/06 23:42:31 IFA_CNHIK6_NHJIK610_9147 FE2 fe2 14786 Lancer_K02_calcul_remise_parc.sh NHTX122XXXXNN FIN
2011/12/06 23:42:32 IFA_ENHIK6_NHJIK610_9357 FE4 fe4 15274 Lancer_K02_calcul_remise_parc.sh NHTX122XXXXNN FIN
2011/12/06 23:42:33 IFA_BNHIK6_NHJIK610_9573 FE1 fe1 15809 Lancer_K02_calcul_remise_parc.sh NHTX122XXXXNN FIN
2011/12/06 23:42:37 IFA_DNHIK6_NHJIK610_11221 FE3 fe3 17803 Lancer_K02_calcul_remise_parc.sh NHTX122XXXXNN FIN
2011/12/07 21:51:24 IFA_CNHIK6_NHJIK610_23071 FE2 fe2 23866 Lancer_K02_calcul_remise_parc.sh NHTX122XXXXNN FIN
2011/12/07 21:53:34 IFA_DNHIK6_NHJIK610_28242 FE3 fe3 29057 Lancer_K02_calcul_remise_parc.sh NHTX122XXXXNN FIN
2011/12/07 21:53:56 IFA_ENHIK6_NHJIK610_143 FE4 fe4 1335 Lancer_K02_calcul_remise_parc.sh NHTX122XXXXNN FIN
2011/12/07 21:54:37 IFA_BNHIK6_NHJIK610_3128 FE1 fe1 3871 Lancer_K02_calcul_remise_parc.sh NHTX122XXXXNN FIN
2011/12/08 23:44:11 IFA_CNHIK6_NHJIK610_2160 FE2 fe2 8178 Lancer_K02_calcul_remise_parc.sh NHTX122XXXXNN FIN
2011/12/08 23:45:29 IFA_DNHIK6_NHJIK610_8043 FE3 fe3 18837 Lancer_K02_calcul_remise_parc.sh NHTX122XXXXNN FIN
2011/12/08 23:45:39 IFA_BNHIK6_NHJIK610_19009 FE1 fe1 23699 Lancer_K02_calcul_remise_parc.sh NHTX122XXXXNN FIN
2011/12/08 23:46:44 IFA_ENHIK6_NHJIK610_7949 FE4 fe4 8605 Lancer_K02_calcul_remise_parc.sh NHTX122XXXXNN FIN
2011/12/10 07:57:47 IFA_CNHIK6_NHJIK610_28496 FE2 fe2 28945 Lancer_K02_calcul_remise_parc.sh NHTX122XXXXNN FIN
2011/12/10 07:58:42 IFA_BNHIK6_NHJIK610_17747 FE1 fe1 23542 Lancer_K02_calcul_remise_parc.sh NHTX122XXXXNN FIN
2011/12/10 07:58:58 IFA_DNHIK6_NHJIK610_25844 FE3 fe3 2096 Lancer_K02_calcul_remise_parc.sh NHTX122XXXXNN FIN
2011/12/10 07:59:23 IFA_ENHIK6_NHJIK610_8464 FE4 fe4 14453 Lancer_K02_calcul_remise_parc.sh NHTX122XXXXNN FIN
2011/12/12 23:14:08 IFA_CNHIK6_NHJIK610_1920 FE2 fe2 8155 Lancer_K02_calcul_remise_parc.sh NHTX122XXXXNN FIN
2011/12/12 23:15:09 IFA_BNHIK6_NHJIK610_12779 FE1 fe1 13620 Lancer_K02_calcul_remise_parc.sh NHTX122XXXXNN FIN
2011/12/12 23:15:14 IFA_ENHIK6_NHJIK610_13311 FE4 fe4 14117 Lancer_K02_calcul_remise_parc.sh NHTX122XXXXNN FIN
2011/12/12 23:16:27 IFA_DNHIK6_NHJIK610_18882 FE3 fe3 19253 Lancer_K02_calcul_remise_parc.sh NHTX122XXXXNN FIN
2011/12/13 21:35:55 IFA_BNHIK6_NHJIK610_1713 FE1 fe1 7944 Lancer_K02_calcul_remise_parc.sh NHTX122XXXXNN FIN
2011/12/13 21:37:55 IFA_CNHIK6_NHJIK610_17862 FE2 fe2 18567 Lancer_K02_calcul_remise_parc.sh NHTX122XXXXNN FIN
2011/12/13 21:38:08 IFA_ENHIK6_NHJIK610_18677 FE4 fe4 19743 Lancer_K02_calcul_remise_parc.sh NHTX122XXXXNN FIN
2011/12/13 21:40:05 IFA_DNHIK6_NHJIK610_1446 FE3 fe3 2108 Lancer_K02_calcul_remise_parc.sh NHTX122XXXXNN FIN
2011/12/14 22:00:16 IFA_CNHIK6_NHJIK610_10130 FE2 fe2 10748 Lancer_K02_calcul_remise_parc.sh NHTX122XXXXNN FIN
2011/12/14 22:00:45 IFA_ENHIK6_NHJIK610_13366 FE4 fe4 14843 Lancer_K02_calcul_remise_parc.sh NHTX122XXXXNN FIN
2011/12/14 22:01:05 IFA_DNHIK6_NHJIK610_16307 FE3 fe3 17570 Lancer_K02_calcul_remise_parc.sh NHTX122XXXXNN FIN
2011/12/14 22:01:12 IFA_BNHIK6_NHJIK610_16976 FE1 fe1 18020 Lancer_K02_calcul_remise_parc.sh NHTX122XXXXNN FIN
2011/12/15 22:20:56 IFA_DNHIK6_NHJIK610_21328 FE3 fe3 28971 Lancer_K02_calcul_remise_parc.sh NHTX122XXXXNN FIN
2011/12/15 22:21:07 IFA_CNHIK6_NHJIK610_28299 FE2 fe2 4894 Lancer_K02_calcul_remise_parc.sh NHTX122XXXXNN FIN
2011/12/15 22:22:30 IFA_BNHIK6_NHJIK610_8399 FE1 fe1 14256 Lancer_K02_calcul_remise_parc.sh NHTX122XXXXNN FIN
2011/12/15 22:24:51 IFA_ENHIK6_NHJIK610_5429 FE4 fe4 7152 Lancer_K02_calcul_remise_parc.sh NHTX122XXXXNN FIN
2011/12/17 07:11:38 IFA_CNHIK6_NHJIK610_6303 FE2 fe2 12368 Lancer_K02_calcul_remise_parc.sh NHTX122XXXXNN FIN
2011/12/17 07:11:42 IFA_BNHIK6_NHJIK610_8538 FE1 fe1 14531 Lancer_K02_calcul_remise_parc.sh NHTX122XXXXNN FIN
2011/12/17 07:12:19 IFA_DNHIK6_NHJIK610_27514 FE3 fe3 3446 Lancer_K02_calcul_remise_parc.sh NHTX122XXXXNN FIN
2011/12/17 07:12:52 IFA_ENHIK6_NHJIK610_14232 FE4 fe4 19501 Lancer_K02_calcul_remise_parc.sh NHTX122XXXXNN FIN
2011/12/19 21:30:59 IFA_CNHIK6_NHJIK610_10710 FE2 fe2 18492 Lancer_K02_calcul_remise_parc.sh NHTX122XXXXNN FIN
2011/12/19 21:31:38 IFA_BNHIK6_NHJIK610_29951 FE1 fe1 6987 Lancer_K02_calcul_remise_parc.sh NHTX122XXXXNN FIN
2011/12/19 21:32:40 IFA_DNHIK6_NHJIK610_28777 FE3 fe3 29244 Lancer_K02_calcul_remise_parc.sh NHTX122XXXXNN FIN
2011/12/19 21:33:32 IFA_ENHIK6_NHJIK610_1860 FE4 fe4 2357 Lancer_K02_calcul_remise_parc.sh NHTX122XXXXNN FIN
2011/12/20 21:18:58 IFA_DNHIK6_NHJIK610_23746 FE3 fe3 1118 Lancer_K02_calcul_remise_parc.sh NHTX122XXXXNN FIN
2011/12/20 21:19:12 IFA_BNHIK6_NHJIK610_1259 FE1 fe1 8395 Lancer_K02_calcul_remise_parc.sh NHTX122XXXXNN FIN
2011/12/20 21:21:25 IFA_ENHIK6_NHJIK610_3099 FE4 fe4 10616 Lancer_K02_calcul_remise_parc.sh NHTX122XXXXNN FIN
2011/12/20 21:22:42 IFA_CNHIK6_NHJIK610_26107 FE2 fe2 3454 Lancer_K02_calcul_remise_parc.sh NHTX122XXXXNN FIN
2011/12/21 21:21:56 IFA_ENHIK6_NHJIK610_2099 FE4 fe4 8201 Lancer_K02_calcul_remise_parc.sh NHTX122XXXXNN FIN
2011/12/21 21:21:57 IFA_BNHIK6_NHJIK610_1951 FE1 fe1 8688 Lancer_K02_calcul_remise_parc.sh NHTX122XXXXNN FIN
2011/12/21 21:21:57 IFA_DNHIK6_NHJIK610_2020 FE3 fe3 8776 Lancer_K02_calcul_remise_parc.sh NHTX122XXXXNN FIN
2011/12/21 21:21:58 IFA_CNHIK6_NHJIK610_1858 FE2 fe2 9011 Lancer_K02_calcul_remise_parc.sh NHTX122XXXXNN FIN
2011/12/22 21:18:10 IFA_BNHIK6_NHJIK610_23079 FE1 fe1 23303 Lancer_K02_calcul_remise_parc.sh NHTX122XXXXNN FIN
2011/12/22 21:18:52 IFA_ENHIK6_NHJIK610_25375 FE4 fe4 25619 Lancer_K02_calcul_remise_parc.sh NHTX122XXXXNN FIN
2011/12/22 21:20:03 IFA_DNHIK6_NHJIK610_1840 FE3 fe3 2595 Lancer_K02_calcul_remise_parc.sh NHTX122XXXXNN FIN
2011/12/22 21:21:08 IFA_CNHIK6_NHJIK610_5508 FE2 fe2 7383 Lancer_K02_calcul_remise_parc.sh NHTX122XXXXNN FIN
2011/12/24 07:01:56 IFA_CNHIK6_NHJIK610_5087 FE2 fe2 9447 Lancer_K02_calcul_remise_parc.sh NHTX122XXXXNN FIN
2011/12/24 07:02:49 IFA_DNHIK6_NHJIK610_1552 FE3 fe3 5960 Lancer_K02_calcul_remise_parc.sh NHTX122XXXXNN FIN
2011/12/24 07:02:52 IFA_BNHIK6_NHJIK610_3411 FE1 fe1 7634 Lancer_K02_calcul_remise_parc.sh NHTX122XXXXNN FIN
2011/12/24 07:02:53 IFA_ENHIK6_NHJIK610_3604 FE4 fe4 7881 Lancer_K02_calcul_remise_parc.sh NHTX122XXXXNN FIN
2011/12/27 23:21:29 IFA_CNHIK6_NHJIK610_2140 FE2 fe2 2819 Lancer_K02_calcul_remise_parc.sh NHTX122XXXXNN FIN
2011/12/27 23:21:59 IFA_BNHIK6_NHJIK610_7123 FE1 fe1 11348 Lancer_K02_calcul_remise_parc.sh NHTX122XXXXNN FIN
2011/12/27 23:22:11 IFA_DNHIK6_NHJIK610_12994 FE3 fe3 17374 Lancer_K02_calcul_remise_parc.sh NHTX122XXXXNN FIN
2011/12/27 23:22:40 IFA_ENHIK6_NHJIK610_27907 FE4 fe4 2218 Lancer_K02_calcul_remise_parc.sh NHTX122XXXXNN FIN
2011/12/28 23:30:46 IFA_DNHIK6_NHJIK610_15478 FE3 fe3 19529 Lancer_K02_calcul_remise_parc.sh NHTX122XXXXNN FIN
2011/12/28 23:31:19 IFA_CNHIK6_NHJIK610_2184 FE2 fe2 6284 Lancer_K02_calcul_remise_parc.sh NHTX122XXXXNN FIN
2011/12/28 23:32:18 IFA_ENHIK6_NHJIK610_12270 FE4 fe4 13101 Lancer_K02_calcul_remise_parc.sh NHTX122XXXXNN FIN
2011/12/28 23:32:31 IFA_BNHIK6_NHJIK610_13569 FE1 fe1 14194 Lancer_K02_calcul_remise_parc.sh NHTX122XXXXNN FIN
2012/02/16 21:52:03 IFA_DNHIK6_NHJIK610_29416 FE3 fe3 149 Lancer_K02_calcul_remise_parc.sh NHTX122XXXXNN FIN
2012/02/16 21:53:17 IFA_CNHIK6_NHJIK610_8004 FE2 fe2 8667 Lancer_K02_calcul_remise_parc.sh NHTX122XXXXNN FIN
2012/02/16 21:53:36 IFA_ENHIK6_NHJIK610_9274 FE4 fe4 10398 Lancer_K02_calcul_remise_parc.sh NHTX122XXXXNN FIN
2012/02/16 21:55:13 IFA_BNHIK6_NHJIK610_16402 FE1 fe1 18228 Lancer_K02_calcul_remise_parc.sh NHTX122XXXXNN FIN
