2011/12/31 05:16:44 IFA_CNHIK6_NHJIK610_20081 FE2 fe2 20155 Lancer_K02_calcul_nb_obj.sh NHTX121XXXXNN DEBUT 30/12/2011
2011/12/31 05:16:47 IFA_CNHIK6_NHJIK610_20081 FE2 fe2 20155 Lancer_K02_calcul_nb_obj.sh NHTX122XXXXNN FIN
2011/12/31 05:17:17 IFA_BNHIK6_NHJIK610_28321 FE1 fe1 29675 Lancer_K02_calcul_nb_obj.sh NHTX121XXXXNN DEBUT 30/12/2011
2011/12/31 05:17:20 IFA_BNHIK6_NHJIK610_28321 FE1 fe1 29675 Lancer_K02_calcul_nb_obj.sh NHTX122XXXXNN FIN
2011/12/31 05:17:42 IFA_ENHIK6_NHJIK610_11711 FE4 fe4 13133 Lancer_K02_calcul_nb_obj.sh NHTX121XXXXNN DEBUT 30/12/2011
2011/12/31 05:17:46 IFA_ENHIK6_NHJIK610_11711 FE4 fe4 13133 Lancer_K02_calcul_nb_obj.sh NHTX122XXXXNN FIN
2011/12/31 05:17:52 IFA_DNHIK6_NHJIK610_16456 FE3 fe3 17929 Lancer_K02_calcul_nb_obj.sh NHTX121XXXXNN DEBUT 30/12/2011
2011/12/31 05:17:55 IFA_DNHIK6_NHJIK610_16456 FE3 fe3 17929 Lancer_K02_calcul_nb_obj.sh NHTX122XXXXNN FIN
2012/01/02 22:33:11 IFA_DNHIK6_NHJIK610_26765 FE3 fe3 27095 Lancer_K02_calcul_nb_obj.sh NHTX121XXXXNN DEBUT 02/01/2012
2012/01/02 22:33:26 IFA_DNHIK6_NHJIK610_26765 FE3 fe3 27095 Lancer_K02_calcul_nb_obj.sh NHTX122XXXXNN FIN
2012/01/02 22:34:39 IFA_ENHIK6_NHJIK610_2156 FE4 fe4 3357 Lancer_K02_calcul_nb_obj.sh NHTX121XXXXNN DEBUT 02/01/2012
2012/01/02 22:34:59 IFA_ENHIK6_NHJIK610_2156 FE4 fe4 3357 Lancer_K02_calcul_nb_obj.sh NHTX122XXXXNN FIN
2012/01/02 22:41:15 IFA_CNHIK6_NHJIK610_15644 FE2 fe2 16129 Lancer_K02_calcul_nb_obj.sh NHTX121XXXXNN DEBUT 02/01/2012
2012/01/02 22:41:30 IFA_CNHIK6_NHJIK610_15644 FE2 fe2 16129 Lancer_K02_calcul_nb_obj.sh NHTX122XXXXNN FIN
2012/01/02 22:48:14 IFA_BNHIK6_NHJIK610_19690 FE1 fe1 2789 Lancer_K02_calcul_nb_obj.sh NHTX121XXXXNN DEBUT 02/01/2012
2012/01/02 22:48:28 IFA_BNHIK6_NHJIK610_19690 FE1 fe1 2789 Lancer_K02_calcul_nb_obj.sh NHTX122XXXXNN FIN
2012/01/03 21:28:38 IFA_CNHIK6_NHJIK610_4454 FE2 fe2 4632 Lancer_K02_calcul_nb_obj.sh NHTX121XXXXNN DEBUT 03/01/2012
2012/01/03 21:28:53 IFA_CNHIK6_NHJIK610_4454 FE2 fe2 4632 Lancer_K02_calcul_nb_obj.sh NHTX122XXXXNN FIN
2012/01/03 21:37:03 IFA_DNHIK6_NHJIK610_6741 FE3 fe3 7032 Lancer_K02_calcul_nb_obj.sh NHTX121XXXXNN DEBUT 03/01/2012
2012/01/03 21:37:18 IFA_DNHIK6_NHJIK610_6741 FE3 fe3 7032 Lancer_K02_calcul_nb_obj.sh NHTX122XXXXNN FIN
2012/01/03 21:40:33 IFA_ENHIK6_NHJIK610_10706 FE4 fe4 16221 Lancer_K02_calcul_nb_obj.sh NHTX121XXXXNN DEBUT 03/01/2012
2012/01/03 21:40:52 IFA_ENHIK6_NHJIK610_10706 FE4 fe4 16221 Lancer_K02_calcul_nb_obj.sh NHTX122XXXXNN FIN
2012/01/03 22:02:57 IFA_BNHIK6_NHJIK610_23784 FE1 fe1 24138 Lancer_K02_calcul_nb_obj.sh NHTX121XXXXNN DEBUT 03/01/2012
2012/01/03 22:03:17 IFA_BNHIK6_NHJIK610_23784 FE1 fe1 24138 Lancer_K02_calcul_nb_obj.sh NHTX122XXXXNN FIN
2012/01/04 22:34:23 IFA_DNHIK6_NHJIK610_17678 FE3 fe3 17854 Lancer_K02_calcul_nb_obj.sh NHTX121XXXXNN DEBUT 04/01/2012
2012/01/04 22:34:28 IFA_DNHIK6_NHJIK610_17678 FE3 fe3 17854 Lancer_K02_calcul_nb_obj.sh NHTX122XXXXNN FIN
2012/01/04 22:35:20 IFA_CNHIK6_NHJIK610_19339 FE2 fe2 19560 Lancer_K02_calcul_nb_obj.sh NHTX121XXXXNN DEBUT 04/01/2012
2012/01/04 22:35:27 IFA_CNHIK6_NHJIK610_19339 FE2 fe2 19560 Lancer_K02_calcul_nb_obj.sh NHTX122XXXXNN FIN
2012/01/04 22:36:39 IFA_BNHIK6_NHJIK610_22023 FE1 fe1 25342 Lancer_K02_calcul_nb_obj.sh NHTX121XXXXNN DEBUT 04/01/2012
2012/01/04 22:36:47 IFA_BNHIK6_NHJIK610_22023 FE1 fe1 25342 Lancer_K02_calcul_nb_obj.sh NHTX122XXXXNN FIN
2012/01/04 22:36:52 IFA_ENHIK6_NHJIK610_29585 FE4 fe4 1837 Lancer_K02_calcul_nb_obj.sh NHTX121XXXXNN DEBUT 04/01/2012
2012/01/04 22:37:04 IFA_ENHIK6_NHJIK610_29585 FE4 fe4 1837 Lancer_K02_calcul_nb_obj.sh NHTX122XXXXNN FIN
2012/01/05 22:23:27 IFA_BNHIK6_NHJIK610_28237 FE1 fe1 28364 Lancer_K02_calcul_nb_obj.sh NHTX121XXXXNN DEBUT 05/01/2012
2012/01/05 22:23:36 IFA_BNHIK6_NHJIK610_28237 FE1 fe1 28364 Lancer_K02_calcul_nb_obj.sh NHTX122XXXXNN FIN
2012/01/05 22:23:48 IFA_DNHIK6_NHJIK610_28806 FE3 fe3 28968 Lancer_K02_calcul_nb_obj.sh NHTX121XXXXNN DEBUT 05/01/2012
2012/01/05 22:23:52 IFA_DNHIK6_NHJIK610_28806 FE3 fe3 28968 Lancer_K02_calcul_nb_obj.sh NHTX122XXXXNN FIN
2012/01/05 22:24:00 IFA_ENHIK6_NHJIK610_29836 FE4 fe4 315 Lancer_K02_calcul_nb_obj.sh NHTX121XXXXNN DEBUT 05/01/2012
2012/01/05 22:24:05 IFA_ENHIK6_NHJIK610_29836 FE4 fe4 315 Lancer_K02_calcul_nb_obj.sh NHTX122XXXXNN FIN
2012/01/05 22:24:53 IFA_CNHIK6_NHJIK610_3530 FE2 fe2 4234 Lancer_K02_calcul_nb_obj.sh NHTX121XXXXNN DEBUT 05/01/2012
2012/01/05 22:25:01 IFA_CNHIK6_NHJIK610_3530 FE2 fe2 4234 Lancer_K02_calcul_nb_obj.sh NHTX122XXXXNN FIN
2012/01/07 08:15:50 IFA_CNHIK6_NHJIK610_7089 FE2 fe2 7270 Lancer_K02_calcul_nb_obj.sh NHTX121XXXXNN DEBUT 06/01/2012
2012/01/07 08:15:55 IFA_CNHIK6_NHJIK610_7089 FE2 fe2 7270 Lancer_K02_calcul_nb_obj.sh NHTX122XXXXNN FIN
2012/01/07 08:16:17 IFA_DNHIK6_NHJIK610_8657 FE3 fe3 9397 Lancer_K02_calcul_nb_obj.sh NHTX121XXXXNN DEBUT 06/01/2012
2012/01/07 08:16:20 IFA_ENHIK6_NHJIK610_9223 FE4 fe4 9486 Lancer_K02_calcul_nb_obj.sh NHTX121XXXXNN DEBUT 06/01/2012
2012/01/07 08:16:23 IFA_DNHIK6_NHJIK610_8657 FE3 fe3 9397 Lancer_K02_calcul_nb_obj.sh NHTX122XXXXNN FIN
2012/01/07 08:16:26 IFA_ENHIK6_NHJIK610_9223 FE4 fe4 9486 Lancer_K02_calcul_nb_obj.sh NHTX122XXXXNN FIN
2012/01/07 08:16:46 IFA_BNHIK6_NHJIK610_11544 FE1 fe1 11989 Lancer_K02_calcul_nb_obj.sh NHTX121XXXXNN DEBUT 06/01/2012
2012/01/07 08:16:53 IFA_BNHIK6_NHJIK610_11544 FE1 fe1 11989 Lancer_K02_calcul_nb_obj.sh NHTX122XXXXNN FIN
2012/01/09 22:02:53 IFA_CNHIK6_NHJIK610_1832 FE2 fe2 4146 Lancer_K02_calcul_nb_obj.sh NHTX121XXXXNN DEBUT 09/01/2012
2012/01/09 22:03:00 IFA_CNHIK6_NHJIK610_1832 FE2 fe2 4146 Lancer_K02_calcul_nb_obj.sh NHTX122XXXXNN FIN
2012/01/09 22:05:14 IFA_ENHIK6_NHJIK610_9409 FE4 fe4 11556 Lancer_K02_calcul_nb_obj.sh NHTX121XXXXNN DEBUT 09/01/2012
2012/01/09 22:05:20 IFA_ENHIK6_NHJIK610_9409 FE4 fe4 11556 Lancer_K02_calcul_nb_obj.sh NHTX122XXXXNN FIN
2012/01/09 22:10:12 IFA_DNHIK6_NHJIK610_7731 FE3 fe3 8559 Lancer_K02_calcul_nb_obj.sh NHTX121XXXXNN DEBUT 09/01/2012
2012/01/09 22:10:17 IFA_DNHIK6_NHJIK610_7731 FE3 fe3 8559 Lancer_K02_calcul_nb_obj.sh NHTX122XXXXNN FIN
2012/01/09 22:13:41 IFA_BNHIK6_NHJIK610_9769 FE1 fe1 11989 Lancer_K02_calcul_nb_obj.sh NHTX121XXXXNN DEBUT 09/01/2012
2012/01/09 22:13:49 IFA_BNHIK6_NHJIK610_9769 FE1 fe1 11989 Lancer_K02_calcul_nb_obj.sh NHTX122XXXXNN FIN
2012/01/10 22:12:35 IFA_CNHIK6_NHJIK610_5278 FE2 fe2 7300 Lancer_K02_calcul_nb_obj.sh NHTX121XXXXNN DEBUT 10/01/2012
2012/01/10 22:12:40 IFA_CNHIK6_NHJIK610_5278 FE2 fe2 7300 Lancer_K02_calcul_nb_obj.sh NHTX122XXXXNN FIN
2012/01/10 22:16:30 IFA_DNHIK6_NHJIK610_12856 FE3 fe3 13130 Lancer_K02_calcul_nb_obj.sh NHTX121XXXXNN DEBUT 10/01/2012
2012/01/10 22:16:35 IFA_DNHIK6_NHJIK610_12856 FE3 fe3 13130 Lancer_K02_calcul_nb_obj.sh NHTX122XXXXNN FIN
2012/01/10 22:17:17 IFA_BNHIK6_NHJIK610_18001 FE1 fe1 18738 Lancer_K02_calcul_nb_obj.sh NHTX121XXXXNN DEBUT 10/01/2012
2012/01/10 22:17:22 IFA_BNHIK6_NHJIK610_18001 FE1 fe1 18738 Lancer_K02_calcul_nb_obj.sh NHTX122XXXXNN FIN
2012/01/10 22:17:47 IFA_ENHIK6_NHJIK610_26453 FE4 fe4 27221 Lancer_K02_calcul_nb_obj.sh NHTX121XXXXNN DEBUT 10/01/2012
2012/01/10 22:17:52 IFA_ENHIK6_NHJIK610_26453 FE4 fe4 27221 Lancer_K02_calcul_nb_obj.sh NHTX122XXXXNN FIN
2012/01/11 21:27:14 IFA_ENHIK6_NHJIK610_3398 FE4 fe4 3764 Lancer_K02_calcul_nb_obj.sh NHTX121XXXXNN DEBUT 11/01/2012
2012/01/11 21:27:19 IFA_ENHIK6_NHJIK610_3398 FE4 fe4 3764 Lancer_K02_calcul_nb_obj.sh NHTX122XXXXNN FIN
2012/01/11 21:27:51 IFA_CNHIK6_NHJIK610_9144 FE2 fe2 9588 Lancer_K02_calcul_nb_obj.sh NHTX121XXXXNN DEBUT 11/01/2012
2012/01/11 21:27:56 IFA_CNHIK6_NHJIK610_9144 FE2 fe2 9588 Lancer_K02_calcul_nb_obj.sh NHTX122XXXXNN FIN
2012/01/11 21:29:28 IFA_BNHIK6_NHJIK610_16619 FE1 fe1 18651 Lancer_K02_calcul_nb_obj.sh NHTX121XXXXNN DEBUT 11/01/2012
2012/01/11 21:29:33 IFA_BNHIK6_NHJIK610_16619 FE1 fe1 18651 Lancer_K02_calcul_nb_obj.sh NHTX122XXXXNN FIN
2012/01/11 21:30:49 IFA_DNHIK6_NHJIK610_26460 FE3 fe3 29012 Lancer_K02_calcul_nb_obj.sh NHTX121XXXXNN DEBUT 11/01/2012
2012/01/11 21:30:54 IFA_DNHIK6_NHJIK610_26460 FE3 fe3 29012 Lancer_K02_calcul_nb_obj.sh NHTX122XXXXNN FIN
2012/01/12 21:21:55 IFA_ENHIK6_NHJIK610_1719 FE4 fe4 4054 Lancer_K02_calcul_nb_obj.sh NHTX121XXXXNN DEBUT 12/01/2012
2012/01/12 21:22:01 IFA_ENHIK6_NHJIK610_1719 FE4 fe4 4054 Lancer_K02_calcul_nb_obj.sh NHTX122XXXXNN FIN
2012/01/12 21:22:54 IFA_DNHIK6_NHJIK610_2272 FE3 fe3 3313 Lancer_K02_calcul_nb_obj.sh NHTX121XXXXNN DEBUT 12/01/2012
2012/01/12 21:22:58 IFA_DNHIK6_NHJIK610_2272 FE3 fe3 3313 Lancer_K02_calcul_nb_obj.sh NHTX122XXXXNN FIN
2012/01/12 21:24:47 IFA_CNHIK6_NHJIK610_9949 FE2 fe2 10398 Lancer_K02_calcul_nb_obj.sh NHTX121XXXXNN DEBUT 12/01/2012
2012/01/12 21:24:52 IFA_CNHIK6_NHJIK610_9949 FE2 fe2 10398 Lancer_K02_calcul_nb_obj.sh NHTX122XXXXNN FIN
2012/01/12 21:25:34 IFA_BNHIK6_NHJIK610_15682 FE1 fe1 16592 Lancer_K02_calcul_nb_obj.sh NHTX121XXXXNN DEBUT 12/01/2012
2012/01/12 21:25:40 IFA_BNHIK6_NHJIK610_15682 FE1 fe1 16592 Lancer_K02_calcul_nb_obj.sh NHTX122XXXXNN FIN
2012/01/14 06:38:59 IFA_CNHIK6_NHJIK610_5022 FE2 fe2 7148 Lancer_K02_calcul_nb_obj.sh NHTX121XXXXNN DEBUT 13/01/2012
2012/01/14 06:39:04 IFA_CNHIK6_NHJIK610_5022 FE2 fe2 7148 Lancer_K02_calcul_nb_obj.sh NHTX122XXXXNN FIN
2012/01/14 06:39:25 IFA_BNHIK6_NHJIK610_17408 FE1 fe1 20532 Lancer_K02_calcul_nb_obj.sh NHTX121XXXXNN DEBUT 13/01/2012
2012/01/14 06:39:30 IFA_BNHIK6_NHJIK610_17408 FE1 fe1 20532 Lancer_K02_calcul_nb_obj.sh NHTX122XXXXNN FIN
2012/01/14 06:39:42 IFA_ENHIK6_NHJIK610_26348 FE4 fe4 29044 Lancer_K02_calcul_nb_obj.sh NHTX121XXXXNN DEBUT 13/01/2012
2012/01/14 06:39:47 IFA_ENHIK6_NHJIK610_26348 FE4 fe4 29044 Lancer_K02_calcul_nb_obj.sh NHTX122XXXXNN FIN
2012/01/14 06:40:10 IFA_DNHIK6_NHJIK610_11277 FE3 fe3 13162 Lancer_K02_calcul_nb_obj.sh NHTX121XXXXNN DEBUT 13/01/2012
2012/01/14 06:40:15 IFA_DNHIK6_NHJIK610_11277 FE3 fe3 13162 Lancer_K02_calcul_nb_obj.sh NHTX122XXXXNN FIN
2012/01/16 21:39:28 IFA_BNHIK6_NHJIK610_21761 FE1 fe1 24134 Lancer_K02_calcul_nb_obj.sh NHTX121XXXXNN DEBUT 16/01/2012
2012/01/16 21:39:33 IFA_BNHIK6_NHJIK610_21761 FE1 fe1 24134 Lancer_K02_calcul_nb_obj.sh NHTX122XXXXNN FIN
2012/01/16 21:40:36 IFA_CNHIK6_NHJIK610_4947 FE2 fe2 5402 Lancer_K02_calcul_nb_obj.sh NHTX121XXXXNN DEBUT 16/01/2012
2012/01/16 21:40:40 IFA_CNHIK6_NHJIK610_4947 FE2 fe2 5402 Lancer_K02_calcul_nb_obj.sh NHTX122XXXXNN FIN
2012/01/16 21:41:07 IFA_ENHIK6_NHJIK610_8207 FE4 fe4 8509 Lancer_K02_calcul_nb_obj.sh NHTX121XXXXNN DEBUT 16/01/2012
2012/01/16 21:41:12 IFA_ENHIK6_NHJIK610_8207 FE4 fe4 8509 Lancer_K02_calcul_nb_obj.sh NHTX122XXXXNN FIN
2012/01/16 21:41:31 IFA_DNHIK6_NHJIK610_10372 FE3 fe3 10737 Lancer_K02_calcul_nb_obj.sh NHTX121XXXXNN DEBUT 16/01/2012
2012/01/16 21:41:36 IFA_DNHIK6_NHJIK610_10372 FE3 fe3 10737 Lancer_K02_calcul_nb_obj.sh NHTX122XXXXNN FIN
2012/01/18 21:46:01 IFA_BNHIK6_NHJIK610_12360 FE1 fe1 14835 Lancer_K02_calcul_nb_obj.sh NHTX121XXXXNN DEBUT 18/01/2012
2012/01/18 21:46:05 IFA_BNHIK6_NHJIK610_12360 FE1 fe1 14835 Lancer_K02_calcul_nb_obj.sh NHTX122XXXXNN FIN
2012/01/18 21:46:27 IFA_CNHIK6_NHJIK610_26164 FE2 fe2 28441 Lancer_K02_calcul_nb_obj.sh NHTX121XXXXNN DEBUT 18/01/2012
2012/01/18 21:46:29 IFA_ENHIK6_NHJIK610_27422 FE4 fe4 29804 Lancer_K02_calcul_nb_obj.sh NHTX121XXXXNN DEBUT 18/01/2012
2012/01/18 21:46:31 IFA_CNHIK6_NHJIK610_26164 FE2 fe2 28441 Lancer_K02_calcul_nb_obj.sh NHTX122XXXXNN FIN
2012/01/18 21:46:34 IFA_ENHIK6_NHJIK610_27422 FE4 fe4 29804 Lancer_K02_calcul_nb_obj.sh NHTX122XXXXNN FIN
2012/01/18 21:46:50 IFA_DNHIK6_NHJIK610_5816 FE3 fe3 6403 Lancer_K02_calcul_nb_obj.sh NHTX121XXXXNN DEBUT 18/01/2012
2012/01/18 21:46:55 IFA_DNHIK6_NHJIK610_5816 FE3 fe3 6403 Lancer_K02_calcul_nb_obj.sh NHTX122XXXXNN FIN
2012/01/20 02:23:31 IFA_CNHIK6_NHJIK610_4129 FE2 fe2 4539 Lancer_K02_calcul_nb_obj.sh NHTX121XXXXNN DEBUT 20/01/2012
2012/01/20 02:23:36 IFA_CNHIK6_NHJIK610_4129 FE2 fe2 4539 Lancer_K02_calcul_nb_obj.sh NHTX122XXXXNN FIN
2012/01/20 02:24:58 IFA_INHIK6_NHJIK610_9725 FE8 fe8 9963 Lancer_K02_calcul_nb_obj.sh NHTX121XXXXNN DEBUT 20/01/2012
2012/01/20 02:25:02 IFA_INHIK6_NHJIK610_9725 FE8 fe8 9963 Lancer_K02_calcul_nb_obj.sh NHTX122XXXXNN FIN
2012/01/20 02:25:21 IFA_HNHIK6_NHJIK610_11961 FE7 fe7 12497 Lancer_K02_calcul_nb_obj.sh NHTX121XXXXNN DEBUT 20/01/2012
2012/01/20 02:25:27 IFA_HNHIK6_NHJIK610_11961 FE7 fe7 12497 Lancer_K02_calcul_nb_obj.sh NHTX122XXXXNN FIN
2012/01/20 02:26:24 IFA_BNHIK6_NHJIK610_19065 FE1 fe1 20940 Lancer_K02_calcul_nb_obj.sh NHTX121XXXXNN DEBUT 20/01/2012
2012/01/20 02:26:29 IFA_BNHIK6_NHJIK610_19065 FE1 fe1 20940 Lancer_K02_calcul_nb_obj.sh NHTX122XXXXNN FIN
2012/01/20 02:28:10 IFA_ENHIK6_NHJIK610_2668 FE4 fe4 4916 Lancer_K02_calcul_nb_obj.sh NHTX121XXXXNN DEBUT 20/01/2012
2012/01/20 02:28:14 IFA_ENHIK6_NHJIK610_2668 FE4 fe4 4916 Lancer_K02_calcul_nb_obj.sh NHTX122XXXXNN FIN
2012/01/20 02:28:54 IFA_DNHIK6_NHJIK610_27506 FE3 fe3 220 Lancer_K02_calcul_nb_obj.sh NHTX121XXXXNN DEBUT 20/01/2012
2012/01/20 02:28:58 IFA_DNHIK6_NHJIK610_27506 FE3 fe3 220 Lancer_K02_calcul_nb_obj.sh NHTX122XXXXNN FIN
2012/01/21 06:52:35 IFA_HNHIK6_NHJIK610_18966 FE7 fe7 20904 Lancer_K02_calcul_nb_obj.sh NHTX121XXXXNN DEBUT 21/01/2012
2012/01/21 06:52:39 IFA_CNHIK6_NHJIK610_21191 FE2 fe2 22884 Lancer_K02_calcul_nb_obj.sh NHTX121XXXXNN DEBUT 21/01/2012
2012/01/21 06:52:39 IFA_HNHIK6_NHJIK610_18966 FE7 fe7 20904 Lancer_K02_calcul_nb_obj.sh NHTX122XXXXNN FIN
2012/01/21 06:52:43 IFA_CNHIK6_NHJIK610_21191 FE2 fe2 22884 Lancer_K02_calcul_nb_obj.sh NHTX122XXXXNN FIN
2012/01/21 06:52:54 IFA_BNHIK6_NHJIK610_27789 FE1 fe1 153 Lancer_K02_calcul_nb_obj.sh NHTX121XXXXNN DEBUT 21/01/2012
2012/01/21 06:52:58 IFA_BNHIK6_NHJIK610_27789 FE1 fe1 153 Lancer_K02_calcul_nb_obj.sh NHTX122XXXXNN FIN
2012/01/21 06:53:40 IFA_DNHIK6_NHJIK610_20719 FE3 fe3 22593 Lancer_K02_calcul_nb_obj.sh NHTX121XXXXNN DEBUT 21/01/2012
2012/01/21 06:53:45 IFA_DNHIK6_NHJIK610_20719 FE3 fe3 22593 Lancer_K02_calcul_nb_obj.sh NHTX122XXXXNN FIN
2012/01/21 06:53:52 IFA_ENHIK6_NHJIK610_25697 FE4 fe4 27805 Lancer_K02_calcul_nb_obj.sh NHTX121XXXXNN DEBUT 21/01/2012
2012/01/21 06:53:57 IFA_ENHIK6_NHJIK610_25697 FE4 fe4 27805 Lancer_K02_calcul_nb_obj.sh NHTX122XXXXNN FIN
2012/01/21 06:54:18 IFA_INHIK6_NHJIK610_8655 FE8 fe8 10369 Lancer_K02_calcul_nb_obj.sh NHTX121XXXXNN DEBUT 21/01/2012
2012/01/21 06:54:22 IFA_INHIK6_NHJIK610_8655 FE8 fe8 10369 Lancer_K02_calcul_nb_obj.sh NHTX122XXXXNN FIN
2012/01/23 21:26:07 IFA_DNHIK6_NHJIK610_13954 FE3 fe3 14075 Lancer_K02_calcul_nb_obj.sh NHTX121XXXXNN DEBUT 23/01/2012
2012/01/23 21:26:11 IFA_DNHIK6_NHJIK610_13954 FE3 fe3 14075 Lancer_K02_calcul_nb_obj.sh NHTX122XXXXNN FIN
2012/01/23 21:26:45 IFA_CNHIK6_NHJIK610_17317 FE2 fe2 17503 Lancer_K02_calcul_nb_obj.sh NHTX121XXXXNN DEBUT 23/01/2012
2012/01/23 21:26:49 IFA_CNHIK6_NHJIK610_17317 FE2 fe2 17503 Lancer_K02_calcul_nb_obj.sh NHTX122XXXXNN FIN
2012/01/23 21:27:41 IFA_BNHIK6_NHJIK610_22062 FE1 fe1 22464 Lancer_K02_calcul_nb_obj.sh NHTX121XXXXNN DEBUT 23/01/2012
2012/01/23 21:27:41 IFA_ENHIK6_NHJIK610_22169 FE4 fe4 22494 Lancer_K02_calcul_nb_obj.sh NHTX121XXXXNN DEBUT 23/01/2012
2012/01/23 21:27:45 IFA_BNHIK6_NHJIK610_22062 FE1 fe1 22464 Lancer_K02_calcul_nb_obj.sh NHTX122XXXXNN FIN
2012/01/23 21:27:46 IFA_ENHIK6_NHJIK610_22169 FE4 fe4 22494 Lancer_K02_calcul_nb_obj.sh NHTX122XXXXNN FIN
2012/01/24 21:15:19 IFA_DNHIK6_NHJIK610_11852 FE3 fe3 13683 Lancer_K02_calcul_nb_obj.sh NHTX121XXXXNN DEBUT 24/01/2012
2012/01/24 21:15:23 IFA_DNHIK6_NHJIK610_11852 FE3 fe3 13683 Lancer_K02_calcul_nb_obj.sh NHTX122XXXXNN FIN
2012/01/24 21:16:19 IFA_CNHIK6_NHJIK610_12375 FE2 fe2 14342 Lancer_K02_calcul_nb_obj.sh NHTX121XXXXNN DEBUT 24/01/2012
2012/01/24 21:16:23 IFA_CNHIK6_NHJIK610_12375 FE2 fe2 14342 Lancer_K02_calcul_nb_obj.sh NHTX122XXXXNN FIN
2012/01/24 21:17:20 IFA_BNHIK6_NHJIK610_12392 FE1 fe1 14548 Lancer_K02_calcul_nb_obj.sh NHTX121XXXXNN DEBUT 24/01/2012
2012/01/24 21:17:25 IFA_BNHIK6_NHJIK610_12392 FE1 fe1 14548 Lancer_K02_calcul_nb_obj.sh NHTX122XXXXNN FIN
2012/01/24 21:19:38 IFA_ENHIK6_NHJIK610_2226 FE4 fe4 2386 Lancer_K02_calcul_nb_obj.sh NHTX121XXXXNN DEBUT 24/01/2012
2012/01/24 21:19:42 IFA_ENHIK6_NHJIK610_2226 FE4 fe4 2386 Lancer_K02_calcul_nb_obj.sh NHTX122XXXXNN FIN
2012/01/26 21:52:47 IFA_BNHIK6_NHJIK610_13068 FE1 fe1 15204 Lancer_K02_calcul_nb_obj.sh NHTX121XXXXNN DEBUT 26/01/2012
2012/01/26 21:52:52 IFA_BNHIK6_NHJIK610_13068 FE1 fe1 15204 Lancer_K02_calcul_nb_obj.sh NHTX122XXXXNN FIN
2012/01/26 21:52:56 IFA_DNHIK6_NHJIK610_17858 FE3 fe3 19738 Lancer_K02_calcul_nb_obj.sh NHTX121XXXXNN DEBUT 26/01/2012
2012/01/26 21:53:00 IFA_DNHIK6_NHJIK610_17858 FE3 fe3 19738 Lancer_K02_calcul_nb_obj.sh NHTX122XXXXNN FIN
2012/01/26 21:54:59 IFA_CNHIK6_NHJIK610_17150 FE2 fe2 19008 Lancer_K02_calcul_nb_obj.sh NHTX121XXXXNN DEBUT 26/01/2012
2012/01/26 21:55:06 IFA_CNHIK6_NHJIK610_17150 FE2 fe2 19008 Lancer_K02_calcul_nb_obj.sh NHTX122XXXXNN FIN
2012/01/26 21:58:47 IFA_ENHIK6_NHJIK610_2002 FE4 fe4 2621 Lancer_K02_calcul_nb_obj.sh NHTX121XXXXNN DEBUT 26/01/2012
2012/01/26 21:58:51 IFA_ENHIK6_NHJIK610_2002 FE4 fe4 2621 Lancer_K02_calcul_nb_obj.sh NHTX122XXXXNN FIN
2012/01/28 10:25:17 IFA_BNHIK6_NHJIK610_782 FE1 fe1 2841 Lancer_K02_calcul_nb_obj.sh NHTX121XXXXNN DEBUT 27/01/2012
2012/01/28 10:25:22 IFA_BNHIK6_NHJIK610_782 FE1 fe1 2841 Lancer_K02_calcul_nb_obj.sh NHTX122XXXXNN FIN
2012/01/28 10:25:35 IFA_CNHIK6_NHJIK610_10584 FE2 fe2 12572 Lancer_K02_calcul_nb_obj.sh NHTX121XXXXNN DEBUT 27/01/2012
2012/01/28 10:25:40 IFA_CNHIK6_NHJIK610_10584 FE2 fe2 12572 Lancer_K02_calcul_nb_obj.sh NHTX122XXXXNN FIN
2012/01/28 10:25:49 IFA_ENHIK6_NHJIK610_17480 FE4 fe4 19499 Lancer_K02_calcul_nb_obj.sh NHTX121XXXXNN DEBUT 27/01/2012
2012/01/28 10:25:53 IFA_ENHIK6_NHJIK610_17480 FE4 fe4 19499 Lancer_K02_calcul_nb_obj.sh NHTX122XXXXNN FIN
2012/01/28 10:25:54 IFA_DNHIK6_NHJIK610_20522 FE3 fe3 22452 Lancer_K02_calcul_nb_obj.sh NHTX121XXXXNN DEBUT 27/01/2012
2012/01/28 10:25:59 IFA_DNHIK6_NHJIK610_20522 FE3 fe3 22452 Lancer_K02_calcul_nb_obj.sh NHTX122XXXXNN FIN
2012/01/30 21:56:24 IFA_HNHIK6_NHJIK610_22343 FE7 fe7 23082 Lancer_K02_calcul_nb_obj.sh NHTX121XXXXNN DEBUT 30/01/2012
2012/01/30 21:56:28 IFA_HNHIK6_NHJIK610_22343 FE7 fe7 23082 Lancer_K02_calcul_nb_obj.sh NHTX122XXXXNN FIN
2012/01/30 21:57:25 IFA_CNHIK6_NHJIK610_553 FE2 fe2 1194 Lancer_K02_calcul_nb_obj.sh NHTX121XXXXNN DEBUT 30/01/2012
2012/01/30 21:57:27 IFA_BNHIK6_NHJIK610_952 FE1 fe1 1420 Lancer_K02_calcul_nb_obj.sh NHTX121XXXXNN DEBUT 30/01/2012
2012/01/30 21:57:29 IFA_CNHIK6_NHJIK610_553 FE2 fe2 1194 Lancer_K02_calcul_nb_obj.sh NHTX122XXXXNN FIN
2012/01/30 21:57:32 IFA_BNHIK6_NHJIK610_952 FE1 fe1 1420 Lancer_K02_calcul_nb_obj.sh NHTX122XXXXNN FIN
2012/01/30 21:59:57 IFA_INHIK6_NHJIK610_2194 FE8 fe8 4398 Lancer_K02_calcul_nb_obj.sh NHTX121XXXXNN DEBUT 30/01/2012
2012/01/30 22:00:01 IFA_INHIK6_NHJIK610_2194 FE8 fe8 4398 Lancer_K02_calcul_nb_obj.sh NHTX122XXXXNN FIN
2012/01/30 22:00:01 IFA_DNHIK6_NHJIK610_4635 FE3 fe3 6453 Lancer_K02_calcul_nb_obj.sh NHTX121XXXXNN DEBUT 30/01/2012
2012/01/30 22:00:05 IFA_DNHIK6_NHJIK610_4635 FE3 fe3 6453 Lancer_K02_calcul_nb_obj.sh NHTX122XXXXNN FIN
2012/01/30 22:03:07 IFA_ENHIK6_NHJIK610_4506 FE4 fe4 6793 Lancer_K02_calcul_nb_obj.sh NHTX121XXXXNN DEBUT 30/01/2012
2012/01/30 22:03:12 IFA_ENHIK6_NHJIK610_4506 FE4 fe4 6793 Lancer_K02_calcul_nb_obj.sh NHTX122XXXXNN FIN
2012/02/01 00:01:25 IFA_HNHIK6_NHJIK610_24684 FE7 fe7 27470 Lancer_K02_calcul_nb_obj.sh NHTX121XXXXNN DEBUT 31/01/2012
2012/02/01 00:01:30 IFA_HNHIK6_NHJIK610_24684 FE7 fe7 27470 Lancer_K02_calcul_nb_obj.sh NHTX122XXXXNN FIN
2012/02/01 00:01:43 IFA_BNHIK6_NHJIK610_4254 FE1 fe1 6954 Lancer_K02_calcul_nb_obj.sh NHTX121XXXXNN DEBUT 31/01/2012
2012/02/01 00:01:48 IFA_BNHIK6_NHJIK610_4254 FE1 fe1 6954 Lancer_K02_calcul_nb_obj.sh NHTX122XXXXNN FIN
2012/02/01 00:02:12 IFA_ENHIK6_NHJIK610_19456 FE4 fe4 21642 Lancer_K02_calcul_nb_obj.sh NHTX121XXXXNN DEBUT 31/01/2012
2012/02/01 00:02:17 IFA_ENHIK6_NHJIK610_19456 FE4 fe4 21642 Lancer_K02_calcul_nb_obj.sh NHTX122XXXXNN FIN
2012/02/01 00:03:06 IFA_DNHIK6_NHJIK610_14538 FE3 fe3 16403 Lancer_K02_calcul_nb_obj.sh NHTX121XXXXNN DEBUT 31/01/2012
2012/02/01 00:03:10 IFA_DNHIK6_NHJIK610_14538 FE3 fe3 16403 Lancer_K02_calcul_nb_obj.sh NHTX122XXXXNN FIN
2012/02/01 00:03:40 IFA_CNHIK6_NHJIK610_29818 FE2 fe2 1810 Lancer_K02_calcul_nb_obj.sh NHTX121XXXXNN DEBUT 31/01/2012
2012/02/01 00:03:44 IFA_CNHIK6_NHJIK610_29818 FE2 fe2 1810 Lancer_K02_calcul_nb_obj.sh NHTX122XXXXNN FIN
2012/02/01 00:06:12 IFA_INHIK6_NHJIK610_6463 FE8 fe8 9223 Lancer_K02_calcul_nb_obj.sh NHTX121XXXXNN DEBUT 31/01/2012
2012/02/01 00:06:17 IFA_INHIK6_NHJIK610_6463 FE8 fe8 9223 Lancer_K02_calcul_nb_obj.sh NHTX122XXXXNN FIN
2012/02/02 22:33:34 IFA_ENHIK6_NHJIK610_18944 FE4 fe4 24966 Lancer_K02_calcul_nb_obj.sh NHTX121XXXXNN DEBUT 02/02/2012
2012/02/02 22:33:42 IFA_CNHIK6_NHJIK610_24750 FE2 fe2 28656 Lancer_K02_calcul_nb_obj.sh NHTX121XXXXNN DEBUT 02/02/2012
2012/02/02 22:33:45 IFA_ENHIK6_NHJIK610_18944 FE4 fe4 24966 Lancer_K02_calcul_nb_obj.sh NHTX122XXXXNN FIN
2012/02/02 22:33:47 IFA_DNHIK6_NHJIK610_26876 FE3 fe3 1159 Lancer_K02_calcul_nb_obj.sh NHTX121XXXXNN DEBUT 02/02/2012
2012/02/02 22:33:49 IFA_CNHIK6_NHJIK610_24750 FE2 fe2 28656 Lancer_K02_calcul_nb_obj.sh NHTX122XXXXNN FIN
2012/02/02 22:33:53 IFA_DNHIK6_NHJIK610_26876 FE3 fe3 1159 Lancer_K02_calcul_nb_obj.sh NHTX122XXXXNN FIN
2012/02/02 22:34:19 IFA_BNHIK6_NHJIK610_11740 FE1 fe1 17604 Lancer_K02_calcul_nb_obj.sh NHTX121XXXXNN DEBUT 02/02/2012
2012/02/02 22:34:25 IFA_BNHIK6_NHJIK610_11740 FE1 fe1 17604 Lancer_K02_calcul_nb_obj.sh NHTX122XXXXNN FIN
2012/02/04 12:27:34 IFA_DNHIK6_NHJIK610_7760 FE3 fe3 11493 Lancer_K02_calcul_nb_obj.sh NHTX121XXXXNN DEBUT 04/02/2012
2012/02/04 12:27:41 IFA_DNHIK6_NHJIK610_7760 FE3 fe3 11493 Lancer_K02_calcul_nb_obj.sh NHTX122XXXXNN FIN
2012/02/04 12:30:31 IFA_CNHIK6_NHJIK610_16330 FE2 fe2 16520 Lancer_K02_calcul_nb_obj.sh NHTX121XXXXNN DEBUT 04/02/2012
2012/02/04 12:30:37 IFA_CNHIK6_NHJIK610_16330 FE2 fe2 16520 Lancer_K02_calcul_nb_obj.sh NHTX122XXXXNN FIN
2012/02/04 12:33:12 IFA_BNHIK6_NHJIK610_19655 FE1 fe1 19851 Lancer_K02_calcul_nb_obj.sh NHTX121XXXXNN DEBUT 04/02/2012
2012/02/04 12:33:17 IFA_BNHIK6_NHJIK610_19655 FE1 fe1 19851 Lancer_K02_calcul_nb_obj.sh NHTX122XXXXNN FIN
2012/02/04 12:33:33 IFA_ENHIK6_NHJIK610_20478 FE4 fe4 21137 Lancer_K02_calcul_nb_obj.sh NHTX121XXXXNN DEBUT 04/02/2012
2012/02/04 12:33:39 IFA_ENHIK6_NHJIK610_20478 FE4 fe4 21137 Lancer_K02_calcul_nb_obj.sh NHTX122XXXXNN FIN
2012/02/06 22:03:37 IFA_DNHIK6_NHJIK610_1650 FE3 fe3 2014 Lancer_K02_calcul_nb_obj.sh NHTX121XXXXNN DEBUT 06/02/2012
2012/02/06 22:03:43 IFA_DNHIK6_NHJIK610_1650 FE3 fe3 2014 Lancer_K02_calcul_nb_obj.sh NHTX122XXXXNN FIN
2012/02/06 22:04:45 IFA_BNHIK6_NHJIK610_5703 FE1 fe1 5883 Lancer_K02_calcul_nb_obj.sh NHTX121XXXXNN DEBUT 06/02/2012
2012/02/06 22:04:49 IFA_BNHIK6_NHJIK610_5703 FE1 fe1 5883 Lancer_K02_calcul_nb_obj.sh NHTX122XXXXNN FIN
2012/02/06 22:06:24 IFA_CNHIK6_NHJIK610_9011 FE2 fe2 9143 Lancer_K02_calcul_nb_obj.sh NHTX121XXXXNN DEBUT 06/02/2012
2012/02/06 22:06:30 IFA_CNHIK6_NHJIK610_9011 FE2 fe2 9143 Lancer_K02_calcul_nb_obj.sh NHTX122XXXXNN FIN
2012/02/06 22:07:24 IFA_ENHIK6_NHJIK610_12417 FE4 fe4 13334 Lancer_K02_calcul_nb_obj.sh NHTX121XXXXNN DEBUT 06/02/2012
2012/02/06 22:07:30 IFA_ENHIK6_NHJIK610_12417 FE4 fe4 13334 Lancer_K02_calcul_nb_obj.sh NHTX122XXXXNN FIN
2012/02/08 22:14:03 IFA_DNHIK6_NHJIK610_4286 FE3 fe3 4439 Lancer_K02_calcul_nb_obj.sh NHTX121XXXXNN DEBUT 08/02/2012
2012/02/08 22:14:08 IFA_DNHIK6_NHJIK610_4286 FE3 fe3 4439 Lancer_K02_calcul_nb_obj.sh NHTX122XXXXNN FIN
2012/02/08 22:14:55 IFA_BNHIK6_NHJIK610_7475 FE1 fe1 7612 Lancer_K02_calcul_nb_obj.sh NHTX121XXXXNN DEBUT 08/02/2012
2012/02/08 22:15:00 IFA_BNHIK6_NHJIK610_7475 FE1 fe1 7612 Lancer_K02_calcul_nb_obj.sh NHTX122XXXXNN FIN
2012/02/08 22:16:11 IFA_CNHIK6_NHJIK610_10127 FE2 fe2 10272 Lancer_K02_calcul_nb_obj.sh NHTX121XXXXNN DEBUT 08/02/2012
2012/02/08 22:16:15 IFA_CNHIK6_NHJIK610_10127 FE2 fe2 10272 Lancer_K02_calcul_nb_obj.sh NHTX122XXXXNN FIN
2012/02/08 22:19:11 IFA_ENHIK6_NHJIK610_13672 FE4 fe4 15444 Lancer_K02_calcul_nb_obj.sh NHTX121XXXXNN DEBUT 08/02/2012
2012/02/08 22:19:17 IFA_ENHIK6_NHJIK610_13672 FE4 fe4 15444 Lancer_K02_calcul_nb_obj.sh NHTX122XXXXNN FIN
2012/02/09 21:32:15 IFA_DNHIK6_NHJIK610_19938 FE3 fe3 20076 Lancer_K02_calcul_nb_obj.sh NHTX121XXXXNN DEBUT 09/02/2012
2012/02/09 21:32:20 IFA_DNHIK6_NHJIK610_19938 FE3 fe3 20076 Lancer_K02_calcul_nb_obj.sh NHTX122XXXXNN FIN
2012/02/09 21:32:27 IFA_CNHIK6_NHJIK610_20741 FE2 fe2 21032 Lancer_K02_calcul_nb_obj.sh NHTX121XXXXNN DEBUT 09/02/2012
2012/02/09 21:32:34 IFA_CNHIK6_NHJIK610_20741 FE2 fe2 21032 Lancer_K02_calcul_nb_obj.sh NHTX122XXXXNN FIN
2012/02/09 21:36:17 IFA_ENHIK6_NHJIK610_17762 FE4 fe4 20010 Lancer_K02_calcul_nb_obj.sh NHTX121XXXXNN DEBUT 09/02/2012
2012/02/09 21:36:23 IFA_ENHIK6_NHJIK610_17762 FE4 fe4 20010 Lancer_K02_calcul_nb_obj.sh NHTX122XXXXNN FIN
2012/02/09 21:37:10 IFA_BNHIK6_NHJIK610_14790 FE1 fe1 17082 Lancer_K02_calcul_nb_obj.sh NHTX121XXXXNN DEBUT 09/02/2012
2012/02/09 21:37:24 IFA_BNHIK6_NHJIK610_14790 FE1 fe1 17082 Lancer_K02_calcul_nb_obj.sh NHTX122XXXXNN FIN
2012/02/11 05:38:26 IFA_CNHIK6_NHJIK610_12743 FE2 fe2 13273 Lancer_K02_calcul_nb_obj.sh NHTX121XXXXNN DEBUT 10/02/2012
2012/02/11 05:38:28 IFA_BNHIK6_NHJIK610_13153 FE1 fe1 13295 Lancer_K02_calcul_nb_obj.sh NHTX121XXXXNN DEBUT 10/02/2012
2012/02/11 05:38:30 IFA_CNHIK6_NHJIK610_12743 FE2 fe2 13273 Lancer_K02_calcul_nb_obj.sh NHTX122XXXXNN FIN
2012/02/11 05:38:33 IFA_BNHIK6_NHJIK610_13153 FE1 fe1 13295 Lancer_K02_calcul_nb_obj.sh NHTX122XXXXNN FIN
2012/02/11 05:39:31 IFA_DNHIK6_NHJIK610_18600 FE3 fe3 19059 Lancer_K02_calcul_nb_obj.sh NHTX121XXXXNN DEBUT 10/02/2012
2012/02/11 05:39:34 IFA_ENHIK6_NHJIK610_18974 FE4 fe4 19213 Lancer_K02_calcul_nb_obj.sh NHTX121XXXXNN DEBUT 10/02/2012
2012/02/11 05:39:35 IFA_DNHIK6_NHJIK610_18600 FE3 fe3 19059 Lancer_K02_calcul_nb_obj.sh NHTX122XXXXNN FIN
2012/02/11 05:39:39 IFA_ENHIK6_NHJIK610_18974 FE4 fe4 19213 Lancer_K02_calcul_nb_obj.sh NHTX122XXXXNN FIN
2012/02/13 21:51:24 IFA_BNHIK6_NHJIK610_22405 FE1 fe1 22536 Lancer_K02_calcul_nb_obj.sh NHTX121XXXXNN DEBUT 13/02/2012
2012/02/13 21:51:28 IFA_BNHIK6_NHJIK610_22405 FE1 fe1 22536 Lancer_K02_calcul_nb_obj.sh NHTX122XXXXNN FIN
2012/02/13 21:52:56 IFA_DNHIK6_NHJIK610_23048 FE3 fe3 24747 Lancer_K02_calcul_nb_obj.sh NHTX121XXXXNN DEBUT 13/02/2012
2012/02/13 21:53:00 IFA_DNHIK6_NHJIK610_23048 FE3 fe3 24747 Lancer_K02_calcul_nb_obj.sh NHTX122XXXXNN FIN
2012/02/13 21:53:10 IFA_ENHIK6_NHJIK610_308 FE4 fe4 2056 Lancer_K02_calcul_nb_obj.sh NHTX121XXXXNN DEBUT 13/02/2012
2012/02/13 21:53:14 IFA_ENHIK6_NHJIK610_308 FE4 fe4 2056 Lancer_K02_calcul_nb_obj.sh NHTX122XXXXNN FIN
2012/02/13 21:54:20 IFA_CNHIK6_NHJIK610_3414 FE2 fe2 4992 Lancer_K02_calcul_nb_obj.sh NHTX121XXXXNN DEBUT 13/02/2012
2012/02/13 21:54:24 IFA_CNHIK6_NHJIK610_3414 FE2 fe2 4992 Lancer_K02_calcul_nb_obj.sh NHTX122XXXXNN FIN
2012/02/14 21:12:06 IFA_CNHIK6_NHJIK610_5372 FE2 fe2 5515 Lancer_K02_calcul_nb_obj.sh NHTX121XXXXNN DEBUT 14/02/2012
2012/02/14 21:12:06 IFA_BNHIK6_NHJIK610_5331 FE1 fe1 5514 Lancer_K02_calcul_nb_obj.sh NHTX121XXXXNN DEBUT 14/02/2012
2012/02/14 21:12:06 IFA_DNHIK6_NHJIK610_5428 FE3 fe3 5545 Lancer_K02_calcul_nb_obj.sh NHTX121XXXXNN DEBUT 14/02/2012
2012/02/14 21:12:08 IFA_ENHIK6_NHJIK610_5459 FE4 fe4 5570 Lancer_K02_calcul_nb_obj.sh NHTX121XXXXNN DEBUT 14/02/2012
2012/02/14 21:12:11 IFA_CNHIK6_NHJIK610_5372 FE2 fe2 5515 Lancer_K02_calcul_nb_obj.sh NHTX122XXXXNN FIN
2012/02/14 21:12:11 IFA_BNHIK6_NHJIK610_5331 FE1 fe1 5514 Lancer_K02_calcul_nb_obj.sh NHTX122XXXXNN FIN
2012/02/14 21:12:11 IFA_DNHIK6_NHJIK610_5428 FE3 fe3 5545 Lancer_K02_calcul_nb_obj.sh NHTX122XXXXNN FIN
2012/02/14 21:12:13 IFA_ENHIK6_NHJIK610_5459 FE4 fe4 5570 Lancer_K02_calcul_nb_obj.sh NHTX122XXXXNN FIN
2012/02/15 22:36:41 IFA_CNHIK6_NHJIK610_14942 FE2 fe2 17165 Lancer_K02_calcul_nb_obj.sh NHTX121XXXXNN DEBUT 15/02/2012
2012/02/15 22:36:46 IFA_CNHIK6_NHJIK610_14942 FE2 fe2 17165 Lancer_K02_calcul_nb_obj.sh NHTX122XXXXNN FIN
2012/02/15 22:37:14 IFA_DNHIK6_NHJIK610_1883 FE3 fe3 3681 Lancer_K02_calcul_nb_obj.sh NHTX121XXXXNN DEBUT 15/02/2012
2012/02/15 22:37:19 IFA_DNHIK6_NHJIK610_1883 FE3 fe3 3681 Lancer_K02_calcul_nb_obj.sh NHTX122XXXXNN FIN
2012/02/15 22:37:19 IFA_ENHIK6_NHJIK610_4191 FE4 fe4 6197 Lancer_K02_calcul_nb_obj.sh NHTX121XXXXNN DEBUT 15/02/2012
2012/02/15 22:37:23 IFA_ENHIK6_NHJIK610_4191 FE4 fe4 6197 Lancer_K02_calcul_nb_obj.sh NHTX122XXXXNN FIN
2012/02/15 22:39:27 IFA_BNHIK6_NHJIK610_7612 FE1 fe1 7852 Lancer_K02_calcul_nb_obj.sh NHTX121XXXXNN DEBUT 15/02/2012
2012/02/15 22:39:31 IFA_BNHIK6_NHJIK610_7612 FE1 fe1 7852 Lancer_K02_calcul_nb_obj.sh NHTX122XXXXNN FIN
2011/10/18 21:32:32 IFA_BNHIK6_NHJIK610_23037 FE1 fe1 23981 Lancer_K02_calcul_nb_obj.sh NHTX121XXXXNN DEBUT 18/10/2011
2011/10/18 21:32:37 IFA_BNHIK6_NHJIK610_23037 FE1 fe1 23981 Lancer_K02_calcul_nb_obj.sh NHTX122XXXXNN FIN
2011/10/18 21:32:55 IFA_ENHIK6_NHJIK610_26838 FE4 fe4 27171 Lancer_K02_calcul_nb_obj.sh NHTX121XXXXNN DEBUT 18/10/2011
2011/10/18 21:33:00 IFA_ENHIK6_NHJIK610_26838 FE4 fe4 27171 Lancer_K02_calcul_nb_obj.sh NHTX122XXXXNN FIN
2011/10/18 21:34:45 IFA_CNHIK6_NHJIK610_3246 FE2 fe2 3663 Lancer_K02_calcul_nb_obj.sh NHTX121XXXXNN DEBUT 18/10/2011
2011/10/18 21:34:51 IFA_CNHIK6_NHJIK610_3246 FE2 fe2 3663 Lancer_K02_calcul_nb_obj.sh NHTX122XXXXNN FIN
2011/10/18 21:35:08 IFA_DNHIK6_NHJIK610_5542 FE3 fe3 5910 Lancer_K02_calcul_nb_obj.sh NHTX121XXXXNN DEBUT 18/10/2011
2011/10/18 21:35:13 IFA_DNHIK6_NHJIK610_5542 FE3 fe3 5910 Lancer_K02_calcul_nb_obj.sh NHTX122XXXXNN FIN
2011/10/19 21:26:29 IFA_BNHIK6_NHJIK610_12055 FE1 fe1 12137 Lancer_K02_calcul_nb_obj.sh NHTX121XXXXNN DEBUT 19/10/2011
2011/10/19 21:26:35 IFA_BNHIK6_NHJIK610_12055 FE1 fe1 12137 Lancer_K02_calcul_nb_obj.sh NHTX122XXXXNN FIN
2011/10/19 21:27:21 IFA_CNHIK6_NHJIK610_16361 FE2 fe2 16489 Lancer_K02_calcul_nb_obj.sh NHTX121XXXXNN DEBUT 19/10/2011
2011/10/19 21:27:25 IFA_CNHIK6_NHJIK610_16361 FE2 fe2 16489 Lancer_K02_calcul_nb_obj.sh NHTX122XXXXNN FIN
2011/10/19 21:27:44 IFA_ENHIK6_NHJIK610_17002 FE4 fe4 17411 Lancer_K02_calcul_nb_obj.sh NHTX121XXXXNN DEBUT 19/10/2011
2011/10/19 21:27:48 IFA_ENHIK6_NHJIK610_17002 FE4 fe4 17411 Lancer_K02_calcul_nb_obj.sh NHTX122XXXXNN FIN
2011/10/19 21:28:31 IFA_DNHIK6_NHJIK610_20736 FE3 fe3 20890 Lancer_K02_calcul_nb_obj.sh NHTX121XXXXNN DEBUT 19/10/2011
2011/10/19 21:28:40 IFA_DNHIK6_NHJIK610_20736 FE3 fe3 20890 Lancer_K02_calcul_nb_obj.sh NHTX122XXXXNN FIN
2011/10/20 21:20:38 IFA_CNHIK6_NHJIK610_12591 FE2 fe2 13061 Lancer_K02_calcul_nb_obj.sh NHTX121XXXXNN DEBUT 20/10/2011
2011/10/20 21:20:43 IFA_CNHIK6_NHJIK610_12591 FE2 fe2 13061 Lancer_K02_calcul_nb_obj.sh NHTX122XXXXNN FIN
2011/10/20 21:21:15 IFA_DNHIK6_NHJIK610_16207 FE3 fe3 16662 Lancer_K02_calcul_nb_obj.sh NHTX121XXXXNN DEBUT 20/10/2011
2011/10/20 21:21:19 IFA_DNHIK6_NHJIK610_16207 FE3 fe3 16662 Lancer_K02_calcul_nb_obj.sh NHTX122XXXXNN FIN
2011/10/20 21:21:29 IFA_BNHIK6_NHJIK610_17191 FE1 fe1 17521 Lancer_K02_calcul_nb_obj.sh NHTX121XXXXNN DEBUT 20/10/2011
2011/10/20 21:21:34 IFA_BNHIK6_NHJIK610_17191 FE1 fe1 17521 Lancer_K02_calcul_nb_obj.sh NHTX122XXXXNN FIN
2011/10/20 21:22:56 IFA_ENHIK6_NHJIK610_22985 FE4 fe4 23144 Lancer_K02_calcul_nb_obj.sh NHTX121XXXXNN DEBUT 20/10/2011
2011/10/20 21:23:00 IFA_ENHIK6_NHJIK610_22985 FE4 fe4 23144 Lancer_K02_calcul_nb_obj.sh NHTX122XXXXNN FIN
2011/10/22 06:58:37 IFA_CNHIK6_NHJIK610_7778 FE2 fe2 7970 Lancer_K02_calcul_nb_obj.sh NHTX121XXXXNN DEBUT 21/10/2011
2011/10/22 06:58:41 IFA_CNHIK6_NHJIK610_7778 FE2 fe2 7970 Lancer_K02_calcul_nb_obj.sh NHTX122XXXXNN FIN
2011/10/22 06:58:41 IFA_BNHIK6_NHJIK610_8174 FE1 fe1 8321 Lancer_K02_calcul_nb_obj.sh NHTX121XXXXNN DEBUT 21/10/2011
2011/10/22 06:58:45 IFA_BNHIK6_NHJIK610_8174 FE1 fe1 8321 Lancer_K02_calcul_nb_obj.sh NHTX122XXXXNN FIN
2011/10/22 06:59:09 IFA_ENHIK6_NHJIK610_11583 FE4 fe4 12145 Lancer_K02_calcul_nb_obj.sh NHTX121XXXXNN DEBUT 21/10/2011
2011/10/22 06:59:13 IFA_ENHIK6_NHJIK610_11583 FE4 fe4 12145 Lancer_K02_calcul_nb_obj.sh NHTX122XXXXNN FIN
2011/10/22 06:59:25 IFA_DNHIK6_NHJIK610_13241 FE3 fe3 13508 Lancer_K02_calcul_nb_obj.sh NHTX121XXXXNN DEBUT 21/10/2011
2011/10/22 06:59:28 IFA_DNHIK6_NHJIK610_13241 FE3 fe3 13508 Lancer_K02_calcul_nb_obj.sh NHTX122XXXXNN FIN
2011/10/24 21:35:41 IFA_DNHIK6_NHJIK610_13645 FE3 fe3 15449 Lancer_K02_calcul_nb_obj.sh NHTX121XXXXNN DEBUT 24/10/2011
2011/10/24 21:35:45 IFA_DNHIK6_NHJIK610_13645 FE3 fe3 15449 Lancer_K02_calcul_nb_obj.sh NHTX122XXXXNN FIN
2011/10/24 21:36:22 IFA_CNHIK6_NHJIK610_3260 FE2 fe2 5104 Lancer_K02_calcul_nb_obj.sh NHTX121XXXXNN DEBUT 24/10/2011
2011/10/24 21:36:26 IFA_CNHIK6_NHJIK610_3260 FE2 fe2 5104 Lancer_K02_calcul_nb_obj.sh NHTX122XXXXNN FIN
2011/10/24 21:37:41 IFA_BNHIK6_NHJIK610_9043 FE1 fe1 9286 Lancer_K02_calcul_nb_obj.sh NHTX121XXXXNN DEBUT 24/10/2011
2011/10/24 21:37:45 IFA_BNHIK6_NHJIK610_9043 FE1 fe1 9286 Lancer_K02_calcul_nb_obj.sh NHTX122XXXXNN FIN
2011/10/24 21:38:45 IFA_ENHIK6_NHJIK610_13169 FE4 fe4 13446 Lancer_K02_calcul_nb_obj.sh NHTX121XXXXNN DEBUT 24/10/2011
2011/10/24 21:38:49 IFA_ENHIK6_NHJIK610_13169 FE4 fe4 13446 Lancer_K02_calcul_nb_obj.sh NHTX122XXXXNN FIN
2011/10/26 22:15:18 IFA_CNHIK6_NHJIK610_7969 FE2 fe2 8658 Lancer_K02_calcul_nb_obj.sh NHTX121XXXXNN DEBUT 26/10/2011
2011/10/26 22:15:21 IFA_CNHIK6_NHJIK610_7969 FE2 fe2 8658 Lancer_K02_calcul_nb_obj.sh NHTX122XXXXNN FIN
2011/10/26 22:17:05 IFA_ENHIK6_NHJIK610_25621 FE4 fe4 27469 Lancer_K02_calcul_nb_obj.sh NHTX121XXXXNN DEBUT 26/10/2011
2011/10/26 22:17:06 IFA_DNHIK6_NHJIK610_26342 FE3 fe3 27773 Lancer_K02_calcul_nb_obj.sh NHTX121XXXXNN DEBUT 26/10/2011
2011/10/26 22:17:09 IFA_ENHIK6_NHJIK610_25621 FE4 fe4 27469 Lancer_K02_calcul_nb_obj.sh NHTX122XXXXNN FIN
2011/10/26 22:17:09 IFA_DNHIK6_NHJIK610_26342 FE3 fe3 27773 Lancer_K02_calcul_nb_obj.sh NHTX122XXXXNN FIN
2011/10/26 22:18:16 IFA_BNHIK6_NHJIK610_455 FE1 fe1 2273 Lancer_K02_calcul_nb_obj.sh NHTX121XXXXNN DEBUT 26/10/2011
2011/10/26 22:18:19 IFA_BNHIK6_NHJIK610_455 FE1 fe1 2273 Lancer_K02_calcul_nb_obj.sh NHTX122XXXXNN FIN
2011/10/27 22:14:59 IFA_BNHIK6_NHJIK610_16234 FE1 fe1 16841 Lancer_K02_calcul_nb_obj.sh NHTX121XXXXNN DEBUT 27/10/2011
2011/10/27 22:15:02 IFA_BNHIK6_NHJIK610_16234 FE1 fe1 16841 Lancer_K02_calcul_nb_obj.sh NHTX122XXXXNN FIN
2011/10/27 22:15:47 IFA_CNHIK6_NHJIK610_25118 FE2 fe2 25240 Lancer_K02_calcul_nb_obj.sh NHTX121XXXXNN DEBUT 27/10/2011
2011/10/27 22:15:50 IFA_CNHIK6_NHJIK610_25118 FE2 fe2 25240 Lancer_K02_calcul_nb_obj.sh NHTX122XXXXNN FIN
2011/10/27 22:18:07 IFA_DNHIK6_NHJIK610_24016 FE3 fe3 25444 Lancer_K02_calcul_nb_obj.sh NHTX121XXXXNN DEBUT 27/10/2011
2011/10/27 22:18:10 IFA_DNHIK6_NHJIK610_24016 FE3 fe3 25444 Lancer_K02_calcul_nb_obj.sh NHTX122XXXXNN FIN
2011/10/27 22:18:28 IFA_ENHIK6_NHJIK610_5893 FE4 fe4 7557 Lancer_K02_calcul_nb_obj.sh NHTX121XXXXNN DEBUT 27/10/2011
2011/10/27 22:18:31 IFA_ENHIK6_NHJIK610_5893 FE4 fe4 7557 Lancer_K02_calcul_nb_obj.sh NHTX122XXXXNN FIN
2011/10/29 06:41:24 IFA_CNHIK6_NHJIK610_12516 FE2 fe2 12888 Lancer_K02_calcul_nb_obj.sh NHTX121XXXXNN DEBUT 28/10/2011
2011/10/29 06:41:27 IFA_CNHIK6_NHJIK610_12516 FE2 fe2 12888 Lancer_K02_calcul_nb_obj.sh NHTX122XXXXNN FIN
2011/10/29 06:41:44 IFA_BNHIK6_NHJIK610_14680 FE1 fe1 15342 Lancer_K02_calcul_nb_obj.sh NHTX121XXXXNN DEBUT 28/10/2011
2011/10/29 06:41:47 IFA_BNHIK6_NHJIK610_14680 FE1 fe1 15342 Lancer_K02_calcul_nb_obj.sh NHTX122XXXXNN FIN
2011/10/29 06:41:57 IFA_DNHIK6_NHJIK610_17029 FE3 fe3 17751 Lancer_K02_calcul_nb_obj.sh NHTX121XXXXNN DEBUT 28/10/2011
2011/10/29 06:41:59 IFA_ENHIK6_NHJIK610_17570 FE4 fe4 17853 Lancer_K02_calcul_nb_obj.sh NHTX121XXXXNN DEBUT 28/10/2011
2011/10/29 06:42:00 IFA_DNHIK6_NHJIK610_17029 FE3 fe3 17751 Lancer_K02_calcul_nb_obj.sh NHTX122XXXXNN FIN
2011/10/29 06:42:02 IFA_ENHIK6_NHJIK610_17570 FE4 fe4 17853 Lancer_K02_calcul_nb_obj.sh NHTX122XXXXNN FIN
2011/10/31 22:08:32 IFA_CNHIK6_NHJIK610_13255 FE2 fe2 13610 Lancer_K02_calcul_nb_obj.sh NHTX121XXXXNN DEBUT 31/10/2011
2011/10/31 22:08:32 IFA_BNHIK6_NHJIK610_13107 FE1 fe1 13628 Lancer_K02_calcul_nb_obj.sh NHTX121XXXXNN DEBUT 31/10/2011
2011/10/31 22:08:34 IFA_BNHIK6_NHJIK610_13107 FE1 fe1 13628 Lancer_K02_calcul_nb_obj.sh NHTX122XXXXNN FIN
2011/10/31 22:08:35 IFA_CNHIK6_NHJIK610_13255 FE2 fe2 13610 Lancer_K02_calcul_nb_obj.sh NHTX122XXXXNN FIN
2011/10/31 22:08:38 IFA_DNHIK6_NHJIK610_14085 FE3 fe3 14386 Lancer_K02_calcul_nb_obj.sh NHTX121XXXXNN DEBUT 31/10/2011
2011/10/31 22:08:41 IFA_DNHIK6_NHJIK610_14085 FE3 fe3 14386 Lancer_K02_calcul_nb_obj.sh NHTX122XXXXNN FIN
2011/10/31 22:09:15 IFA_ENHIK6_NHJIK610_18603 FE4 fe4 18735 Lancer_K02_calcul_nb_obj.sh NHTX121XXXXNN DEBUT 31/10/2011
2011/10/31 22:09:18 IFA_ENHIK6_NHJIK610_18603 FE4 fe4 18735 Lancer_K02_calcul_nb_obj.sh NHTX122XXXXNN FIN
2011/11/02 21:35:08 IFA_BNHIK6_NHJIK610_22302 FE1 fe1 23210 Lancer_K02_calcul_nb_obj.sh NHTX121XXXXNN DEBUT 02/11/2011
2011/11/02 21:35:10 IFA_CNHIK6_NHJIK610_22640 FE2 fe2 23232 Lancer_K02_calcul_nb_obj.sh NHTX121XXXXNN DEBUT 02/11/2011
2011/11/02 21:35:22 IFA_BNHIK6_NHJIK610_22302 FE1 fe1 23210 Lancer_K02_calcul_nb_obj.sh NHTX122XXXXNN FIN
2011/11/02 21:35:26 IFA_CNHIK6_NHJIK610_22640 FE2 fe2 23232 Lancer_K02_calcul_nb_obj.sh NHTX122XXXXNN FIN
2011/11/02 21:35:49 IFA_DNHIK6_NHJIK610_27011 FE3 fe3 3063 Lancer_K02_calcul_nb_obj.sh NHTX121XXXXNN DEBUT 02/11/2011
2011/11/02 21:36:05 IFA_DNHIK6_NHJIK610_27011 FE3 fe3 3063 Lancer_K02_calcul_nb_obj.sh NHTX122XXXXNN FIN
2011/11/02 21:39:28 IFA_ENHIK6_NHJIK610_12142 FE4 fe4 19038 Lancer_K02_calcul_nb_obj.sh NHTX121XXXXNN DEBUT 02/11/2011
2011/11/02 21:39:45 IFA_ENHIK6_NHJIK610_12142 FE4 fe4 19038 Lancer_K02_calcul_nb_obj.sh NHTX122XXXXNN FIN
2011/11/03 21:33:32 IFA_CNHIK6_NHJIK610_21955 FE2 fe2 22215 Lancer_K02_calcul_nb_obj.sh NHTX121XXXXNN DEBUT 03/11/2011
2011/11/03 21:33:46 IFA_CNHIK6_NHJIK610_21955 FE2 fe2 22215 Lancer_K02_calcul_nb_obj.sh NHTX122XXXXNN FIN
2011/11/03 21:42:25 IFA_ENHIK6_NHJIK610_17152 FE4 fe4 23085 Lancer_K02_calcul_nb_obj.sh NHTX121XXXXNN DEBUT 03/11/2011
2011/11/03 21:42:41 IFA_ENHIK6_NHJIK610_17152 FE4 fe4 23085 Lancer_K02_calcul_nb_obj.sh NHTX122XXXXNN FIN
2011/11/03 21:44:48 IFA_DNHIK6_NHJIK610_2206 FE3 fe3 2414 Lancer_K02_calcul_nb_obj.sh NHTX121XXXXNN DEBUT 03/11/2011
2011/11/03 21:44:50 IFA_BNHIK6_NHJIK610_1862 FE1 fe1 2436 Lancer_K02_calcul_nb_obj.sh NHTX121XXXXNN DEBUT 03/11/2011
2011/11/03 21:45:03 IFA_DNHIK6_NHJIK610_2206 FE3 fe3 2414 Lancer_K02_calcul_nb_obj.sh NHTX122XXXXNN FIN
2011/11/03 21:45:04 IFA_BNHIK6_NHJIK610_1862 FE1 fe1 2436 Lancer_K02_calcul_nb_obj.sh NHTX122XXXXNN FIN
2011/11/05 06:57:00 IFA_DNHIK6_NHJIK610_16640 FE3 fe3 18852 Lancer_K02_calcul_nb_obj.sh NHTX121XXXXNN DEBUT 04/11/2011
2011/11/05 06:57:11 IFA_DNHIK6_NHJIK610_16640 FE3 fe3 18852 Lancer_K02_calcul_nb_obj.sh NHTX122XXXXNN FIN
2011/11/05 06:59:56 IFA_CNHIK6_NHJIK610_14397 FE2 fe2 14605 Lancer_K02_calcul_nb_obj.sh NHTX121XXXXNN DEBUT 04/11/2011
2011/11/05 07:00:08 IFA_CNHIK6_NHJIK610_14397 FE2 fe2 14605 Lancer_K02_calcul_nb_obj.sh NHTX122XXXXNN FIN
2011/11/05 07:08:03 IFA_ENHIK6_NHJIK610_28964 FE4 fe4 29180 Lancer_K02_calcul_nb_obj.sh NHTX121XXXXNN DEBUT 04/11/2011
2011/11/05 07:08:13 IFA_ENHIK6_NHJIK610_28964 FE4 fe4 29180 Lancer_K02_calcul_nb_obj.sh NHTX122XXXXNN FIN
2011/11/05 07:34:19 IFA_BNHIK6_NHJIK610_24014 FE1 fe1 24308 Lancer_K02_calcul_nb_obj.sh NHTX121XXXXNN DEBUT 04/11/2011
2011/11/05 07:34:29 IFA_BNHIK6_NHJIK610_24014 FE1 fe1 24308 Lancer_K02_calcul_nb_obj.sh NHTX122XXXXNN FIN
2011/11/07 22:18:38 IFA_BNHIK6_NHJIK610_25941 FE1 fe1 26268 Lancer_K02_calcul_nb_obj.sh NHTX121XXXXNN DEBUT 07/11/2011
2011/11/07 22:18:46 IFA_BNHIK6_NHJIK610_25941 FE1 fe1 26268 Lancer_K02_calcul_nb_obj.sh NHTX122XXXXNN FIN
2011/11/07 22:21:16 IFA_DNHIK6_NHJIK610_3783 FE3 fe3 4053 Lancer_K02_calcul_nb_obj.sh NHTX121XXXXNN DEBUT 07/11/2011
2011/11/07 22:21:24 IFA_DNHIK6_NHJIK610_3783 FE3 fe3 4053 Lancer_K02_calcul_nb_obj.sh NHTX122XXXXNN FIN
2011/11/07 22:21:43 IFA_ENHIK6_NHJIK610_4576 FE4 fe4 4849 Lancer_K02_calcul_nb_obj.sh NHTX121XXXXNN DEBUT 07/11/2011
2011/11/07 22:21:48 IFA_ENHIK6_NHJIK610_4576 FE4 fe4 4849 Lancer_K02_calcul_nb_obj.sh NHTX122XXXXNN FIN
2011/11/07 22:23:11 IFA_CNHIK6_NHJIK610_13514 FE2 fe2 15526 Lancer_K02_calcul_nb_obj.sh NHTX121XXXXNN DEBUT 07/11/2011
2011/11/07 22:23:21 IFA_CNHIK6_NHJIK610_13514 FE2 fe2 15526 Lancer_K02_calcul_nb_obj.sh NHTX122XXXXNN FIN
2011/11/08 21:51:42 IFA_ENHIK6_NHJIK610_22051 FE4 fe4 24350 Lancer_K02_calcul_nb_obj.sh NHTX121XXXXNN DEBUT 08/11/2011
2011/11/08 21:51:43 IFA_CNHIK6_NHJIK610_22740 FE2 fe2 24887 Lancer_K02_calcul_nb_obj.sh NHTX121XXXXNN DEBUT 08/11/2011
2011/11/08 21:51:47 IFA_ENHIK6_NHJIK610_22051 FE4 fe4 24350 Lancer_K02_calcul_nb_obj.sh NHTX122XXXXNN FIN
2011/11/08 21:51:49 IFA_CNHIK6_NHJIK610_22740 FE2 fe2 24887 Lancer_K02_calcul_nb_obj.sh NHTX122XXXXNN FIN
2011/11/08 21:51:59 IFA_BNHIK6_NHJIK610_172 FE1 fe1 2553 Lancer_K02_calcul_nb_obj.sh NHTX121XXXXNN DEBUT 08/11/2011
2011/11/08 21:52:04 IFA_BNHIK6_NHJIK610_172 FE1 fe1 2553 Lancer_K02_calcul_nb_obj.sh NHTX122XXXXNN FIN
2011/11/08 21:52:09 IFA_DNHIK6_NHJIK610_5596 FE3 fe3 7999 Lancer_K02_calcul_nb_obj.sh NHTX121XXXXNN DEBUT 08/11/2011
2011/11/08 21:52:14 IFA_DNHIK6_NHJIK610_5596 FE3 fe3 7999 Lancer_K02_calcul_nb_obj.sh NHTX122XXXXNN FIN
2011/11/09 21:36:06 IFA_CNHIK6_NHJIK610_24339 FE2 fe2 24555 Lancer_K02_calcul_nb_obj.sh NHTX121XXXXNN DEBUT 09/11/2011
2011/11/09 21:36:11 IFA_CNHIK6_NHJIK610_24339 FE2 fe2 24555 Lancer_K02_calcul_nb_obj.sh NHTX122XXXXNN FIN
2011/11/09 21:39:05 IFA_DNHIK6_NHJIK610_27182 FE3 fe3 27639 Lancer_K02_calcul_nb_obj.sh NHTX121XXXXNN DEBUT 09/11/2011
2011/11/09 21:39:14 IFA_DNHIK6_NHJIK610_27182 FE3 fe3 27639 Lancer_K02_calcul_nb_obj.sh NHTX122XXXXNN FIN
2011/11/09 21:39:53 IFA_ENHIK6_NHJIK610_6147 FE4 fe4 8401 Lancer_K02_calcul_nb_obj.sh NHTX121XXXXNN DEBUT 09/11/2011
2011/11/09 21:40:03 IFA_ENHIK6_NHJIK610_6147 FE4 fe4 8401 Lancer_K02_calcul_nb_obj.sh NHTX122XXXXNN FIN
2011/11/09 21:46:47 IFA_BNHIK6_NHJIK610_24842 FE1 fe1 24942 Lancer_K02_calcul_nb_obj.sh NHTX121XXXXNN DEBUT 09/11/2011
2011/11/09 21:46:53 IFA_BNHIK6_NHJIK610_24842 FE1 fe1 24942 Lancer_K02_calcul_nb_obj.sh NHTX122XXXXNN FIN
2011/11/11 07:53:18 IFA_CNHIK6_NHJIK610_14733 FE2 fe2 17281 Lancer_K02_calcul_nb_obj.sh NHTX121XXXXNN DEBUT 10/11/2011
2011/11/11 07:53:23 IFA_CNHIK6_NHJIK610_14733 FE2 fe2 17281 Lancer_K02_calcul_nb_obj.sh NHTX122XXXXNN FIN
2011/11/11 07:53:33 IFA_BNHIK6_NHJIK610_22724 FE1 fe1 24525 Lancer_K02_calcul_nb_obj.sh NHTX121XXXXNN DEBUT 10/11/2011
2011/11/11 07:53:37 IFA_BNHIK6_NHJIK610_22724 FE1 fe1 24525 Lancer_K02_calcul_nb_obj.sh NHTX122XXXXNN FIN
2011/11/11 07:53:39 IFA_DNHIK6_NHJIK610_25452 FE3 fe3 27721 Lancer_K02_calcul_nb_obj.sh NHTX121XXXXNN DEBUT 10/11/2011
2011/11/11 07:53:44 IFA_DNHIK6_NHJIK610_25452 FE3 fe3 27721 Lancer_K02_calcul_nb_obj.sh NHTX122XXXXNN FIN
2011/11/11 07:54:25 IFA_ENHIK6_NHJIK610_19067 FE4 fe4 21138 Lancer_K02_calcul_nb_obj.sh NHTX121XXXXNN DEBUT 10/11/2011
2011/11/11 07:54:30 IFA_ENHIK6_NHJIK610_19067 FE4 fe4 21138 Lancer_K02_calcul_nb_obj.sh NHTX122XXXXNN FIN
2011/11/15 00:11:41 IFA_BNHIK6_NHJIK610_16062 FE1 fe1 20654 Lancer_K02_calcul_nb_obj.sh NHTX121XXXXNN DEBUT 14/11/2011
2011/11/15 00:11:46 IFA_BNHIK6_NHJIK610_16062 FE1 fe1 20654 Lancer_K02_calcul_nb_obj.sh NHTX122XXXXNN FIN
2011/11/15 00:12:27 IFA_CNHIK6_NHJIK610_10470 FE2 fe2 13048 Lancer_K02_calcul_nb_obj.sh NHTX121XXXXNN DEBUT 14/11/2011
2011/11/15 00:12:33 IFA_CNHIK6_NHJIK610_10470 FE2 fe2 13048 Lancer_K02_calcul_nb_obj.sh NHTX122XXXXNN FIN
2011/11/15 00:16:48 IFA_ENHIK6_NHJIK610_17708 FE4 fe4 18823 Lancer_K02_calcul_nb_obj.sh NHTX121XXXXNN DEBUT 14/11/2011
2011/11/15 00:16:53 IFA_ENHIK6_NHJIK610_17708 FE4 fe4 18823 Lancer_K02_calcul_nb_obj.sh NHTX122XXXXNN FIN
2011/11/15 00:18:14 IFA_DNHIK6_NHJIK610_1104 FE3 fe3 4134 Lancer_K02_calcul_nb_obj.sh NHTX121XXXXNN DEBUT 14/11/2011
2011/11/15 00:18:19 IFA_DNHIK6_NHJIK610_1104 FE3 fe3 4134 Lancer_K02_calcul_nb_obj.sh NHTX122XXXXNN FIN
2011/11/15 21:51:18 IFA_DNHIK6_NHJIK610_16145 FE3 fe3 18072 Lancer_K02_calcul_nb_obj.sh NHTX121XXXXNN DEBUT 15/11/2011
2011/11/15 21:51:19 IFA_ENHIK6_NHJIK610_16375 FE4 fe4 18293 Lancer_K02_calcul_nb_obj.sh NHTX121XXXXNN DEBUT 15/11/2011
2011/11/15 21:51:23 IFA_ENHIK6_NHJIK610_16375 FE4 fe4 18293 Lancer_K02_calcul_nb_obj.sh NHTX122XXXXNN FIN
2011/11/15 21:51:23 IFA_DNHIK6_NHJIK610_16145 FE3 fe3 18072 Lancer_K02_calcul_nb_obj.sh NHTX122XXXXNN FIN
2011/11/15 21:52:17 IFA_BNHIK6_NHJIK610_15608 FE1 fe1 17551 Lancer_K02_calcul_nb_obj.sh NHTX121XXXXNN DEBUT 15/11/2011
2011/11/15 21:52:21 IFA_BNHIK6_NHJIK610_15608 FE1 fe1 17551 Lancer_K02_calcul_nb_obj.sh NHTX122XXXXNN FIN
2011/11/15 21:52:59 IFA_CNHIK6_NHJIK610_6204 FE2 fe2 8350 Lancer_K02_calcul_nb_obj.sh NHTX121XXXXNN DEBUT 15/11/2011
2011/11/15 21:53:04 IFA_CNHIK6_NHJIK610_6204 FE2 fe2 8350 Lancer_K02_calcul_nb_obj.sh NHTX122XXXXNN FIN
2011/11/16 21:33:18 IFA_DNHIK6_NHJIK610_6508 FE3 fe3 8807 Lancer_K02_calcul_nb_obj.sh NHTX121XXXXNN DEBUT 16/11/2011
2011/11/16 21:33:23 IFA_DNHIK6_NHJIK610_6508 FE3 fe3 8807 Lancer_K02_calcul_nb_obj.sh NHTX122XXXXNN FIN
2011/11/16 21:34:30 IFA_ENHIK6_NHJIK610_12449 FE4 fe4 14481 Lancer_K02_calcul_nb_obj.sh NHTX121XXXXNN DEBUT 16/11/2011
2011/11/16 21:34:34 IFA_ENHIK6_NHJIK610_12449 FE4 fe4 14481 Lancer_K02_calcul_nb_obj.sh NHTX122XXXXNN FIN
2011/11/16 21:35:04 IFA_CNHIK6_NHJIK610_28779 FE2 fe2 29757 Lancer_K02_calcul_nb_obj.sh NHTX121XXXXNN DEBUT 16/11/2011
2011/11/16 21:35:08 IFA_CNHIK6_NHJIK610_28779 FE2 fe2 29757 Lancer_K02_calcul_nb_obj.sh NHTX122XXXXNN FIN
2011/11/16 21:36:41 IFA_BNHIK6_NHJIK610_8628 FE1 fe1 9433 Lancer_K02_calcul_nb_obj.sh NHTX121XXXXNN DEBUT 16/11/2011
2011/11/16 21:36:46 IFA_BNHIK6_NHJIK610_8628 FE1 fe1 9433 Lancer_K02_calcul_nb_obj.sh NHTX122XXXXNN FIN
2011/11/17 21:33:18 IFA_BNHIK6_NHJIK610_1646 FE1 fe1 5218 Lancer_K02_calcul_nb_obj.sh NHTX121XXXXNN DEBUT 17/11/2011
2011/11/17 21:33:23 IFA_BNHIK6_NHJIK610_1646 FE1 fe1 5218 Lancer_K02_calcul_nb_obj.sh NHTX122XXXXNN FIN
2011/11/17 21:33:25 IFA_ENHIK6_NHJIK610_5967 FE4 fe4 8592 Lancer_K02_calcul_nb_obj.sh NHTX121XXXXNN DEBUT 17/11/2011
2011/11/17 21:33:30 IFA_ENHIK6_NHJIK610_5967 FE4 fe4 8592 Lancer_K02_calcul_nb_obj.sh NHTX122XXXXNN FIN
2011/11/17 21:34:41 IFA_CNHIK6_NHJIK610_1466 FE2 fe2 2122 Lancer_K02_calcul_nb_obj.sh NHTX121XXXXNN DEBUT 17/11/2011
2011/11/17 21:34:47 IFA_CNHIK6_NHJIK610_1466 FE2 fe2 2122 Lancer_K02_calcul_nb_obj.sh NHTX122XXXXNN FIN
2011/11/17 21:34:54 IFA_DNHIK6_NHJIK610_2857 FE3 fe3 3163 Lancer_K02_calcul_nb_obj.sh NHTX121XXXXNN DEBUT 17/11/2011
2011/11/17 21:34:58 IFA_DNHIK6_NHJIK610_2857 FE3 fe3 3163 Lancer_K02_calcul_nb_obj.sh NHTX122XXXXNN FIN
2011/11/19 06:58:11 IFA_CNHIK6_NHJIK610_315 FE2 fe2 2515 Lancer_K02_calcul_nb_obj.sh NHTX121XXXXNN DEBUT 18/11/2011
2011/11/19 06:58:16 IFA_CNHIK6_NHJIK610_315 FE2 fe2 2515 Lancer_K02_calcul_nb_obj.sh NHTX122XXXXNN FIN
2011/11/19 06:58:32 IFA_DNHIK6_NHJIK610_10422 FE3 fe3 12750 Lancer_K02_calcul_nb_obj.sh NHTX121XXXXNN DEBUT 18/11/2011
2011/11/19 06:58:37 IFA_DNHIK6_NHJIK610_10422 FE3 fe3 12750 Lancer_K02_calcul_nb_obj.sh NHTX122XXXXNN FIN
2011/11/19 06:58:42 IFA_BNHIK6_NHJIK610_16135 FE1 fe1 18214 Lancer_K02_calcul_nb_obj.sh NHTX121XXXXNN DEBUT 18/11/2011
2011/11/19 06:58:48 IFA_BNHIK6_NHJIK610_16135 FE1 fe1 18214 Lancer_K02_calcul_nb_obj.sh NHTX122XXXXNN FIN
2011/11/19 06:59:04 IFA_ENHIK6_NHJIK610_26990 FE4 fe4 29206 Lancer_K02_calcul_nb_obj.sh NHTX121XXXXNN DEBUT 18/11/2011
2011/11/19 06:59:09 IFA_ENHIK6_NHJIK610_26990 FE4 fe4 29206 Lancer_K02_calcul_nb_obj.sh NHTX122XXXXNN FIN
2011/11/21 21:38:47 IFA_DNHIK6_NHJIK610_3368 FE3 fe3 3542 Lancer_K02_calcul_nb_obj.sh NHTX121XXXXNN DEBUT 21/11/2011
2011/11/21 21:38:52 IFA_DNHIK6_NHJIK610_3368 FE3 fe3 3542 Lancer_K02_calcul_nb_obj.sh NHTX122XXXXNN FIN
2011/11/21 21:40:52 IFA_CNHIK6_NHJIK610_7125 FE2 fe2 7273 Lancer_K02_calcul_nb_obj.sh NHTX121XXXXNN DEBUT 21/11/2011
2011/11/21 21:40:59 IFA_CNHIK6_NHJIK610_7125 FE2 fe2 7273 Lancer_K02_calcul_nb_obj.sh NHTX122XXXXNN FIN
2011/11/21 21:43:34 IFA_BNHIK6_NHJIK610_11856 FE1 fe1 15224 Lancer_K02_calcul_nb_obj.sh NHTX121XXXXNN DEBUT 21/11/2011
2011/11/21 21:43:39 IFA_BNHIK6_NHJIK610_11856 FE1 fe1 15224 Lancer_K02_calcul_nb_obj.sh NHTX122XXXXNN FIN
2011/11/21 21:44:47 IFA_ENHIK6_NHJIK610_23794 FE4 fe4 25943 Lancer_K02_calcul_nb_obj.sh NHTX121XXXXNN DEBUT 21/11/2011
2011/11/21 21:44:52 IFA_ENHIK6_NHJIK610_23794 FE4 fe4 25943 Lancer_K02_calcul_nb_obj.sh NHTX122XXXXNN FIN
2011/11/22 21:27:41 IFA_DNHIK6_NHJIK610_6965 FE3 fe3 7291 Lancer_K02_calcul_nb_obj.sh NHTX121XXXXNN DEBUT 22/11/2011
2011/11/22 21:27:46 IFA_DNHIK6_NHJIK610_6965 FE3 fe3 7291 Lancer_K02_calcul_nb_obj.sh NHTX122XXXXNN FIN
2011/11/22 21:28:22 IFA_ENHIK6_NHJIK610_10829 FE4 fe4 11068 Lancer_K02_calcul_nb_obj.sh NHTX121XXXXNN DEBUT 22/11/2011
2011/11/22 21:28:27 IFA_ENHIK6_NHJIK610_10829 FE4 fe4 11068 Lancer_K02_calcul_nb_obj.sh NHTX122XXXXNN FIN
2011/11/22 21:29:18 IFA_CNHIK6_NHJIK610_13874 FE2 fe2 14536 Lancer_K02_calcul_nb_obj.sh NHTX121XXXXNN DEBUT 22/11/2011
2011/11/22 21:29:23 IFA_CNHIK6_NHJIK610_13874 FE2 fe2 14536 Lancer_K02_calcul_nb_obj.sh NHTX122XXXXNN FIN
2011/11/22 21:29:34 IFA_BNHIK6_NHJIK610_15387 FE1 fe1 15715 Lancer_K02_calcul_nb_obj.sh NHTX121XXXXNN DEBUT 22/11/2011
2011/11/22 21:29:39 IFA_BNHIK6_NHJIK610_15387 FE1 fe1 15715 Lancer_K02_calcul_nb_obj.sh NHTX122XXXXNN FIN
2011/11/23 21:35:29 IFA_BNHIK6_NHJIK610_9657 FE1 fe1 9782 Lancer_K02_calcul_nb_obj.sh NHTX121XXXXNN DEBUT 23/11/2011
2011/11/23 21:35:33 IFA_BNHIK6_NHJIK610_9657 FE1 fe1 9782 Lancer_K02_calcul_nb_obj.sh NHTX122XXXXNN FIN
2011/11/23 21:37:10 IFA_DNHIK6_NHJIK610_17135 FE3 fe3 17546 Lancer_K02_calcul_nb_obj.sh NHTX121XXXXNN DEBUT 23/11/2011
2011/11/23 21:37:15 IFA_DNHIK6_NHJIK610_17135 FE3 fe3 17546 Lancer_K02_calcul_nb_obj.sh NHTX122XXXXNN FIN
2011/11/23 21:37:52 IFA_CNHIK6_NHJIK610_22931 FE2 fe2 23538 Lancer_K02_calcul_nb_obj.sh NHTX121XXXXNN DEBUT 23/11/2011
2011/11/23 21:37:57 IFA_CNHIK6_NHJIK610_22931 FE2 fe2 23538 Lancer_K02_calcul_nb_obj.sh NHTX122XXXXNN FIN
2011/11/23 21:40:43 IFA_ENHIK6_NHJIK610_22134 FE4 fe4 25002 Lancer_K02_calcul_nb_obj.sh NHTX121XXXXNN DEBUT 23/11/2011
2011/11/23 21:40:48 IFA_ENHIK6_NHJIK610_22134 FE4 fe4 25002 Lancer_K02_calcul_nb_obj.sh NHTX122XXXXNN FIN
2011/11/26 07:11:37 IFA_CNHIK6_NHJIK610_18744 FE2 fe2 20597 Lancer_K02_calcul_nb_obj.sh NHTX121XXXXNN DEBUT 25/11/2011
2011/11/26 07:11:41 IFA_CNHIK6_NHJIK610_18744 FE2 fe2 20597 Lancer_K02_calcul_nb_obj.sh NHTX122XXXXNN FIN
2011/11/26 07:12:11 IFA_DNHIK6_NHJIK610_29400 FE3 fe3 29996 Lancer_K02_calcul_nb_obj.sh NHTX121XXXXNN DEBUT 25/11/2011
2011/11/26 07:12:16 IFA_DNHIK6_NHJIK610_29400 FE3 fe3 29996 Lancer_K02_calcul_nb_obj.sh NHTX122XXXXNN FIN
2011/11/26 07:12:23 IFA_ENHIK6_NHJIK610_938 FE4 fe4 1448 Lancer_K02_calcul_nb_obj.sh NHTX121XXXXNN DEBUT 25/11/2011
2011/11/26 07:12:25 IFA_BNHIK6_NHJIK610_1319 FE1 fe1 1655 Lancer_K02_calcul_nb_obj.sh NHTX121XXXXNN DEBUT 25/11/2011
2011/11/26 07:12:27 IFA_ENHIK6_NHJIK610_938 FE4 fe4 1448 Lancer_K02_calcul_nb_obj.sh NHTX122XXXXNN FIN
2011/11/26 07:12:29 IFA_BNHIK6_NHJIK610_1319 FE1 fe1 1655 Lancer_K02_calcul_nb_obj.sh NHTX122XXXXNN FIN
2011/11/28 21:50:05 IFA_DNHIK6_NHJIK610_29203 FE3 fe3 29743 Lancer_K02_calcul_nb_obj.sh NHTX121XXXXNN DEBUT 28/11/2011
2011/11/28 21:50:09 IFA_DNHIK6_NHJIK610_29203 FE3 fe3 29743 Lancer_K02_calcul_nb_obj.sh NHTX122XXXXNN FIN
2011/11/28 21:50:22 IFA_ENHIK6_NHJIK610_933 FE4 fe4 1303 Lancer_K02_calcul_nb_obj.sh NHTX121XXXXNN DEBUT 28/11/2011
2011/11/28 21:50:26 IFA_ENHIK6_NHJIK610_933 FE4 fe4 1303 Lancer_K02_calcul_nb_obj.sh NHTX122XXXXNN FIN
2011/11/28 21:50:51 IFA_BNHIK6_NHJIK610_5461 FE1 fe1 6131 Lancer_K02_calcul_nb_obj.sh NHTX121XXXXNN DEBUT 28/11/2011
2011/11/28 21:50:55 IFA_BNHIK6_NHJIK610_5461 FE1 fe1 6131 Lancer_K02_calcul_nb_obj.sh NHTX122XXXXNN FIN
2011/11/28 21:53:12 IFA_CNHIK6_NHJIK610_769 FE2 fe2 2947 Lancer_K02_calcul_nb_obj.sh NHTX121XXXXNN DEBUT 28/11/2011
2011/11/28 21:53:16 IFA_CNHIK6_NHJIK610_769 FE2 fe2 2947 Lancer_K02_calcul_nb_obj.sh NHTX122XXXXNN FIN
2011/11/30 21:54:42 IFA_ENHIK6_NHJIK610_27667 FE4 fe4 27924 Lancer_K02_calcul_nb_obj.sh NHTX121XXXXNN DEBUT 30/11/2011
2011/11/30 21:54:45 IFA_ENHIK6_NHJIK610_27667 FE4 fe4 27924 Lancer_K02_calcul_nb_obj.sh NHTX122XXXXNN FIN
2011/11/30 21:55:11 IFA_DNHIK6_NHJIK610_1178 FE3 fe3 1716 Lancer_K02_calcul_nb_obj.sh NHTX121XXXXNN DEBUT 30/11/2011
2011/11/30 21:55:15 IFA_DNHIK6_NHJIK610_1178 FE3 fe3 1716 Lancer_K02_calcul_nb_obj.sh NHTX122XXXXNN FIN
2011/11/30 21:56:08 IFA_CNHIK6_NHJIK610_14716 FE2 fe2 16448 Lancer_K02_calcul_nb_obj.sh NHTX121XXXXNN DEBUT 30/11/2011
2011/11/30 21:56:11 IFA_CNHIK6_NHJIK610_14716 FE2 fe2 16448 Lancer_K02_calcul_nb_obj.sh NHTX122XXXXNN FIN
2011/11/30 21:56:16 IFA_BNHIK6_NHJIK610_18023 FE1 fe1 20227 Lancer_K02_calcul_nb_obj.sh NHTX121XXXXNN DEBUT 30/11/2011
2011/11/30 21:56:20 IFA_BNHIK6_NHJIK610_18023 FE1 fe1 20227 Lancer_K02_calcul_nb_obj.sh NHTX122XXXXNN FIN
2011/12/02 00:26:53 IFA_BNHIK6_NHJIK610_4857 FE1 fe1 5170 Lancer_K02_calcul_nb_obj.sh NHTX121XXXXNN DEBUT 01/12/2011
2011/12/02 00:26:58 IFA_BNHIK6_NHJIK610_4857 FE1 fe1 5170 Lancer_K02_calcul_nb_obj.sh NHTX122XXXXNN FIN
2011/12/02 00:28:12 IFA_DNHIK6_NHJIK610_9814 FE3 fe3 10466 Lancer_K02_calcul_nb_obj.sh NHTX121XXXXNN DEBUT 01/12/2011
2011/12/02 00:28:17 IFA_CNHIK6_NHJIK610_10375 FE2 fe2 10635 Lancer_K02_calcul_nb_obj.sh NHTX121XXXXNN DEBUT 01/12/2011
2011/12/02 00:28:18 IFA_DNHIK6_NHJIK610_9814 FE3 fe3 10466 Lancer_K02_calcul_nb_obj.sh NHTX122XXXXNN FIN
2011/12/02 00:28:30 IFA_CNHIK6_NHJIK610_10375 FE2 fe2 10635 Lancer_K02_calcul_nb_obj.sh NHTX122XXXXNN FIN
2011/12/02 00:31:45 IFA_ENHIK6_NHJIK610_16988 FE4 fe4 22701 Lancer_K02_calcul_nb_obj.sh NHTX121XXXXNN DEBUT 01/12/2011
2011/12/02 00:31:56 IFA_ENHIK6_NHJIK610_16988 FE4 fe4 22701 Lancer_K02_calcul_nb_obj.sh NHTX122XXXXNN FIN
2011/12/03 06:00:55 IFA_CNHIK6_NHJIK610_13696 FE2 fe2 13782 Lancer_K02_calcul_nb_obj.sh NHTX121XXXXNN DEBUT 02/12/2011
2011/12/03 06:01:02 IFA_CNHIK6_NHJIK610_13696 FE2 fe2 13782 Lancer_K02_calcul_nb_obj.sh NHTX122XXXXNN FIN
2011/12/03 06:02:41 IFA_DNHIK6_NHJIK610_16331 FE3 fe3 16683 Lancer_K02_calcul_nb_obj.sh NHTX121XXXXNN DEBUT 02/12/2011
2011/12/03 06:02:47 IFA_DNHIK6_NHJIK610_16331 FE3 fe3 16683 Lancer_K02_calcul_nb_obj.sh NHTX122XXXXNN FIN
2011/12/03 06:09:24 IFA_ENHIK6_NHJIK610_27750 FE4 fe4 27799 Lancer_K02_calcul_nb_obj.sh NHTX121XXXXNN DEBUT 02/12/2011
2011/12/03 06:09:32 IFA_ENHIK6_NHJIK610_27750 FE4 fe4 27799 Lancer_K02_calcul_nb_obj.sh NHTX122XXXXNN FIN
2011/12/03 06:10:57 IFA_BNHIK6_NHJIK610_170 FE1 fe1 366 Lancer_K02_calcul_nb_obj.sh NHTX121XXXXNN DEBUT 02/12/2011
2011/12/03 06:11:03 IFA_BNHIK6_NHJIK610_170 FE1 fe1 366 Lancer_K02_calcul_nb_obj.sh NHTX122XXXXNN FIN
2011/12/05 22:07:22 IFA_DNHIK6_NHJIK610_15787 FE3 fe3 15921 Lancer_K02_calcul_nb_obj.sh NHTX121XXXXNN DEBUT 05/12/2011
2011/12/05 22:07:27 IFA_DNHIK6_NHJIK610_15787 FE3 fe3 15921 Lancer_K02_calcul_nb_obj.sh NHTX122XXXXNN FIN
2011/12/05 22:08:13 IFA_CNHIK6_NHJIK610_16748 FE2 fe2 17046 Lancer_K02_calcul_nb_obj.sh NHTX121XXXXNN DEBUT 05/12/2011
2011/12/05 22:08:20 IFA_CNHIK6_NHJIK610_16748 FE2 fe2 17046 Lancer_K02_calcul_nb_obj.sh NHTX122XXXXNN FIN
2011/12/05 22:09:04 IFA_BNHIK6_NHJIK610_18552 FE1 fe1 18976 Lancer_K02_calcul_nb_obj.sh NHTX121XXXXNN DEBUT 05/12/2011
2011/12/05 22:09:12 IFA_BNHIK6_NHJIK610_18552 FE1 fe1 18976 Lancer_K02_calcul_nb_obj.sh NHTX122XXXXNN FIN
2011/12/05 22:10:39 IFA_ENHIK6_NHJIK610_25946 FE4 fe4 28076 Lancer_K02_calcul_nb_obj.sh NHTX121XXXXNN DEBUT 05/12/2011
2011/12/05 22:10:52 IFA_ENHIK6_NHJIK610_25946 FE4 fe4 28076 Lancer_K02_calcul_nb_obj.sh NHTX122XXXXNN FIN
2011/12/06 23:42:21 IFA_CNHIK6_NHJIK610_9147 FE2 fe2 11277 Lancer_K02_calcul_nb_obj.sh NHTX121XXXXNN DEBUT 06/12/2011
2011/12/06 23:42:21 IFA_ENHIK6_NHJIK610_9357 FE4 fe4 11293 Lancer_K02_calcul_nb_obj.sh NHTX121XXXXNN DEBUT 06/12/2011
2011/12/06 23:42:23 IFA_BNHIK6_NHJIK610_9573 FE1 fe1 11812 Lancer_K02_calcul_nb_obj.sh NHTX121XXXXNN DEBUT 06/12/2011
2011/12/06 23:42:25 IFA_CNHIK6_NHJIK610_9147 FE2 fe2 11277 Lancer_K02_calcul_nb_obj.sh NHTX122XXXXNN FIN
2011/12/06 23:42:26 IFA_DNHIK6_NHJIK610_11221 FE3 fe3 13183 Lancer_K02_calcul_nb_obj.sh NHTX121XXXXNN DEBUT 06/12/2011
2011/12/06 23:42:26 IFA_ENHIK6_NHJIK610_9357 FE4 fe4 11293 Lancer_K02_calcul_nb_obj.sh NHTX122XXXXNN FIN
2011/12/06 23:42:27 IFA_BNHIK6_NHJIK610_9573 FE1 fe1 11812 Lancer_K02_calcul_nb_obj.sh NHTX122XXXXNN FIN
2011/12/06 23:42:31 IFA_DNHIK6_NHJIK610_11221 FE3 fe3 13183 Lancer_K02_calcul_nb_obj.sh NHTX122XXXXNN FIN
2011/12/07 21:51:11 IFA_CNHIK6_NHJIK610_23071 FE2 fe2 23213 Lancer_K02_calcul_nb_obj.sh NHTX121XXXXNN DEBUT 07/12/2011
2011/12/07 21:51:16 IFA_CNHIK6_NHJIK610_23071 FE2 fe2 23213 Lancer_K02_calcul_nb_obj.sh NHTX122XXXXNN FIN
2011/12/07 21:53:22 IFA_DNHIK6_NHJIK610_28242 FE3 fe3 28535 Lancer_K02_calcul_nb_obj.sh NHTX121XXXXNN DEBUT 07/12/2011
2011/12/07 21:53:28 IFA_DNHIK6_NHJIK610_28242 FE3 fe3 28535 Lancer_K02_calcul_nb_obj.sh NHTX122XXXXNN FIN
2011/12/07 21:53:44 IFA_ENHIK6_NHJIK610_143 FE4 fe4 785 Lancer_K02_calcul_nb_obj.sh NHTX121XXXXNN DEBUT 07/12/2011
2011/12/07 21:53:48 IFA_ENHIK6_NHJIK610_143 FE4 fe4 785 Lancer_K02_calcul_nb_obj.sh NHTX122XXXXNN FIN
2011/12/07 21:54:27 IFA_BNHIK6_NHJIK610_3128 FE1 fe1 3507 Lancer_K02_calcul_nb_obj.sh NHTX121XXXXNN DEBUT 07/12/2011
2011/12/07 21:54:31 IFA_BNHIK6_NHJIK610_3128 FE1 fe1 3507 Lancer_K02_calcul_nb_obj.sh NHTX122XXXXNN FIN
2011/12/08 23:43:54 IFA_CNHIK6_NHJIK610_2160 FE2 fe2 4061 Lancer_K02_calcul_nb_obj.sh NHTX121XXXXNN DEBUT 08/12/2011
2011/12/08 23:43:59 IFA_CNHIK6_NHJIK610_2160 FE2 fe2 4061 Lancer_K02_calcul_nb_obj.sh NHTX122XXXXNN FIN
2011/12/08 23:45:09 IFA_DNHIK6_NHJIK610_8043 FE3 fe3 9911 Lancer_K02_calcul_nb_obj.sh NHTX121XXXXNN DEBUT 08/12/2011
2011/12/08 23:45:22 IFA_DNHIK6_NHJIK610_8043 FE3 fe3 9911 Lancer_K02_calcul_nb_obj.sh NHTX122XXXXNN FIN
2011/12/08 23:45:31 IFA_BNHIK6_NHJIK610_19009 FE1 fe1 20645 Lancer_K02_calcul_nb_obj.sh NHTX121XXXXNN DEBUT 08/12/2011
2011/12/08 23:45:35 IFA_BNHIK6_NHJIK610_19009 FE1 fe1 20645 Lancer_K02_calcul_nb_obj.sh NHTX122XXXXNN FIN
2011/12/08 23:46:22 IFA_ENHIK6_NHJIK610_7949 FE4 fe4 8256 Lancer_K02_calcul_nb_obj.sh NHTX121XXXXNN DEBUT 08/12/2011
2011/12/08 23:46:33 IFA_ENHIK6_NHJIK610_7949 FE4 fe4 8256 Lancer_K02_calcul_nb_obj.sh NHTX122XXXXNN FIN
2011/12/10 07:57:39 IFA_CNHIK6_NHJIK610_28496 FE2 fe2 28565 Lancer_K02_calcul_nb_obj.sh NHTX121XXXXNN DEBUT 09/12/2011
2011/12/10 07:57:42 IFA_CNHIK6_NHJIK610_28496 FE2 fe2 28565 Lancer_K02_calcul_nb_obj.sh NHTX122XXXXNN FIN
2011/12/10 07:58:32 IFA_BNHIK6_NHJIK610_17747 FE1 fe1 19737 Lancer_K02_calcul_nb_obj.sh NHTX121XXXXNN DEBUT 09/12/2011
2011/12/10 07:58:36 IFA_BNHIK6_NHJIK610_17747 FE1 fe1 19737 Lancer_K02_calcul_nb_obj.sh NHTX122XXXXNN FIN
2011/12/10 07:58:48 IFA_DNHIK6_NHJIK610_25844 FE3 fe3 28022 Lancer_K02_calcul_nb_obj.sh NHTX121XXXXNN DEBUT 09/12/2011
2011/12/10 07:58:52 IFA_DNHIK6_NHJIK610_25844 FE3 fe3 28022 Lancer_K02_calcul_nb_obj.sh NHTX122XXXXNN FIN
2011/12/10 07:59:12 IFA_ENHIK6_NHJIK610_8464 FE4 fe4 10469 Lancer_K02_calcul_nb_obj.sh NHTX121XXXXNN DEBUT 09/12/2011
2011/12/10 07:59:17 IFA_ENHIK6_NHJIK610_8464 FE4 fe4 10469 Lancer_K02_calcul_nb_obj.sh NHTX122XXXXNN FIN
2011/12/12 23:13:58 IFA_CNHIK6_NHJIK610_1920 FE2 fe2 4028 Lancer_K02_calcul_nb_obj.sh NHTX121XXXXNN DEBUT 12/12/2011
2011/12/12 23:14:02 IFA_CNHIK6_NHJIK610_1920 FE2 fe2 4028 Lancer_K02_calcul_nb_obj.sh NHTX122XXXXNN FIN
2011/12/12 23:15:00 IFA_BNHIK6_NHJIK610_12779 FE1 fe1 13355 Lancer_K02_calcul_nb_obj.sh NHTX121XXXXNN DEBUT 12/12/2011
2011/12/12 23:15:04 IFA_ENHIK6_NHJIK610_13311 FE4 fe4 13540 Lancer_K02_calcul_nb_obj.sh NHTX121XXXXNN DEBUT 12/12/2011
2011/12/12 23:15:04 IFA_BNHIK6_NHJIK610_12779 FE1 fe1 13355 Lancer_K02_calcul_nb_obj.sh NHTX122XXXXNN FIN
2011/12/12 23:15:08 IFA_ENHIK6_NHJIK610_13311 FE4 fe4 13540 Lancer_K02_calcul_nb_obj.sh NHTX122XXXXNN FIN
2011/12/12 23:16:18 IFA_DNHIK6_NHJIK610_18882 FE3 fe3 19118 Lancer_K02_calcul_nb_obj.sh NHTX121XXXXNN DEBUT 12/12/2011
2011/12/12 23:16:22 IFA_DNHIK6_NHJIK610_18882 FE3 fe3 19118 Lancer_K02_calcul_nb_obj.sh NHTX122XXXXNN FIN
2011/12/13 21:35:45 IFA_BNHIK6_NHJIK610_1713 FE1 fe1 4017 Lancer_K02_calcul_nb_obj.sh NHTX121XXXXNN DEBUT 13/12/2011
2011/12/13 21:35:50 IFA_BNHIK6_NHJIK610_1713 FE1 fe1 4017 Lancer_K02_calcul_nb_obj.sh NHTX122XXXXNN FIN
2011/12/13 21:37:45 IFA_CNHIK6_NHJIK610_17862 FE2 fe2 18176 Lancer_K02_calcul_nb_obj.sh NHTX121XXXXNN DEBUT 13/12/2011
2011/12/13 21:37:50 IFA_CNHIK6_NHJIK610_17862 FE2 fe2 18176 Lancer_K02_calcul_nb_obj.sh NHTX122XXXXNN FIN
2011/12/13 21:37:58 IFA_ENHIK6_NHJIK610_18677 FE4 fe4 18954 Lancer_K02_calcul_nb_obj.sh NHTX121XXXXNN DEBUT 13/12/2011
2011/12/13 21:38:02 IFA_ENHIK6_NHJIK610_18677 FE4 fe4 18954 Lancer_K02_calcul_nb_obj.sh NHTX122XXXXNN FIN
2011/12/13 21:39:55 IFA_DNHIK6_NHJIK610_1446 FE3 fe3 1611 Lancer_K02_calcul_nb_obj.sh NHTX121XXXXNN DEBUT 13/12/2011
2011/12/13 21:39:59 IFA_DNHIK6_NHJIK610_1446 FE3 fe3 1611 Lancer_K02_calcul_nb_obj.sh NHTX122XXXXNN FIN
2011/12/14 22:00:06 IFA_CNHIK6_NHJIK610_10130 FE2 fe2 10325 Lancer_K02_calcul_nb_obj.sh NHTX121XXXXNN DEBUT 14/12/2011
2011/12/14 22:00:11 IFA_CNHIK6_NHJIK610_10130 FE2 fe2 10325 Lancer_K02_calcul_nb_obj.sh NHTX122XXXXNN FIN
2011/12/14 22:00:35 IFA_ENHIK6_NHJIK610_13366 FE4 fe4 13693 Lancer_K02_calcul_nb_obj.sh NHTX121XXXXNN DEBUT 14/12/2011
2011/12/14 22:00:40 IFA_ENHIK6_NHJIK610_13366 FE4 fe4 13693 Lancer_K02_calcul_nb_obj.sh NHTX122XXXXNN FIN
2011/12/14 22:00:56 IFA_DNHIK6_NHJIK610_16307 FE3 fe3 16636 Lancer_K02_calcul_nb_obj.sh NHTX121XXXXNN DEBUT 14/12/2011
2011/12/14 22:01:00 IFA_DNHIK6_NHJIK610_16307 FE3 fe3 16636 Lancer_K02_calcul_nb_obj.sh NHTX122XXXXNN FIN
2011/12/14 22:01:02 IFA_BNHIK6_NHJIK610_16976 FE1 fe1 17358 Lancer_K02_calcul_nb_obj.sh NHTX121XXXXNN DEBUT 14/12/2011
2011/12/14 22:01:06 IFA_BNHIK6_NHJIK610_16976 FE1 fe1 17358 Lancer_K02_calcul_nb_obj.sh NHTX122XXXXNN FIN
2011/12/15 22:20:46 IFA_DNHIK6_NHJIK610_21328 FE3 fe3 24542 Lancer_K02_calcul_nb_obj.sh NHTX121XXXXNN DEBUT 15/12/2011
2011/12/15 22:20:50 IFA_DNHIK6_NHJIK610_21328 FE3 fe3 24542 Lancer_K02_calcul_nb_obj.sh NHTX122XXXXNN FIN
2011/12/15 22:20:57 IFA_CNHIK6_NHJIK610_28299 FE2 fe2 777 Lancer_K02_calcul_nb_obj.sh NHTX121XXXXNN DEBUT 15/12/2011
2011/12/15 22:21:02 IFA_CNHIK6_NHJIK610_28299 FE2 fe2 777 Lancer_K02_calcul_nb_obj.sh NHTX122XXXXNN FIN
2011/12/15 22:22:18 IFA_BNHIK6_NHJIK610_8399 FE1 fe1 10278 Lancer_K02_calcul_nb_obj.sh NHTX121XXXXNN DEBUT 15/12/2011
2011/12/15 22:22:22 IFA_BNHIK6_NHJIK610_8399 FE1 fe1 10278 Lancer_K02_calcul_nb_obj.sh NHTX122XXXXNN FIN
2011/12/15 22:24:40 IFA_ENHIK6_NHJIK610_5429 FE4 fe4 6377 Lancer_K02_calcul_nb_obj.sh NHTX121XXXXNN DEBUT 15/12/2011
2011/12/15 22:24:46 IFA_ENHIK6_NHJIK610_5429 FE4 fe4 6377 Lancer_K02_calcul_nb_obj.sh NHTX122XXXXNN FIN
2011/12/17 07:11:28 IFA_CNHIK6_NHJIK610_6303 FE2 fe2 8275 Lancer_K02_calcul_nb_obj.sh NHTX121XXXXNN DEBUT 16/12/2011
2011/12/17 07:11:32 IFA_CNHIK6_NHJIK610_6303 FE2 fe2 8275 Lancer_K02_calcul_nb_obj.sh NHTX122XXXXNN FIN
2011/12/17 07:11:32 IFA_BNHIK6_NHJIK610_8538 FE1 fe1 10576 Lancer_K02_calcul_nb_obj.sh NHTX121XXXXNN DEBUT 16/12/2011
2011/12/17 07:11:37 IFA_BNHIK6_NHJIK610_8538 FE1 fe1 10576 Lancer_K02_calcul_nb_obj.sh NHTX122XXXXNN FIN
2011/12/17 07:12:09 IFA_DNHIK6_NHJIK610_27514 FE3 fe3 29421 Lancer_K02_calcul_nb_obj.sh NHTX121XXXXNN DEBUT 16/12/2011
2011/12/17 07:12:14 IFA_DNHIK6_NHJIK610_27514 FE3 fe3 29421 Lancer_K02_calcul_nb_obj.sh NHTX122XXXXNN FIN
2011/12/17 07:12:42 IFA_ENHIK6_NHJIK610_14232 FE4 fe4 16039 Lancer_K02_calcul_nb_obj.sh NHTX121XXXXNN DEBUT 16/12/2011
2011/12/17 07:12:46 IFA_ENHIK6_NHJIK610_14232 FE4 fe4 16039 Lancer_K02_calcul_nb_obj.sh NHTX122XXXXNN FIN
2011/12/19 21:30:45 IFA_CNHIK6_NHJIK610_10710 FE2 fe2 13144 Lancer_K02_calcul_nb_obj.sh NHTX121XXXXNN DEBUT 19/12/2011
2011/12/19 21:30:51 IFA_CNHIK6_NHJIK610_10710 FE2 fe2 13144 Lancer_K02_calcul_nb_obj.sh NHTX122XXXXNN FIN
2011/12/19 21:31:26 IFA_BNHIK6_NHJIK610_29951 FE1 fe1 2528 Lancer_K02_calcul_nb_obj.sh NHTX121XXXXNN DEBUT 19/12/2011
2011/12/19 21:31:31 IFA_BNHIK6_NHJIK610_29951 FE1 fe1 2528 Lancer_K02_calcul_nb_obj.sh NHTX122XXXXNN FIN
2011/12/19 21:32:29 IFA_DNHIK6_NHJIK610_28777 FE3 fe3 28956 Lancer_K02_calcul_nb_obj.sh NHTX121XXXXNN DEBUT 19/12/2011
2011/12/19 21:32:34 IFA_DNHIK6_NHJIK610_28777 FE3 fe3 28956 Lancer_K02_calcul_nb_obj.sh NHTX122XXXXNN FIN
2011/12/19 21:33:19 IFA_ENHIK6_NHJIK610_1860 FE4 fe4 2043 Lancer_K02_calcul_nb_obj.sh NHTX121XXXXNN DEBUT 19/12/2011
2011/12/19 21:33:25 IFA_ENHIK6_NHJIK610_1860 FE4 fe4 2043 Lancer_K02_calcul_nb_obj.sh NHTX122XXXXNN FIN
2011/12/20 21:18:47 IFA_DNHIK6_NHJIK610_23746 FE3 fe3 26247 Lancer_K02_calcul_nb_obj.sh NHTX121XXXXNN DEBUT 20/12/2011
2011/12/20 21:18:52 IFA_DNHIK6_NHJIK610_23746 FE3 fe3 26247 Lancer_K02_calcul_nb_obj.sh NHTX122XXXXNN FIN
2011/12/20 21:19:01 IFA_BNHIK6_NHJIK610_1259 FE1 fe1 3647 Lancer_K02_calcul_nb_obj.sh NHTX121XXXXNN DEBUT 20/12/2011
2011/12/20 21:19:06 IFA_BNHIK6_NHJIK610_1259 FE1 fe1 3647 Lancer_K02_calcul_nb_obj.sh NHTX122XXXXNN FIN
2011/12/20 21:21:13 IFA_ENHIK6_NHJIK610_3099 FE4 fe4 5852 Lancer_K02_calcul_nb_obj.sh NHTX121XXXXNN DEBUT 20/12/2011
2011/12/20 21:21:19 IFA_ENHIK6_NHJIK610_3099 FE4 fe4 5852 Lancer_K02_calcul_nb_obj.sh NHTX122XXXXNN FIN
2011/12/20 21:22:03 IFA_CNHIK6_NHJIK610_26107 FE2 fe2 26259 Lancer_K02_calcul_nb_obj.sh NHTX121XXXXNN DEBUT 20/12/2011
2011/12/20 21:22:27 IFA_CNHIK6_NHJIK610_26107 FE2 fe2 26259 Lancer_K02_calcul_nb_obj.sh NHTX122XXXXNN FIN
2011/12/21 21:21:45 IFA_CNHIK6_NHJIK610_1858 FE2 fe2 4143 Lancer_K02_calcul_nb_obj.sh NHTX121XXXXNN DEBUT 21/12/2011
2011/12/21 21:21:46 IFA_ENHIK6_NHJIK610_2099 FE4 fe4 4164 Lancer_K02_calcul_nb_obj.sh NHTX121XXXXNN DEBUT 21/12/2011
2011/12/21 21:21:46 IFA_DNHIK6_NHJIK610_2020 FE3 fe3 4256 Lancer_K02_calcul_nb_obj.sh NHTX121XXXXNN DEBUT 21/12/2011
2011/12/21 21:21:46 IFA_BNHIK6_NHJIK610_1951 FE1 fe1 4277 Lancer_K02_calcul_nb_obj.sh NHTX121XXXXNN DEBUT 21/12/2011
2011/12/21 21:21:50 IFA_ENHIK6_NHJIK610_2099 FE4 fe4 4164 Lancer_K02_calcul_nb_obj.sh NHTX122XXXXNN FIN
2011/12/21 21:21:51 IFA_DNHIK6_NHJIK610_2020 FE3 fe3 4256 Lancer_K02_calcul_nb_obj.sh NHTX122XXXXNN FIN
2011/12/21 21:21:51 IFA_BNHIK6_NHJIK610_1951 FE1 fe1 4277 Lancer_K02_calcul_nb_obj.sh NHTX122XXXXNN FIN
2011/12/21 21:21:52 IFA_CNHIK6_NHJIK610_1858 FE2 fe2 4143 Lancer_K02_calcul_nb_obj.sh NHTX122XXXXNN FIN
2011/12/22 21:18:00 IFA_BNHIK6_NHJIK610_23079 FE1 fe1 23158 Lancer_K02_calcul_nb_obj.sh NHTX121XXXXNN DEBUT 22/12/2011
2011/12/22 21:18:05 IFA_BNHIK6_NHJIK610_23079 FE1 fe1 23158 Lancer_K02_calcul_nb_obj.sh NHTX122XXXXNN FIN
2011/12/22 21:18:42 IFA_ENHIK6_NHJIK610_25375 FE4 fe4 25532 Lancer_K02_calcul_nb_obj.sh NHTX121XXXXNN DEBUT 22/12/2011
2011/12/22 21:18:46 IFA_ENHIK6_NHJIK610_25375 FE4 fe4 25532 Lancer_K02_calcul_nb_obj.sh NHTX122XXXXNN FIN
2011/12/22 21:19:54 IFA_DNHIK6_NHJIK610_1840 FE3 fe3 2099 Lancer_K02_calcul_nb_obj.sh NHTX121XXXXNN DEBUT 22/12/2011
2011/12/22 21:19:58 IFA_DNHIK6_NHJIK610_1840 FE3 fe3 2099 Lancer_K02_calcul_nb_obj.sh NHTX122XXXXNN FIN
2011/12/22 21:20:58 IFA_CNHIK6_NHJIK610_5508 FE2 fe2 5998 Lancer_K02_calcul_nb_obj.sh NHTX121XXXXNN DEBUT 22/12/2011
2011/12/22 21:21:02 IFA_CNHIK6_NHJIK610_5508 FE2 fe2 5998 Lancer_K02_calcul_nb_obj.sh NHTX122XXXXNN FIN
2011/12/24 07:01:48 IFA_CNHIK6_NHJIK610_5087 FE2 fe2 6504 Lancer_K02_calcul_nb_obj.sh NHTX121XXXXNN DEBUT 23/12/2011
2011/12/24 07:01:52 IFA_CNHIK6_NHJIK610_5087 FE2 fe2 6504 Lancer_K02_calcul_nb_obj.sh NHTX122XXXXNN FIN
2011/12/24 07:02:41 IFA_DNHIK6_NHJIK610_1552 FE3 fe3 3065 Lancer_K02_calcul_nb_obj.sh NHTX121XXXXNN DEBUT 23/12/2011
2011/12/24 07:02:44 IFA_DNHIK6_NHJIK610_1552 FE3 fe3 3065 Lancer_K02_calcul_nb_obj.sh NHTX122XXXXNN FIN
2011/12/24 07:02:44 IFA_BNHIK6_NHJIK610_3411 FE1 fe1 4859 Lancer_K02_calcul_nb_obj.sh NHTX121XXXXNN DEBUT 23/12/2011
2011/12/24 07:02:45 IFA_ENHIK6_NHJIK610_3604 FE4 fe4 5051 Lancer_K02_calcul_nb_obj.sh NHTX121XXXXNN DEBUT 23/12/2011
2011/12/24 07:02:48 IFA_BNHIK6_NHJIK610_3411 FE1 fe1 4859 Lancer_K02_calcul_nb_obj.sh NHTX122XXXXNN FIN
2011/12/24 07:02:48 IFA_ENHIK6_NHJIK610_3604 FE4 fe4 5051 Lancer_K02_calcul_nb_obj.sh NHTX122XXXXNN FIN
2011/12/27 23:21:22 IFA_CNHIK6_NHJIK610_2140 FE2 fe2 2461 Lancer_K02_calcul_nb_obj.sh NHTX121XXXXNN DEBUT 27/12/2011
2011/12/27 23:21:24 IFA_CNHIK6_NHJIK610_2140 FE2 fe2 2461 Lancer_K02_calcul_nb_obj.sh NHTX122XXXXNN FIN
2011/12/27 23:21:51 IFA_BNHIK6_NHJIK610_7123 FE1 fe1 8558 Lancer_K02_calcul_nb_obj.sh NHTX121XXXXNN DEBUT 27/12/2011
2011/12/27 23:21:55 IFA_BNHIK6_NHJIK610_7123 FE1 fe1 8558 Lancer_K02_calcul_nb_obj.sh NHTX122XXXXNN FIN
2011/12/27 23:22:03 IFA_DNHIK6_NHJIK610_12994 FE3 fe3 14530 Lancer_K02_calcul_nb_obj.sh NHTX121XXXXNN DEBUT 27/12/2011
2011/12/27 23:22:07 IFA_DNHIK6_NHJIK610_12994 FE3 fe3 14530 Lancer_K02_calcul_nb_obj.sh NHTX122XXXXNN FIN
2011/12/27 23:22:33 IFA_ENHIK6_NHJIK610_27907 FE4 fe4 29444 Lancer_K02_calcul_nb_obj.sh NHTX121XXXXNN DEBUT 27/12/2011
2011/12/27 23:22:36 IFA_ENHIK6_NHJIK610_27907 FE4 fe4 29444 Lancer_K02_calcul_nb_obj.sh NHTX122XXXXNN FIN
2011/12/28 23:30:39 IFA_DNHIK6_NHJIK610_15478 FE3 fe3 16834 Lancer_K02_calcul_nb_obj.sh NHTX121XXXXNN DEBUT 28/12/2011
2011/12/28 23:30:42 IFA_DNHIK6_NHJIK610_15478 FE3 fe3 16834 Lancer_K02_calcul_nb_obj.sh NHTX122XXXXNN FIN
2011/12/28 23:31:12 IFA_CNHIK6_NHJIK610_2184 FE2 fe2 3649 Lancer_K02_calcul_nb_obj.sh NHTX121XXXXNN DEBUT 28/12/2011
2011/12/28 23:31:15 IFA_CNHIK6_NHJIK610_2184 FE2 fe2 3649 Lancer_K02_calcul_nb_obj.sh NHTX122XXXXNN FIN
2011/12/28 23:32:10 IFA_ENHIK6_NHJIK610_12270 FE4 fe4 12646 Lancer_K02_calcul_nb_obj.sh NHTX121XXXXNN DEBUT 28/12/2011
2011/12/28 23:32:13 IFA_ENHIK6_NHJIK610_12270 FE4 fe4 12646 Lancer_K02_calcul_nb_obj.sh NHTX122XXXXNN FIN
2011/12/28 23:32:23 IFA_BNHIK6_NHJIK610_13569 FE1 fe1 13886 Lancer_K02_calcul_nb_obj.sh NHTX121XXXXNN DEBUT 28/12/2011
2011/12/28 23:32:26 IFA_BNHIK6_NHJIK610_13569 FE1 fe1 13886 Lancer_K02_calcul_nb_obj.sh NHTX122XXXXNN FIN
2012/02/16 21:51:54 IFA_DNHIK6_NHJIK610_29416 FE3 fe3 29559 Lancer_K02_calcul_nb_obj.sh NHTX121XXXXNN DEBUT 16/02/2012
2012/02/16 21:51:58 IFA_DNHIK6_NHJIK610_29416 FE3 fe3 29559 Lancer_K02_calcul_nb_obj.sh NHTX122XXXXNN FIN
2012/02/16 21:53:08 IFA_CNHIK6_NHJIK610_8004 FE2 fe2 8197 Lancer_K02_calcul_nb_obj.sh NHTX121XXXXNN DEBUT 16/02/2012
2012/02/16 21:53:11 IFA_CNHIK6_NHJIK610_8004 FE2 fe2 8197 Lancer_K02_calcul_nb_obj.sh NHTX122XXXXNN FIN
2012/02/16 21:53:26 IFA_ENHIK6_NHJIK610_9274 FE4 fe4 9757 Lancer_K02_calcul_nb_obj.sh NHTX121XXXXNN DEBUT 16/02/2012
2012/02/16 21:53:30 IFA_ENHIK6_NHJIK610_9274 FE4 fe4 9757 Lancer_K02_calcul_nb_obj.sh NHTX122XXXXNN FIN
2012/02/16 21:55:03 IFA_BNHIK6_NHJIK610_16402 FE1 fe1 17179 Lancer_K02_calcul_nb_obj.sh NHTX121XXXXNN DEBUT 16/02/2012
2012/02/16 21:55:07 IFA_BNHIK6_NHJIK610_16402 FE1 fe1 17179 Lancer_K02_calcul_nb_obj.sh NHTX122XXXXNN FIN
