2011/12/31 05:16:41 IFA_CNHIK6_NHJIK610_20081 FE2 fe2 20103 Lancer_K02_calcul_dyn_part.sh NHTX121XXXXNN DEBUT 30/12/2011
2011/12/31 05:16:44 IFA_CNHIK6_NHJIK610_20081 FE2 fe2 20103 Lancer_K02_calcul_dyn_part.sh NHTX122XXXXNN FIN
2011/12/31 05:17:14 IFA_BNHIK6_NHJIK610_28321 FE1 fe1 28387 Lancer_K02_calcul_dyn_part.sh NHTX121XXXXNN DEBUT 30/12/2011
2011/12/31 05:17:17 IFA_BNHIK6_NHJIK610_28321 FE1 fe1 28387 Lancer_K02_calcul_dyn_part.sh NHTX122XXXXNN FIN
2011/12/31 05:17:40 IFA_ENHIK6_NHJIK610_11711 FE4 fe4 11782 Lancer_K02_calcul_dyn_part.sh NHTX121XXXXNN DEBUT 30/12/2011
2011/12/31 05:17:42 IFA_ENHIK6_NHJIK610_11711 FE4 fe4 11782 Lancer_K02_calcul_dyn_part.sh NHTX122XXXXNN FIN
2011/12/31 05:17:49 IFA_DNHIK6_NHJIK610_16456 FE3 fe3 16523 Lancer_K02_calcul_dyn_part.sh NHTX121XXXXNN DEBUT 30/12/2011
2011/12/31 05:17:52 IFA_DNHIK6_NHJIK610_16456 FE3 fe3 16523 Lancer_K02_calcul_dyn_part.sh NHTX122XXXXNN FIN
2012/01/02 22:32:58 IFA_DNHIK6_NHJIK610_26765 FE3 fe3 26785 Lancer_K02_calcul_dyn_part.sh NHTX121XXXXNN DEBUT 02/01/2012
2012/01/02 22:33:11 IFA_DNHIK6_NHJIK610_26765 FE3 fe3 26785 Lancer_K02_calcul_dyn_part.sh NHTX122XXXXNN FIN
2012/01/02 22:34:15 IFA_ENHIK6_NHJIK610_2156 FE4 fe4 2180 Lancer_K02_calcul_dyn_part.sh NHTX121XXXXNN DEBUT 02/01/2012
2012/01/02 22:34:39 IFA_ENHIK6_NHJIK610_2156 FE4 fe4 2180 Lancer_K02_calcul_dyn_part.sh NHTX122XXXXNN FIN
2012/01/02 22:40:59 IFA_CNHIK6_NHJIK610_15644 FE2 fe2 15677 Lancer_K02_calcul_dyn_part.sh NHTX121XXXXNN DEBUT 02/01/2012
2012/01/02 22:41:15 IFA_CNHIK6_NHJIK610_15644 FE2 fe2 15677 Lancer_K02_calcul_dyn_part.sh NHTX122XXXXNN FIN
2012/01/02 22:47:48 IFA_BNHIK6_NHJIK610_19690 FE1 fe1 19747 Lancer_K02_calcul_dyn_part.sh NHTX121XXXXNN DEBUT 02/01/2012
2012/01/02 22:48:14 IFA_BNHIK6_NHJIK610_19690 FE1 fe1 19747 Lancer_K02_calcul_dyn_part.sh NHTX122XXXXNN FIN
2012/01/03 21:28:21 IFA_CNHIK6_NHJIK610_4454 FE2 fe2 4475 Lancer_K02_calcul_dyn_part.sh NHTX121XXXXNN DEBUT 03/01/2012
2012/01/03 21:28:38 IFA_CNHIK6_NHJIK610_4454 FE2 fe2 4475 Lancer_K02_calcul_dyn_part.sh NHTX122XXXXNN FIN
2012/01/03 21:36:50 IFA_DNHIK6_NHJIK610_6741 FE3 fe3 6763 Lancer_K02_calcul_dyn_part.sh NHTX121XXXXNN DEBUT 03/01/2012
2012/01/03 21:37:03 IFA_DNHIK6_NHJIK610_6741 FE3 fe3 6763 Lancer_K02_calcul_dyn_part.sh NHTX122XXXXNN FIN
2012/01/03 21:40:07 IFA_ENHIK6_NHJIK610_10706 FE4 fe4 10726 Lancer_K02_calcul_dyn_part.sh NHTX121XXXXNN DEBUT 03/01/2012
2012/01/03 21:40:33 IFA_ENHIK6_NHJIK610_10706 FE4 fe4 10726 Lancer_K02_calcul_dyn_part.sh NHTX122XXXXNN FIN
2012/01/03 22:02:27 IFA_BNHIK6_NHJIK610_23784 FE1 fe1 23808 Lancer_K02_calcul_dyn_part.sh NHTX121XXXXNN DEBUT 03/01/2012
2012/01/03 22:02:57 IFA_BNHIK6_NHJIK610_23784 FE1 fe1 23808 Lancer_K02_calcul_dyn_part.sh NHTX122XXXXNN FIN
2012/01/04 22:34:19 IFA_DNHIK6_NHJIK610_17678 FE3 fe3 17697 Lancer_K02_calcul_dyn_part.sh NHTX121XXXXNN DEBUT 04/01/2012
2012/01/04 22:34:23 IFA_DNHIK6_NHJIK610_17678 FE3 fe3 17697 Lancer_K02_calcul_dyn_part.sh NHTX122XXXXNN FIN
2012/01/04 22:35:15 IFA_CNHIK6_NHJIK610_19339 FE2 fe2 19368 Lancer_K02_calcul_dyn_part.sh NHTX121XXXXNN DEBUT 04/01/2012
2012/01/04 22:35:20 IFA_CNHIK6_NHJIK610_19339 FE2 fe2 19368 Lancer_K02_calcul_dyn_part.sh NHTX122XXXXNN FIN
2012/01/04 22:36:30 IFA_BNHIK6_NHJIK610_22023 FE1 fe1 22048 Lancer_K02_calcul_dyn_part.sh NHTX121XXXXNN DEBUT 04/01/2012
2012/01/04 22:36:39 IFA_BNHIK6_NHJIK610_22023 FE1 fe1 22048 Lancer_K02_calcul_dyn_part.sh NHTX122XXXXNN FIN
2012/01/04 22:36:48 IFA_ENHIK6_NHJIK610_29585 FE4 fe4 29658 Lancer_K02_calcul_dyn_part.sh NHTX121XXXXNN DEBUT 04/01/2012
2012/01/04 22:36:52 IFA_ENHIK6_NHJIK610_29585 FE4 fe4 29658 Lancer_K02_calcul_dyn_part.sh NHTX122XXXXNN FIN
2012/01/05 22:23:23 IFA_BNHIK6_NHJIK610_28237 FE1 fe1 28257 Lancer_K02_calcul_dyn_part.sh NHTX121XXXXNN DEBUT 05/01/2012
2012/01/05 22:23:27 IFA_BNHIK6_NHJIK610_28237 FE1 fe1 28257 Lancer_K02_calcul_dyn_part.sh NHTX122XXXXNN FIN
2012/01/05 22:23:45 IFA_DNHIK6_NHJIK610_28806 FE3 fe3 28827 Lancer_K02_calcul_dyn_part.sh NHTX121XXXXNN DEBUT 05/01/2012
2012/01/05 22:23:48 IFA_DNHIK6_NHJIK610_28806 FE3 fe3 28827 Lancer_K02_calcul_dyn_part.sh NHTX122XXXXNN FIN
2012/01/05 22:23:55 IFA_ENHIK6_NHJIK610_29836 FE4 fe4 29868 Lancer_K02_calcul_dyn_part.sh NHTX121XXXXNN DEBUT 05/01/2012
2012/01/05 22:24:00 IFA_ENHIK6_NHJIK610_29836 FE4 fe4 29868 Lancer_K02_calcul_dyn_part.sh NHTX122XXXXNN FIN
2012/01/05 22:24:49 IFA_CNHIK6_NHJIK610_3530 FE2 fe2 3550 Lancer_K02_calcul_dyn_part.sh NHTX121XXXXNN DEBUT 05/01/2012
2012/01/05 22:24:53 IFA_CNHIK6_NHJIK610_3530 FE2 fe2 3550 Lancer_K02_calcul_dyn_part.sh NHTX122XXXXNN FIN
2012/01/07 08:15:45 IFA_CNHIK6_NHJIK610_7089 FE2 fe2 7111 Lancer_K02_calcul_dyn_part.sh NHTX121XXXXNN DEBUT 06/01/2012
2012/01/07 08:15:50 IFA_CNHIK6_NHJIK610_7089 FE2 fe2 7111 Lancer_K02_calcul_dyn_part.sh NHTX122XXXXNN FIN
2012/01/07 08:16:12 IFA_DNHIK6_NHJIK610_8657 FE3 fe3 8680 Lancer_K02_calcul_dyn_part.sh NHTX121XXXXNN DEBUT 06/01/2012
2012/01/07 08:16:16 IFA_ENHIK6_NHJIK610_9223 FE4 fe4 9246 Lancer_K02_calcul_dyn_part.sh NHTX121XXXXNN DEBUT 06/01/2012
2012/01/07 08:16:17 IFA_DNHIK6_NHJIK610_8657 FE3 fe3 8680 Lancer_K02_calcul_dyn_part.sh NHTX122XXXXNN FIN
2012/01/07 08:16:20 IFA_ENHIK6_NHJIK610_9223 FE4 fe4 9246 Lancer_K02_calcul_dyn_part.sh NHTX122XXXXNN FIN
2012/01/07 08:16:41 IFA_BNHIK6_NHJIK610_11544 FE1 fe1 11588 Lancer_K02_calcul_dyn_part.sh NHTX121XXXXNN DEBUT 06/01/2012
2012/01/07 08:16:46 IFA_BNHIK6_NHJIK610_11544 FE1 fe1 11588 Lancer_K02_calcul_dyn_part.sh NHTX122XXXXNN FIN
2012/01/09 22:02:48 IFA_CNHIK6_NHJIK610_1832 FE2 fe2 1901 Lancer_K02_calcul_dyn_part.sh NHTX121XXXXNN DEBUT 09/01/2012
2012/01/09 22:02:53 IFA_CNHIK6_NHJIK610_1832 FE2 fe2 1901 Lancer_K02_calcul_dyn_part.sh NHTX122XXXXNN FIN
2012/01/09 22:05:09 IFA_ENHIK6_NHJIK610_9409 FE4 fe4 9465 Lancer_K02_calcul_dyn_part.sh NHTX121XXXXNN DEBUT 09/01/2012
2012/01/09 22:05:13 IFA_ENHIK6_NHJIK610_9409 FE4 fe4 9465 Lancer_K02_calcul_dyn_part.sh NHTX122XXXXNN FIN
2012/01/09 22:10:06 IFA_DNHIK6_NHJIK610_7731 FE3 fe3 7768 Lancer_K02_calcul_dyn_part.sh NHTX121XXXXNN DEBUT 09/01/2012
2012/01/09 22:10:12 IFA_DNHIK6_NHJIK610_7731 FE3 fe3 7768 Lancer_K02_calcul_dyn_part.sh NHTX122XXXXNN FIN
2012/01/09 22:13:36 IFA_BNHIK6_NHJIK610_9769 FE1 fe1 9833 Lancer_K02_calcul_dyn_part.sh NHTX121XXXXNN DEBUT 09/01/2012
2012/01/09 22:13:40 IFA_BNHIK6_NHJIK610_9769 FE1 fe1 9833 Lancer_K02_calcul_dyn_part.sh NHTX122XXXXNN FIN
2012/01/10 22:12:31 IFA_CNHIK6_NHJIK610_5278 FE2 fe2 5347 Lancer_K02_calcul_dyn_part.sh NHTX121XXXXNN DEBUT 10/01/2012
2012/01/10 22:12:35 IFA_CNHIK6_NHJIK610_5278 FE2 fe2 5347 Lancer_K02_calcul_dyn_part.sh NHTX122XXXXNN FIN
2012/01/10 22:16:25 IFA_DNHIK6_NHJIK610_12856 FE3 fe3 12878 Lancer_K02_calcul_dyn_part.sh NHTX121XXXXNN DEBUT 10/01/2012
2012/01/10 22:16:30 IFA_DNHIK6_NHJIK610_12856 FE3 fe3 12878 Lancer_K02_calcul_dyn_part.sh NHTX122XXXXNN FIN
2012/01/10 22:17:13 IFA_BNHIK6_NHJIK610_18001 FE1 fe1 18054 Lancer_K02_calcul_dyn_part.sh NHTX121XXXXNN DEBUT 10/01/2012
2012/01/10 22:17:17 IFA_BNHIK6_NHJIK610_18001 FE1 fe1 18054 Lancer_K02_calcul_dyn_part.sh NHTX122XXXXNN FIN
2012/01/10 22:17:42 IFA_ENHIK6_NHJIK610_26453 FE4 fe4 26485 Lancer_K02_calcul_dyn_part.sh NHTX121XXXXNN DEBUT 10/01/2012
2012/01/10 22:17:47 IFA_ENHIK6_NHJIK610_26453 FE4 fe4 26485 Lancer_K02_calcul_dyn_part.sh NHTX122XXXXNN FIN
2012/01/11 21:27:09 IFA_ENHIK6_NHJIK610_3398 FE4 fe4 3426 Lancer_K02_calcul_dyn_part.sh NHTX121XXXXNN DEBUT 11/01/2012
2012/01/11 21:27:14 IFA_ENHIK6_NHJIK610_3398 FE4 fe4 3426 Lancer_K02_calcul_dyn_part.sh NHTX122XXXXNN FIN
2012/01/11 21:27:47 IFA_CNHIK6_NHJIK610_9144 FE2 fe2 9173 Lancer_K02_calcul_dyn_part.sh NHTX121XXXXNN DEBUT 11/01/2012
2012/01/11 21:27:51 IFA_CNHIK6_NHJIK610_9144 FE2 fe2 9173 Lancer_K02_calcul_dyn_part.sh NHTX122XXXXNN FIN
2012/01/11 21:29:23 IFA_BNHIK6_NHJIK610_16619 FE1 fe1 16694 Lancer_K02_calcul_dyn_part.sh NHTX121XXXXNN DEBUT 11/01/2012
2012/01/11 21:29:28 IFA_BNHIK6_NHJIK610_16619 FE1 fe1 16694 Lancer_K02_calcul_dyn_part.sh NHTX122XXXXNN FIN
2012/01/11 21:30:45 IFA_DNHIK6_NHJIK610_26460 FE3 fe3 26532 Lancer_K02_calcul_dyn_part.sh NHTX121XXXXNN DEBUT 11/01/2012
2012/01/11 21:30:49 IFA_DNHIK6_NHJIK610_26460 FE3 fe3 26532 Lancer_K02_calcul_dyn_part.sh NHTX122XXXXNN FIN
2012/01/12 21:21:51 IFA_ENHIK6_NHJIK610_1719 FE4 fe4 1793 Lancer_K02_calcul_dyn_part.sh NHTX121XXXXNN DEBUT 12/01/2012
2012/01/12 21:21:55 IFA_ENHIK6_NHJIK610_1719 FE4 fe4 1793 Lancer_K02_calcul_dyn_part.sh NHTX122XXXXNN FIN
2012/01/12 21:22:50 IFA_DNHIK6_NHJIK610_2272 FE3 fe3 2350 Lancer_K02_calcul_dyn_part.sh NHTX121XXXXNN DEBUT 12/01/2012
2012/01/12 21:22:54 IFA_DNHIK6_NHJIK610_2272 FE3 fe3 2350 Lancer_K02_calcul_dyn_part.sh NHTX122XXXXNN FIN
2012/01/12 21:24:43 IFA_CNHIK6_NHJIK610_9949 FE2 fe2 9984 Lancer_K02_calcul_dyn_part.sh NHTX121XXXXNN DEBUT 12/01/2012
2012/01/12 21:24:47 IFA_CNHIK6_NHJIK610_9949 FE2 fe2 9984 Lancer_K02_calcul_dyn_part.sh NHTX122XXXXNN FIN
2012/01/12 21:25:30 IFA_BNHIK6_NHJIK610_15682 FE1 fe1 15717 Lancer_K02_calcul_dyn_part.sh NHTX121XXXXNN DEBUT 12/01/2012
2012/01/12 21:25:34 IFA_BNHIK6_NHJIK610_15682 FE1 fe1 15717 Lancer_K02_calcul_dyn_part.sh NHTX122XXXXNN FIN
2012/01/14 06:38:55 IFA_CNHIK6_NHJIK610_5022 FE2 fe2 5084 Lancer_K02_calcul_dyn_part.sh NHTX121XXXXNN DEBUT 13/01/2012
2012/01/14 06:38:59 IFA_CNHIK6_NHJIK610_5022 FE2 fe2 5084 Lancer_K02_calcul_dyn_part.sh NHTX122XXXXNN FIN
2012/01/14 06:39:19 IFA_BNHIK6_NHJIK610_17408 FE1 fe1 17476 Lancer_K02_calcul_dyn_part.sh NHTX121XXXXNN DEBUT 13/01/2012
2012/01/14 06:39:25 IFA_BNHIK6_NHJIK610_17408 FE1 fe1 17476 Lancer_K02_calcul_dyn_part.sh NHTX122XXXXNN FIN
2012/01/14 06:39:37 IFA_ENHIK6_NHJIK610_26348 FE4 fe4 26409 Lancer_K02_calcul_dyn_part.sh NHTX121XXXXNN DEBUT 13/01/2012
2012/01/14 06:39:42 IFA_ENHIK6_NHJIK610_26348 FE4 fe4 26409 Lancer_K02_calcul_dyn_part.sh NHTX122XXXXNN FIN
2012/01/14 06:40:06 IFA_DNHIK6_NHJIK610_11277 FE3 fe3 11339 Lancer_K02_calcul_dyn_part.sh NHTX121XXXXNN DEBUT 13/01/2012
2012/01/14 06:40:10 IFA_DNHIK6_NHJIK610_11277 FE3 fe3 11339 Lancer_K02_calcul_dyn_part.sh NHTX122XXXXNN FIN
2012/01/16 21:39:23 IFA_BNHIK6_NHJIK610_21761 FE1 fe1 21820 Lancer_K02_calcul_dyn_part.sh NHTX121XXXXNN DEBUT 16/01/2012
2012/01/16 21:39:28 IFA_BNHIK6_NHJIK610_21761 FE1 fe1 21820 Lancer_K02_calcul_dyn_part.sh NHTX122XXXXNN FIN
2012/01/16 21:40:28 IFA_CNHIK6_NHJIK610_4947 FE2 fe2 4975 Lancer_K02_calcul_dyn_part.sh NHTX121XXXXNN DEBUT 16/01/2012
2012/01/16 21:40:35 IFA_CNHIK6_NHJIK610_4947 FE2 fe2 4975 Lancer_K02_calcul_dyn_part.sh NHTX122XXXXNN FIN
2012/01/16 21:41:03 IFA_ENHIK6_NHJIK610_8207 FE4 fe4 8224 Lancer_K02_calcul_dyn_part.sh NHTX121XXXXNN DEBUT 16/01/2012
2012/01/16 21:41:07 IFA_ENHIK6_NHJIK610_8207 FE4 fe4 8224 Lancer_K02_calcul_dyn_part.sh NHTX122XXXXNN FIN
2012/01/16 21:41:27 IFA_DNHIK6_NHJIK610_10372 FE3 fe3 10410 Lancer_K02_calcul_dyn_part.sh NHTX121XXXXNN DEBUT 16/01/2012
2012/01/16 21:41:31 IFA_DNHIK6_NHJIK610_10372 FE3 fe3 10410 Lancer_K02_calcul_dyn_part.sh NHTX122XXXXNN FIN
2012/01/18 21:45:55 IFA_BNHIK6_NHJIK610_12360 FE1 fe1 12418 Lancer_K02_calcul_dyn_part.sh NHTX121XXXXNN DEBUT 18/01/2012
2012/01/18 21:46:00 IFA_BNHIK6_NHJIK610_12360 FE1 fe1 12418 Lancer_K02_calcul_dyn_part.sh NHTX122XXXXNN FIN
2012/01/18 21:46:22 IFA_CNHIK6_NHJIK610_26164 FE2 fe2 26238 Lancer_K02_calcul_dyn_part.sh NHTX121XXXXNN DEBUT 18/01/2012
2012/01/18 21:46:25 IFA_ENHIK6_NHJIK610_27422 FE4 fe4 27492 Lancer_K02_calcul_dyn_part.sh NHTX121XXXXNN DEBUT 18/01/2012
2012/01/18 21:46:27 IFA_CNHIK6_NHJIK610_26164 FE2 fe2 26238 Lancer_K02_calcul_dyn_part.sh NHTX122XXXXNN FIN
2012/01/18 21:46:29 IFA_ENHIK6_NHJIK610_27422 FE4 fe4 27492 Lancer_K02_calcul_dyn_part.sh NHTX122XXXXNN FIN
2012/01/18 21:46:45 IFA_DNHIK6_NHJIK610_5816 FE3 fe3 5862 Lancer_K02_calcul_dyn_part.sh NHTX121XXXXNN DEBUT 18/01/2012
2012/01/18 21:46:50 IFA_DNHIK6_NHJIK610_5816 FE3 fe3 5862 Lancer_K02_calcul_dyn_part.sh NHTX122XXXXNN FIN
2012/01/20 02:23:24 IFA_CNHIK6_NHJIK610_4129 FE2 fe2 4154 Lancer_K02_calcul_dyn_part.sh NHTX121XXXXNN DEBUT 20/01/2012
2012/01/20 02:23:31 IFA_CNHIK6_NHJIK610_4129 FE2 fe2 4154 Lancer_K02_calcul_dyn_part.sh NHTX122XXXXNN FIN
2012/01/20 02:24:53 IFA_INHIK6_NHJIK610_9725 FE8 fe8 9746 Lancer_K02_calcul_dyn_part.sh NHTX121XXXXNN DEBUT 20/01/2012
2012/01/20 02:24:58 IFA_INHIK6_NHJIK610_9725 FE8 fe8 9746 Lancer_K02_calcul_dyn_part.sh NHTX122XXXXNN FIN
2012/01/20 02:25:17 IFA_HNHIK6_NHJIK610_11961 FE7 fe7 12015 Lancer_K02_calcul_dyn_part.sh NHTX121XXXXNN DEBUT 20/01/2012
2012/01/20 02:25:21 IFA_HNHIK6_NHJIK610_11961 FE7 fe7 12015 Lancer_K02_calcul_dyn_part.sh NHTX122XXXXNN FIN
2012/01/20 02:26:20 IFA_BNHIK6_NHJIK610_19065 FE1 fe1 19142 Lancer_K02_calcul_dyn_part.sh NHTX121XXXXNN DEBUT 20/01/2012
2012/01/20 02:26:24 IFA_BNHIK6_NHJIK610_19065 FE1 fe1 19142 Lancer_K02_calcul_dyn_part.sh NHTX122XXXXNN FIN
2012/01/20 02:28:05 IFA_ENHIK6_NHJIK610_2668 FE4 fe4 2753 Lancer_K02_calcul_dyn_part.sh NHTX121XXXXNN DEBUT 20/01/2012
2012/01/20 02:28:10 IFA_ENHIK6_NHJIK610_2668 FE4 fe4 2753 Lancer_K02_calcul_dyn_part.sh NHTX122XXXXNN FIN
2012/01/20 02:28:49 IFA_DNHIK6_NHJIK610_27506 FE3 fe3 27597 Lancer_K02_calcul_dyn_part.sh NHTX121XXXXNN DEBUT 20/01/2012
2012/01/20 02:28:54 IFA_DNHIK6_NHJIK610_27506 FE3 fe3 27597 Lancer_K02_calcul_dyn_part.sh NHTX122XXXXNN FIN
2012/01/21 06:52:31 IFA_HNHIK6_NHJIK610_18966 FE7 fe7 19056 Lancer_K02_calcul_dyn_part.sh NHTX121XXXXNN DEBUT 21/01/2012
2012/01/21 06:52:35 IFA_HNHIK6_NHJIK610_18966 FE7 fe7 19056 Lancer_K02_calcul_dyn_part.sh NHTX122XXXXNN FIN
2012/01/21 06:52:35 IFA_CNHIK6_NHJIK610_21191 FE2 fe2 21255 Lancer_K02_calcul_dyn_part.sh NHTX121XXXXNN DEBUT 21/01/2012
2012/01/21 06:52:39 IFA_CNHIK6_NHJIK610_21191 FE2 fe2 21255 Lancer_K02_calcul_dyn_part.sh NHTX122XXXXNN FIN
2012/01/21 06:52:49 IFA_BNHIK6_NHJIK610_27789 FE1 fe1 27877 Lancer_K02_calcul_dyn_part.sh NHTX121XXXXNN DEBUT 21/01/2012
2012/01/21 06:52:54 IFA_BNHIK6_NHJIK610_27789 FE1 fe1 27877 Lancer_K02_calcul_dyn_part.sh NHTX122XXXXNN FIN
2012/01/21 06:53:36 IFA_DNHIK6_NHJIK610_20719 FE3 fe3 20783 Lancer_K02_calcul_dyn_part.sh NHTX121XXXXNN DEBUT 21/01/2012
2012/01/21 06:53:40 IFA_DNHIK6_NHJIK610_20719 FE3 fe3 20783 Lancer_K02_calcul_dyn_part.sh NHTX122XXXXNN FIN
2012/01/21 06:53:48 IFA_ENHIK6_NHJIK610_25697 FE4 fe4 25772 Lancer_K02_calcul_dyn_part.sh NHTX121XXXXNN DEBUT 21/01/2012
2012/01/21 06:53:52 IFA_ENHIK6_NHJIK610_25697 FE4 fe4 25772 Lancer_K02_calcul_dyn_part.sh NHTX122XXXXNN FIN
2012/01/21 06:54:14 IFA_INHIK6_NHJIK610_8655 FE8 fe8 8720 Lancer_K02_calcul_dyn_part.sh NHTX121XXXXNN DEBUT 21/01/2012
2012/01/21 06:54:18 IFA_INHIK6_NHJIK610_8655 FE8 fe8 8720 Lancer_K02_calcul_dyn_part.sh NHTX122XXXXNN FIN
2012/01/23 21:26:04 IFA_DNHIK6_NHJIK610_13954 FE3 fe3 13976 Lancer_K02_calcul_dyn_part.sh NHTX121XXXXNN DEBUT 23/01/2012
2012/01/23 21:26:07 IFA_DNHIK6_NHJIK610_13954 FE3 fe3 13976 Lancer_K02_calcul_dyn_part.sh NHTX122XXXXNN FIN
2012/01/23 21:26:42 IFA_CNHIK6_NHJIK610_17317 FE2 fe2 17338 Lancer_K02_calcul_dyn_part.sh NHTX121XXXXNN DEBUT 23/01/2012
2012/01/23 21:26:45 IFA_CNHIK6_NHJIK610_17317 FE2 fe2 17338 Lancer_K02_calcul_dyn_part.sh NHTX122XXXXNN FIN
2012/01/23 21:27:37 IFA_BNHIK6_NHJIK610_22062 FE1 fe1 22108 Lancer_K02_calcul_dyn_part.sh NHTX121XXXXNN DEBUT 23/01/2012
2012/01/23 21:27:37 IFA_ENHIK6_NHJIK610_22169 FE4 fe4 22204 Lancer_K02_calcul_dyn_part.sh NHTX121XXXXNN DEBUT 23/01/2012
2012/01/23 21:27:41 IFA_BNHIK6_NHJIK610_22062 FE1 fe1 22108 Lancer_K02_calcul_dyn_part.sh NHTX122XXXXNN FIN
2012/01/23 21:27:41 IFA_ENHIK6_NHJIK610_22169 FE4 fe4 22204 Lancer_K02_calcul_dyn_part.sh NHTX122XXXXNN FIN
2012/01/24 21:15:15 IFA_DNHIK6_NHJIK610_11852 FE3 fe3 11916 Lancer_K02_calcul_dyn_part.sh NHTX121XXXXNN DEBUT 24/01/2012
2012/01/24 21:15:19 IFA_DNHIK6_NHJIK610_11852 FE3 fe3 11916 Lancer_K02_calcul_dyn_part.sh NHTX122XXXXNN FIN
2012/01/24 21:16:15 IFA_CNHIK6_NHJIK610_12375 FE2 fe2 12437 Lancer_K02_calcul_dyn_part.sh NHTX121XXXXNN DEBUT 24/01/2012
2012/01/24 21:16:19 IFA_CNHIK6_NHJIK610_12375 FE2 fe2 12437 Lancer_K02_calcul_dyn_part.sh NHTX122XXXXNN FIN
2012/01/24 21:17:16 IFA_BNHIK6_NHJIK610_12392 FE1 fe1 12449 Lancer_K02_calcul_dyn_part.sh NHTX121XXXXNN DEBUT 24/01/2012
2012/01/24 21:17:20 IFA_BNHIK6_NHJIK610_12392 FE1 fe1 12449 Lancer_K02_calcul_dyn_part.sh NHTX122XXXXNN FIN
2012/01/24 21:19:34 IFA_ENHIK6_NHJIK610_2226 FE4 fe4 2243 Lancer_K02_calcul_dyn_part.sh NHTX121XXXXNN DEBUT 24/01/2012
2012/01/24 21:19:38 IFA_ENHIK6_NHJIK610_2226 FE4 fe4 2243 Lancer_K02_calcul_dyn_part.sh NHTX122XXXXNN FIN
2012/01/26 21:52:43 IFA_BNHIK6_NHJIK610_13068 FE1 fe1 13151 Lancer_K02_calcul_dyn_part.sh NHTX121XXXXNN DEBUT 26/01/2012
2012/01/26 21:52:47 IFA_BNHIK6_NHJIK610_13068 FE1 fe1 13151 Lancer_K02_calcul_dyn_part.sh NHTX122XXXXNN FIN
2012/01/26 21:52:52 IFA_DNHIK6_NHJIK610_17858 FE3 fe3 17918 Lancer_K02_calcul_dyn_part.sh NHTX121XXXXNN DEBUT 26/01/2012
2012/01/26 21:52:56 IFA_DNHIK6_NHJIK610_17858 FE3 fe3 17918 Lancer_K02_calcul_dyn_part.sh NHTX122XXXXNN FIN
2012/01/26 21:54:54 IFA_CNHIK6_NHJIK610_17150 FE2 fe2 17206 Lancer_K02_calcul_dyn_part.sh NHTX121XXXXNN DEBUT 26/01/2012
2012/01/26 21:54:58 IFA_CNHIK6_NHJIK610_17150 FE2 fe2 17206 Lancer_K02_calcul_dyn_part.sh NHTX122XXXXNN FIN
2012/01/26 21:58:42 IFA_ENHIK6_NHJIK610_2002 FE4 fe4 2021 Lancer_K02_calcul_dyn_part.sh NHTX121XXXXNN DEBUT 26/01/2012
2012/01/26 21:58:47 IFA_ENHIK6_NHJIK610_2002 FE4 fe4 2021 Lancer_K02_calcul_dyn_part.sh NHTX122XXXXNN FIN
2012/01/28 10:25:13 IFA_BNHIK6_NHJIK610_782 FE1 fe1 862 Lancer_K02_calcul_dyn_part.sh NHTX121XXXXNN DEBUT 27/01/2012
2012/01/28 10:25:17 IFA_BNHIK6_NHJIK610_782 FE1 fe1 862 Lancer_K02_calcul_dyn_part.sh NHTX122XXXXNN FIN
2012/01/28 10:25:32 IFA_CNHIK6_NHJIK610_10584 FE2 fe2 10677 Lancer_K02_calcul_dyn_part.sh NHTX121XXXXNN DEBUT 27/01/2012
2012/01/28 10:25:35 IFA_CNHIK6_NHJIK610_10584 FE2 fe2 10677 Lancer_K02_calcul_dyn_part.sh NHTX122XXXXNN FIN
2012/01/28 10:25:45 IFA_ENHIK6_NHJIK610_17480 FE4 fe4 17552 Lancer_K02_calcul_dyn_part.sh NHTX121XXXXNN DEBUT 27/01/2012
2012/01/28 10:25:49 IFA_ENHIK6_NHJIK610_17480 FE4 fe4 17552 Lancer_K02_calcul_dyn_part.sh NHTX122XXXXNN FIN
2012/01/28 10:25:50 IFA_DNHIK6_NHJIK610_20522 FE3 fe3 20603 Lancer_K02_calcul_dyn_part.sh NHTX121XXXXNN DEBUT 27/01/2012
2012/01/28 10:25:54 IFA_DNHIK6_NHJIK610_20522 FE3 fe3 20603 Lancer_K02_calcul_dyn_part.sh NHTX122XXXXNN FIN
2012/01/30 21:56:21 IFA_HNHIK6_NHJIK610_22343 FE7 fe7 22375 Lancer_K02_calcul_dyn_part.sh NHTX121XXXXNN DEBUT 30/01/2012
2012/01/30 21:56:24 IFA_HNHIK6_NHJIK610_22343 FE7 fe7 22375 Lancer_K02_calcul_dyn_part.sh NHTX122XXXXNN FIN
2012/01/30 21:57:21 IFA_CNHIK6_NHJIK610_553 FE2 fe2 584 Lancer_K02_calcul_dyn_part.sh NHTX121XXXXNN DEBUT 30/01/2012
2012/01/30 21:57:23 IFA_BNHIK6_NHJIK610_952 FE1 fe1 969 Lancer_K02_calcul_dyn_part.sh NHTX121XXXXNN DEBUT 30/01/2012
2012/01/30 21:57:25 IFA_CNHIK6_NHJIK610_553 FE2 fe2 584 Lancer_K02_calcul_dyn_part.sh NHTX122XXXXNN FIN
2012/01/30 21:57:27 IFA_BNHIK6_NHJIK610_952 FE1 fe1 969 Lancer_K02_calcul_dyn_part.sh NHTX122XXXXNN FIN
2012/01/30 21:59:53 IFA_INHIK6_NHJIK610_2194 FE8 fe8 2282 Lancer_K02_calcul_dyn_part.sh NHTX121XXXXNN DEBUT 30/01/2012
2012/01/30 21:59:57 IFA_INHIK6_NHJIK610_2194 FE8 fe8 2282 Lancer_K02_calcul_dyn_part.sh NHTX122XXXXNN FIN
2012/01/30 21:59:57 IFA_DNHIK6_NHJIK610_4635 FE3 fe3 4732 Lancer_K02_calcul_dyn_part.sh NHTX121XXXXNN DEBUT 30/01/2012
2012/01/30 22:00:01 IFA_DNHIK6_NHJIK610_4635 FE3 fe3 4732 Lancer_K02_calcul_dyn_part.sh NHTX122XXXXNN FIN
2012/01/30 22:03:04 IFA_ENHIK6_NHJIK610_4506 FE4 fe4 4606 Lancer_K02_calcul_dyn_part.sh NHTX121XXXXNN DEBUT 30/01/2012
2012/01/30 22:03:07 IFA_ENHIK6_NHJIK610_4506 FE4 fe4 4606 Lancer_K02_calcul_dyn_part.sh NHTX122XXXXNN FIN
2012/02/01 00:01:20 IFA_HNHIK6_NHJIK610_24684 FE7 fe7 24781 Lancer_K02_calcul_dyn_part.sh NHTX121XXXXNN DEBUT 31/01/2012
2012/02/01 00:01:25 IFA_HNHIK6_NHJIK610_24684 FE7 fe7 24781 Lancer_K02_calcul_dyn_part.sh NHTX122XXXXNN FIN
2012/02/01 00:01:37 IFA_BNHIK6_NHJIK610_4254 FE1 fe1 4346 Lancer_K02_calcul_dyn_part.sh NHTX121XXXXNN DEBUT 31/01/2012
2012/02/01 00:01:42 IFA_BNHIK6_NHJIK610_4254 FE1 fe1 4346 Lancer_K02_calcul_dyn_part.sh NHTX122XXXXNN FIN
2012/02/01 00:02:07 IFA_ENHIK6_NHJIK610_19456 FE4 fe4 19514 Lancer_K02_calcul_dyn_part.sh NHTX121XXXXNN DEBUT 31/01/2012
2012/02/01 00:02:12 IFA_ENHIK6_NHJIK610_19456 FE4 fe4 19514 Lancer_K02_calcul_dyn_part.sh NHTX122XXXXNN FIN
2012/02/01 00:03:01 IFA_DNHIK6_NHJIK610_14538 FE3 fe3 14600 Lancer_K02_calcul_dyn_part.sh NHTX121XXXXNN DEBUT 31/01/2012
2012/02/01 00:03:06 IFA_DNHIK6_NHJIK610_14538 FE3 fe3 14600 Lancer_K02_calcul_dyn_part.sh NHTX122XXXXNN FIN
2012/02/01 00:03:35 IFA_CNHIK6_NHJIK610_29818 FE2 fe2 29867 Lancer_K02_calcul_dyn_part.sh NHTX121XXXXNN DEBUT 31/01/2012
2012/02/01 00:03:40 IFA_CNHIK6_NHJIK610_29818 FE2 fe2 29867 Lancer_K02_calcul_dyn_part.sh NHTX122XXXXNN FIN
2012/02/01 00:06:06 IFA_INHIK6_NHJIK610_6463 FE8 fe8 6556 Lancer_K02_calcul_dyn_part.sh NHTX121XXXXNN DEBUT 31/01/2012
2012/02/01 00:06:12 IFA_INHIK6_NHJIK610_6463 FE8 fe8 6556 Lancer_K02_calcul_dyn_part.sh NHTX122XXXXNN FIN
2012/02/02 22:33:22 IFA_ENHIK6_NHJIK610_18944 FE4 fe4 18972 Lancer_K02_calcul_dyn_part.sh NHTX121XXXXNN DEBUT 02/02/2012
2012/02/02 22:33:34 IFA_CNHIK6_NHJIK610_24750 FE2 fe2 24814 Lancer_K02_calcul_dyn_part.sh NHTX121XXXXNN DEBUT 02/02/2012
2012/02/02 22:33:34 IFA_ENHIK6_NHJIK610_18944 FE4 fe4 18972 Lancer_K02_calcul_dyn_part.sh NHTX122XXXXNN FIN
2012/02/02 22:33:38 IFA_DNHIK6_NHJIK610_26876 FE3 fe3 26941 Lancer_K02_calcul_dyn_part.sh NHTX121XXXXNN DEBUT 02/02/2012
2012/02/02 22:33:42 IFA_CNHIK6_NHJIK610_24750 FE2 fe2 24814 Lancer_K02_calcul_dyn_part.sh NHTX122XXXXNN FIN
2012/02/02 22:33:47 IFA_DNHIK6_NHJIK610_26876 FE3 fe3 26941 Lancer_K02_calcul_dyn_part.sh NHTX122XXXXNN FIN
2012/02/02 22:34:08 IFA_BNHIK6_NHJIK610_11740 FE1 fe1 11822 Lancer_K02_calcul_dyn_part.sh NHTX121XXXXNN DEBUT 02/02/2012
2012/02/02 22:34:19 IFA_BNHIK6_NHJIK610_11740 FE1 fe1 11822 Lancer_K02_calcul_dyn_part.sh NHTX122XXXXNN FIN
2012/02/04 12:27:26 IFA_DNHIK6_NHJIK610_7760 FE3 fe3 7823 Lancer_K02_calcul_dyn_part.sh NHTX121XXXXNN DEBUT 04/02/2012
2012/02/04 12:27:34 IFA_DNHIK6_NHJIK610_7760 FE3 fe3 7823 Lancer_K02_calcul_dyn_part.sh NHTX122XXXXNN FIN
2012/02/04 12:30:23 IFA_CNHIK6_NHJIK610_16330 FE2 fe2 16353 Lancer_K02_calcul_dyn_part.sh NHTX121XXXXNN DEBUT 04/02/2012
2012/02/04 12:30:30 IFA_CNHIK6_NHJIK610_16330 FE2 fe2 16353 Lancer_K02_calcul_dyn_part.sh NHTX122XXXXNN FIN
2012/02/04 12:33:01 IFA_BNHIK6_NHJIK610_19655 FE1 fe1 19677 Lancer_K02_calcul_dyn_part.sh NHTX121XXXXNN DEBUT 04/02/2012
2012/02/04 12:33:12 IFA_BNHIK6_NHJIK610_19655 FE1 fe1 19677 Lancer_K02_calcul_dyn_part.sh NHTX122XXXXNN FIN
2012/02/04 12:33:23 IFA_ENHIK6_NHJIK610_20478 FE4 fe4 20511 Lancer_K02_calcul_dyn_part.sh NHTX121XXXXNN DEBUT 04/02/2012
2012/02/04 12:33:32 IFA_ENHIK6_NHJIK610_20478 FE4 fe4 20511 Lancer_K02_calcul_dyn_part.sh NHTX122XXXXNN FIN
2012/02/06 22:03:32 IFA_DNHIK6_NHJIK610_1650 FE3 fe3 1671 Lancer_K02_calcul_dyn_part.sh NHTX121XXXXNN DEBUT 06/02/2012
2012/02/06 22:03:37 IFA_DNHIK6_NHJIK610_1650 FE3 fe3 1671 Lancer_K02_calcul_dyn_part.sh NHTX122XXXXNN FIN
2012/02/06 22:04:40 IFA_BNHIK6_NHJIK610_5703 FE1 fe1 5722 Lancer_K02_calcul_dyn_part.sh NHTX121XXXXNN DEBUT 06/02/2012
2012/02/06 22:04:45 IFA_BNHIK6_NHJIK610_5703 FE1 fe1 5722 Lancer_K02_calcul_dyn_part.sh NHTX122XXXXNN FIN
2012/02/06 22:06:19 IFA_CNHIK6_NHJIK610_9011 FE2 fe2 9033 Lancer_K02_calcul_dyn_part.sh NHTX121XXXXNN DEBUT 06/02/2012
2012/02/06 22:06:24 IFA_CNHIK6_NHJIK610_9011 FE2 fe2 9033 Lancer_K02_calcul_dyn_part.sh NHTX122XXXXNN FIN
2012/02/06 22:07:19 IFA_ENHIK6_NHJIK610_12417 FE4 fe4 12486 Lancer_K02_calcul_dyn_part.sh NHTX121XXXXNN DEBUT 06/02/2012
2012/02/06 22:07:24 IFA_ENHIK6_NHJIK610_12417 FE4 fe4 12486 Lancer_K02_calcul_dyn_part.sh NHTX122XXXXNN FIN
2012/02/08 22:13:59 IFA_DNHIK6_NHJIK610_4286 FE3 fe3 4307 Lancer_K02_calcul_dyn_part.sh NHTX121XXXXNN DEBUT 08/02/2012
2012/02/08 22:14:03 IFA_DNHIK6_NHJIK610_4286 FE3 fe3 4307 Lancer_K02_calcul_dyn_part.sh NHTX122XXXXNN FIN
2012/02/08 22:14:51 IFA_BNHIK6_NHJIK610_7475 FE1 fe1 7494 Lancer_K02_calcul_dyn_part.sh NHTX121XXXXNN DEBUT 08/02/2012
2012/02/08 22:14:55 IFA_BNHIK6_NHJIK610_7475 FE1 fe1 7494 Lancer_K02_calcul_dyn_part.sh NHTX122XXXXNN FIN
2012/02/08 22:16:07 IFA_CNHIK6_NHJIK610_10127 FE2 fe2 10148 Lancer_K02_calcul_dyn_part.sh NHTX121XXXXNN DEBUT 08/02/2012
2012/02/08 22:16:11 IFA_CNHIK6_NHJIK610_10127 FE2 fe2 10148 Lancer_K02_calcul_dyn_part.sh NHTX122XXXXNN FIN
2012/02/08 22:19:06 IFA_ENHIK6_NHJIK610_13672 FE4 fe4 13749 Lancer_K02_calcul_dyn_part.sh NHTX121XXXXNN DEBUT 08/02/2012
2012/02/08 22:19:11 IFA_ENHIK6_NHJIK610_13672 FE4 fe4 13749 Lancer_K02_calcul_dyn_part.sh NHTX122XXXXNN FIN
2012/02/09 21:32:12 IFA_DNHIK6_NHJIK610_19938 FE3 fe3 19959 Lancer_K02_calcul_dyn_part.sh NHTX121XXXXNN DEBUT 09/02/2012
2012/02/09 21:32:15 IFA_DNHIK6_NHJIK610_19938 FE3 fe3 19959 Lancer_K02_calcul_dyn_part.sh NHTX122XXXXNN FIN
2012/02/09 21:32:23 IFA_CNHIK6_NHJIK610_20741 FE2 fe2 20763 Lancer_K02_calcul_dyn_part.sh NHTX121XXXXNN DEBUT 09/02/2012
2012/02/09 21:32:27 IFA_CNHIK6_NHJIK610_20741 FE2 fe2 20763 Lancer_K02_calcul_dyn_part.sh NHTX122XXXXNN FIN
2012/02/09 21:36:13 IFA_ENHIK6_NHJIK610_17762 FE4 fe4 17829 Lancer_K02_calcul_dyn_part.sh NHTX121XXXXNN DEBUT 09/02/2012
2012/02/09 21:36:17 IFA_ENHIK6_NHJIK610_17762 FE4 fe4 17829 Lancer_K02_calcul_dyn_part.sh NHTX122XXXXNN FIN
2012/02/09 21:37:05 IFA_BNHIK6_NHJIK610_14790 FE1 fe1 14843 Lancer_K02_calcul_dyn_part.sh NHTX121XXXXNN DEBUT 09/02/2012
2012/02/09 21:37:10 IFA_BNHIK6_NHJIK610_14790 FE1 fe1 14843 Lancer_K02_calcul_dyn_part.sh NHTX122XXXXNN FIN
2012/02/11 05:38:22 IFA_CNHIK6_NHJIK610_12743 FE2 fe2 12780 Lancer_K02_calcul_dyn_part.sh NHTX121XXXXNN DEBUT 10/02/2012
2012/02/11 05:38:24 IFA_BNHIK6_NHJIK610_13153 FE1 fe1 13175 Lancer_K02_calcul_dyn_part.sh NHTX121XXXXNN DEBUT 10/02/2012
2012/02/11 05:38:26 IFA_CNHIK6_NHJIK610_12743 FE2 fe2 12780 Lancer_K02_calcul_dyn_part.sh NHTX122XXXXNN FIN
2012/02/11 05:38:28 IFA_BNHIK6_NHJIK610_13153 FE1 fe1 13175 Lancer_K02_calcul_dyn_part.sh NHTX122XXXXNN FIN
2012/02/11 05:39:27 IFA_DNHIK6_NHJIK610_18600 FE3 fe3 18626 Lancer_K02_calcul_dyn_part.sh NHTX121XXXXNN DEBUT 10/02/2012
2012/02/11 05:39:30 IFA_ENHIK6_NHJIK610_18974 FE4 fe4 19006 Lancer_K02_calcul_dyn_part.sh NHTX121XXXXNN DEBUT 10/02/2012
2012/02/11 05:39:31 IFA_DNHIK6_NHJIK610_18600 FE3 fe3 18626 Lancer_K02_calcul_dyn_part.sh NHTX122XXXXNN FIN
2012/02/11 05:39:34 IFA_ENHIK6_NHJIK610_18974 FE4 fe4 19006 Lancer_K02_calcul_dyn_part.sh NHTX122XXXXNN FIN
2012/02/13 21:51:19 IFA_BNHIK6_NHJIK610_22405 FE1 fe1 22427 Lancer_K02_calcul_dyn_part.sh NHTX121XXXXNN DEBUT 13/02/2012
2012/02/13 21:51:24 IFA_BNHIK6_NHJIK610_22405 FE1 fe1 22427 Lancer_K02_calcul_dyn_part.sh NHTX122XXXXNN FIN
2012/02/13 21:52:53 IFA_DNHIK6_NHJIK610_23048 FE3 fe3 23113 Lancer_K02_calcul_dyn_part.sh NHTX121XXXXNN DEBUT 13/02/2012
2012/02/13 21:52:56 IFA_DNHIK6_NHJIK610_23048 FE3 fe3 23113 Lancer_K02_calcul_dyn_part.sh NHTX122XXXXNN FIN
2012/02/13 21:53:07 IFA_ENHIK6_NHJIK610_308 FE4 fe4 385 Lancer_K02_calcul_dyn_part.sh NHTX121XXXXNN DEBUT 13/02/2012
2012/02/13 21:53:10 IFA_ENHIK6_NHJIK610_308 FE4 fe4 385 Lancer_K02_calcul_dyn_part.sh NHTX122XXXXNN FIN
2012/02/13 21:54:17 IFA_CNHIK6_NHJIK610_3414 FE2 fe2 3449 Lancer_K02_calcul_dyn_part.sh NHTX121XXXXNN DEBUT 13/02/2012
2012/02/13 21:54:20 IFA_CNHIK6_NHJIK610_3414 FE2 fe2 3449 Lancer_K02_calcul_dyn_part.sh NHTX122XXXXNN FIN
2012/02/14 21:12:03 IFA_BNHIK6_NHJIK610_5331 FE1 fe1 5373 Lancer_K02_calcul_dyn_part.sh NHTX121XXXXNN DEBUT 14/02/2012
2012/02/14 21:12:03 IFA_CNHIK6_NHJIK610_5372 FE2 fe2 5417 Lancer_K02_calcul_dyn_part.sh NHTX121XXXXNN DEBUT 14/02/2012
2012/02/14 21:12:03 IFA_DNHIK6_NHJIK610_5428 FE3 fe3 5456 Lancer_K02_calcul_dyn_part.sh NHTX121XXXXNN DEBUT 14/02/2012
2012/02/14 21:12:03 IFA_ENHIK6_NHJIK610_5459 FE4 fe4 5479 Lancer_K02_calcul_dyn_part.sh NHTX121XXXXNN DEBUT 14/02/2012
2012/02/14 21:12:06 IFA_BNHIK6_NHJIK610_5331 FE1 fe1 5373 Lancer_K02_calcul_dyn_part.sh NHTX122XXXXNN FIN
2012/02/14 21:12:06 IFA_CNHIK6_NHJIK610_5372 FE2 fe2 5417 Lancer_K02_calcul_dyn_part.sh NHTX122XXXXNN FIN
2012/02/14 21:12:06 IFA_DNHIK6_NHJIK610_5428 FE3 fe3 5456 Lancer_K02_calcul_dyn_part.sh NHTX122XXXXNN FIN
2012/02/14 21:12:08 IFA_ENHIK6_NHJIK610_5459 FE4 fe4 5479 Lancer_K02_calcul_dyn_part.sh NHTX122XXXXNN FIN
2012/02/15 22:36:37 IFA_CNHIK6_NHJIK610_14942 FE2 fe2 15005 Lancer_K02_calcul_dyn_part.sh NHTX121XXXXNN DEBUT 15/02/2012
2012/02/15 22:36:41 IFA_CNHIK6_NHJIK610_14942 FE2 fe2 15005 Lancer_K02_calcul_dyn_part.sh NHTX122XXXXNN FIN
2012/02/15 22:37:11 IFA_DNHIK6_NHJIK610_1883 FE3 fe3 1943 Lancer_K02_calcul_dyn_part.sh NHTX121XXXXNN DEBUT 15/02/2012
2012/02/15 22:37:14 IFA_DNHIK6_NHJIK610_1883 FE3 fe3 1943 Lancer_K02_calcul_dyn_part.sh NHTX122XXXXNN FIN
2012/02/15 22:37:15 IFA_ENHIK6_NHJIK610_4191 FE4 fe4 4254 Lancer_K02_calcul_dyn_part.sh NHTX121XXXXNN DEBUT 15/02/2012
2012/02/15 22:37:19 IFA_ENHIK6_NHJIK610_4191 FE4 fe4 4254 Lancer_K02_calcul_dyn_part.sh NHTX122XXXXNN FIN
2012/02/15 22:39:24 IFA_BNHIK6_NHJIK610_7612 FE1 fe1 7640 Lancer_K02_calcul_dyn_part.sh NHTX121XXXXNN DEBUT 15/02/2012
2012/02/15 22:39:27 IFA_BNHIK6_NHJIK610_7612 FE1 fe1 7640 Lancer_K02_calcul_dyn_part.sh NHTX122XXXXNN FIN
2011/10/18 21:32:26 IFA_BNHIK6_NHJIK610_23037 FE1 fe1 23076 Lancer_K02_calcul_dyn_part.sh NHTX121XXXXNN DEBUT 18/10/2011
2011/10/18 21:32:32 IFA_BNHIK6_NHJIK610_23037 FE1 fe1 23076 Lancer_K02_calcul_dyn_part.sh NHTX122XXXXNN FIN
2011/10/18 21:32:50 IFA_ENHIK6_NHJIK610_26838 FE4 fe4 26871 Lancer_K02_calcul_dyn_part.sh NHTX121XXXXNN DEBUT 18/10/2011
2011/10/18 21:32:55 IFA_ENHIK6_NHJIK610_26838 FE4 fe4 26871 Lancer_K02_calcul_dyn_part.sh NHTX122XXXXNN FIN
2011/10/18 21:34:41 IFA_CNHIK6_NHJIK610_3246 FE2 fe2 3272 Lancer_K02_calcul_dyn_part.sh NHTX121XXXXNN DEBUT 18/10/2011
2011/10/18 21:34:45 IFA_CNHIK6_NHJIK610_3246 FE2 fe2 3272 Lancer_K02_calcul_dyn_part.sh NHTX122XXXXNN FIN
2011/10/18 21:35:04 IFA_DNHIK6_NHJIK610_5542 FE3 fe3 5584 Lancer_K02_calcul_dyn_part.sh NHTX121XXXXNN DEBUT 18/10/2011
2011/10/18 21:35:08 IFA_DNHIK6_NHJIK610_5542 FE3 fe3 5584 Lancer_K02_calcul_dyn_part.sh NHTX122XXXXNN FIN
2011/10/19 21:26:24 IFA_BNHIK6_NHJIK610_12055 FE1 fe1 12076 Lancer_K02_calcul_dyn_part.sh NHTX121XXXXNN DEBUT 19/10/2011
2011/10/19 21:26:29 IFA_BNHIK6_NHJIK610_12055 FE1 fe1 12076 Lancer_K02_calcul_dyn_part.sh NHTX122XXXXNN FIN
2011/10/19 21:27:17 IFA_CNHIK6_NHJIK610_16361 FE2 fe2 16383 Lancer_K02_calcul_dyn_part.sh NHTX121XXXXNN DEBUT 19/10/2011
2011/10/19 21:27:21 IFA_CNHIK6_NHJIK610_16361 FE2 fe2 16383 Lancer_K02_calcul_dyn_part.sh NHTX122XXXXNN FIN
2011/10/19 21:27:39 IFA_ENHIK6_NHJIK610_17002 FE4 fe4 17024 Lancer_K02_calcul_dyn_part.sh NHTX121XXXXNN DEBUT 19/10/2011
2011/10/19 21:27:44 IFA_ENHIK6_NHJIK610_17002 FE4 fe4 17024 Lancer_K02_calcul_dyn_part.sh NHTX122XXXXNN FIN
2011/10/19 21:28:27 IFA_DNHIK6_NHJIK610_20736 FE3 fe3 20756 Lancer_K02_calcul_dyn_part.sh NHTX121XXXXNN DEBUT 19/10/2011
2011/10/19 21:28:31 IFA_DNHIK6_NHJIK610_20736 FE3 fe3 20756 Lancer_K02_calcul_dyn_part.sh NHTX122XXXXNN FIN
2011/10/20 21:20:34 IFA_CNHIK6_NHJIK610_12591 FE2 fe2 12623 Lancer_K02_calcul_dyn_part.sh NHTX121XXXXNN DEBUT 20/10/2011
2011/10/20 21:20:38 IFA_CNHIK6_NHJIK610_12591 FE2 fe2 12623 Lancer_K02_calcul_dyn_part.sh NHTX122XXXXNN FIN
2011/10/20 21:21:10 IFA_DNHIK6_NHJIK610_16207 FE3 fe3 16239 Lancer_K02_calcul_dyn_part.sh NHTX121XXXXNN DEBUT 20/10/2011
2011/10/20 21:21:15 IFA_DNHIK6_NHJIK610_16207 FE3 fe3 16239 Lancer_K02_calcul_dyn_part.sh NHTX122XXXXNN FIN
2011/10/20 21:21:23 IFA_BNHIK6_NHJIK610_17191 FE1 fe1 17224 Lancer_K02_calcul_dyn_part.sh NHTX121XXXXNN DEBUT 20/10/2011
2011/10/20 21:21:29 IFA_BNHIK6_NHJIK610_17191 FE1 fe1 17224 Lancer_K02_calcul_dyn_part.sh NHTX122XXXXNN FIN
2011/10/20 21:22:52 IFA_ENHIK6_NHJIK610_22985 FE4 fe4 23007 Lancer_K02_calcul_dyn_part.sh NHTX121XXXXNN DEBUT 20/10/2011
2011/10/20 21:22:56 IFA_ENHIK6_NHJIK610_22985 FE4 fe4 23007 Lancer_K02_calcul_dyn_part.sh NHTX122XXXXNN FIN
2011/10/22 06:58:34 IFA_CNHIK6_NHJIK610_7778 FE2 fe2 7807 Lancer_K02_calcul_dyn_part.sh NHTX121XXXXNN DEBUT 21/10/2011
2011/10/22 06:58:37 IFA_CNHIK6_NHJIK610_7778 FE2 fe2 7807 Lancer_K02_calcul_dyn_part.sh NHTX122XXXXNN FIN
2011/10/22 06:58:38 IFA_BNHIK6_NHJIK610_8174 FE1 fe1 8196 Lancer_K02_calcul_dyn_part.sh NHTX121XXXXNN DEBUT 21/10/2011
2011/10/22 06:58:41 IFA_BNHIK6_NHJIK610_8174 FE1 fe1 8196 Lancer_K02_calcul_dyn_part.sh NHTX122XXXXNN FIN
2011/10/22 06:59:06 IFA_ENHIK6_NHJIK610_11583 FE4 fe4 11638 Lancer_K02_calcul_dyn_part.sh NHTX121XXXXNN DEBUT 21/10/2011
2011/10/22 06:59:09 IFA_ENHIK6_NHJIK610_11583 FE4 fe4 11638 Lancer_K02_calcul_dyn_part.sh NHTX122XXXXNN FIN
2011/10/22 06:59:21 IFA_DNHIK6_NHJIK610_13241 FE3 fe3 13261 Lancer_K02_calcul_dyn_part.sh NHTX121XXXXNN DEBUT 21/10/2011
2011/10/22 06:59:25 IFA_DNHIK6_NHJIK610_13241 FE3 fe3 13261 Lancer_K02_calcul_dyn_part.sh NHTX122XXXXNN FIN
2011/10/24 21:35:37 IFA_DNHIK6_NHJIK610_13645 FE3 fe3 13718 Lancer_K02_calcul_dyn_part.sh NHTX121XXXXNN DEBUT 24/10/2011
2011/10/24 21:35:41 IFA_DNHIK6_NHJIK610_13645 FE3 fe3 13718 Lancer_K02_calcul_dyn_part.sh NHTX122XXXXNN FIN
2011/10/24 21:36:18 IFA_CNHIK6_NHJIK610_3260 FE2 fe2 3339 Lancer_K02_calcul_dyn_part.sh NHTX121XXXXNN DEBUT 24/10/2011
2011/10/24 21:36:21 IFA_CNHIK6_NHJIK610_3260 FE2 fe2 3339 Lancer_K02_calcul_dyn_part.sh NHTX122XXXXNN FIN
2011/10/24 21:37:37 IFA_BNHIK6_NHJIK610_9043 FE1 fe1 9060 Lancer_K02_calcul_dyn_part.sh NHTX121XXXXNN DEBUT 24/10/2011
2011/10/24 21:37:41 IFA_BNHIK6_NHJIK610_9043 FE1 fe1 9060 Lancer_K02_calcul_dyn_part.sh NHTX122XXXXNN FIN
2011/10/24 21:38:42 IFA_ENHIK6_NHJIK610_13169 FE4 fe4 13208 Lancer_K02_calcul_dyn_part.sh NHTX121XXXXNN DEBUT 24/10/2011
2011/10/24 21:38:45 IFA_ENHIK6_NHJIK610_13169 FE4 fe4 13208 Lancer_K02_calcul_dyn_part.sh NHTX122XXXXNN FIN
2011/10/26 22:15:14 IFA_CNHIK6_NHJIK610_7969 FE2 fe2 8006 Lancer_K02_calcul_dyn_part.sh NHTX121XXXXNN DEBUT 26/10/2011
2011/10/26 22:15:18 IFA_CNHIK6_NHJIK610_7969 FE2 fe2 8006 Lancer_K02_calcul_dyn_part.sh NHTX122XXXXNN FIN
2011/10/26 22:17:02 IFA_ENHIK6_NHJIK610_25621 FE4 fe4 25683 Lancer_K02_calcul_dyn_part.sh NHTX121XXXXNN DEBUT 26/10/2011
2011/10/26 22:17:03 IFA_DNHIK6_NHJIK610_26342 FE3 fe3 26408 Lancer_K02_calcul_dyn_part.sh NHTX121XXXXNN DEBUT 26/10/2011
2011/10/26 22:17:05 IFA_ENHIK6_NHJIK610_25621 FE4 fe4 25683 Lancer_K02_calcul_dyn_part.sh NHTX122XXXXNN FIN
2011/10/26 22:17:06 IFA_DNHIK6_NHJIK610_26342 FE3 fe3 26408 Lancer_K02_calcul_dyn_part.sh NHTX122XXXXNN FIN
2011/10/26 22:18:12 IFA_BNHIK6_NHJIK610_455 FE1 fe1 537 Lancer_K02_calcul_dyn_part.sh NHTX121XXXXNN DEBUT 26/10/2011
2011/10/26 22:18:16 IFA_BNHIK6_NHJIK610_455 FE1 fe1 537 Lancer_K02_calcul_dyn_part.sh NHTX122XXXXNN FIN
2011/10/27 22:14:56 IFA_BNHIK6_NHJIK610_16234 FE1 fe1 16272 Lancer_K02_calcul_dyn_part.sh NHTX121XXXXNN DEBUT 27/10/2011
2011/10/27 22:14:59 IFA_BNHIK6_NHJIK610_16234 FE1 fe1 16272 Lancer_K02_calcul_dyn_part.sh NHTX122XXXXNN FIN
2011/10/27 22:15:44 IFA_CNHIK6_NHJIK610_25118 FE2 fe2 25137 Lancer_K02_calcul_dyn_part.sh NHTX121XXXXNN DEBUT 27/10/2011
2011/10/27 22:15:47 IFA_CNHIK6_NHJIK610_25118 FE2 fe2 25137 Lancer_K02_calcul_dyn_part.sh NHTX122XXXXNN FIN
2011/10/27 22:18:04 IFA_DNHIK6_NHJIK610_24016 FE3 fe3 24088 Lancer_K02_calcul_dyn_part.sh NHTX121XXXXNN DEBUT 27/10/2011
2011/10/27 22:18:07 IFA_DNHIK6_NHJIK610_24016 FE3 fe3 24088 Lancer_K02_calcul_dyn_part.sh NHTX122XXXXNN FIN
2011/10/27 22:18:25 IFA_ENHIK6_NHJIK610_5893 FE4 fe4 5973 Lancer_K02_calcul_dyn_part.sh NHTX121XXXXNN DEBUT 27/10/2011
2011/10/27 22:18:28 IFA_ENHIK6_NHJIK610_5893 FE4 fe4 5973 Lancer_K02_calcul_dyn_part.sh NHTX122XXXXNN FIN
2011/10/29 06:41:22 IFA_CNHIK6_NHJIK610_12516 FE2 fe2 12538 Lancer_K02_calcul_dyn_part.sh NHTX121XXXXNN DEBUT 28/10/2011
2011/10/29 06:41:24 IFA_CNHIK6_NHJIK610_12516 FE2 fe2 12538 Lancer_K02_calcul_dyn_part.sh NHTX122XXXXNN FIN
2011/10/29 06:41:41 IFA_BNHIK6_NHJIK610_14680 FE1 fe1 14748 Lancer_K02_calcul_dyn_part.sh NHTX121XXXXNN DEBUT 28/10/2011
2011/10/29 06:41:44 IFA_BNHIK6_NHJIK610_14680 FE1 fe1 14748 Lancer_K02_calcul_dyn_part.sh NHTX122XXXXNN FIN
2011/10/29 06:41:54 IFA_DNHIK6_NHJIK610_17029 FE3 fe3 17082 Lancer_K02_calcul_dyn_part.sh NHTX121XXXXNN DEBUT 28/10/2011
2011/10/29 06:41:56 IFA_ENHIK6_NHJIK610_17570 FE4 fe4 17618 Lancer_K02_calcul_dyn_part.sh NHTX121XXXXNN DEBUT 28/10/2011
2011/10/29 06:41:57 IFA_DNHIK6_NHJIK610_17029 FE3 fe3 17082 Lancer_K02_calcul_dyn_part.sh NHTX122XXXXNN FIN
2011/10/29 06:41:59 IFA_ENHIK6_NHJIK610_17570 FE4 fe4 17618 Lancer_K02_calcul_dyn_part.sh NHTX122XXXXNN FIN
2011/10/31 22:08:29 IFA_BNHIK6_NHJIK610_13107 FE1 fe1 13182 Lancer_K02_calcul_dyn_part.sh NHTX121XXXXNN DEBUT 31/10/2011
2011/10/31 22:08:29 IFA_CNHIK6_NHJIK610_13255 FE2 fe2 13293 Lancer_K02_calcul_dyn_part.sh NHTX121XXXXNN DEBUT 31/10/2011
2011/10/31 22:08:32 IFA_CNHIK6_NHJIK610_13255 FE2 fe2 13293 Lancer_K02_calcul_dyn_part.sh NHTX122XXXXNN FIN
2011/10/31 22:08:32 IFA_BNHIK6_NHJIK610_13107 FE1 fe1 13182 Lancer_K02_calcul_dyn_part.sh NHTX122XXXXNN FIN
2011/10/31 22:08:35 IFA_DNHIK6_NHJIK610_14085 FE3 fe3 14111 Lancer_K02_calcul_dyn_part.sh NHTX121XXXXNN DEBUT 31/10/2011
2011/10/31 22:08:38 IFA_DNHIK6_NHJIK610_14085 FE3 fe3 14111 Lancer_K02_calcul_dyn_part.sh NHTX122XXXXNN FIN
2011/10/31 22:09:12 IFA_ENHIK6_NHJIK610_18603 FE4 fe4 18621 Lancer_K02_calcul_dyn_part.sh NHTX121XXXXNN DEBUT 31/10/2011
2011/10/31 22:09:15 IFA_ENHIK6_NHJIK610_18603 FE4 fe4 18621 Lancer_K02_calcul_dyn_part.sh NHTX122XXXXNN FIN
2011/11/02 21:34:51 IFA_BNHIK6_NHJIK610_22302 FE1 fe1 22324 Lancer_K02_calcul_dyn_part.sh NHTX121XXXXNN DEBUT 02/11/2011
2011/11/02 21:34:58 IFA_CNHIK6_NHJIK610_22640 FE2 fe2 22662 Lancer_K02_calcul_dyn_part.sh NHTX121XXXXNN DEBUT 02/11/2011
2011/11/02 21:35:08 IFA_BNHIK6_NHJIK610_22302 FE1 fe1 22324 Lancer_K02_calcul_dyn_part.sh NHTX122XXXXNN FIN
2011/11/02 21:35:10 IFA_CNHIK6_NHJIK610_22640 FE2 fe2 22662 Lancer_K02_calcul_dyn_part.sh NHTX122XXXXNN FIN
2011/11/02 21:35:38 IFA_DNHIK6_NHJIK610_27011 FE3 fe3 27063 Lancer_K02_calcul_dyn_part.sh NHTX121XXXXNN DEBUT 02/11/2011
2011/11/02 21:35:49 IFA_DNHIK6_NHJIK610_27011 FE3 fe3 27063 Lancer_K02_calcul_dyn_part.sh NHTX122XXXXNN FIN
2011/11/02 21:39:14 IFA_ENHIK6_NHJIK610_12142 FE4 fe4 12200 Lancer_K02_calcul_dyn_part.sh NHTX121XXXXNN DEBUT 02/11/2011
2011/11/02 21:39:28 IFA_ENHIK6_NHJIK610_12142 FE4 fe4 12200 Lancer_K02_calcul_dyn_part.sh NHTX122XXXXNN FIN
2011/11/03 21:33:21 IFA_CNHIK6_NHJIK610_21955 FE2 fe2 21976 Lancer_K02_calcul_dyn_part.sh NHTX121XXXXNN DEBUT 03/11/2011
2011/11/03 21:33:32 IFA_CNHIK6_NHJIK610_21955 FE2 fe2 21976 Lancer_K02_calcul_dyn_part.sh NHTX122XXXXNN FIN
2011/11/03 21:42:11 IFA_ENHIK6_NHJIK610_17152 FE4 fe4 17204 Lancer_K02_calcul_dyn_part.sh NHTX121XXXXNN DEBUT 03/11/2011
2011/11/03 21:42:25 IFA_ENHIK6_NHJIK610_17152 FE4 fe4 17204 Lancer_K02_calcul_dyn_part.sh NHTX122XXXXNN FIN
2011/11/03 21:44:35 IFA_BNHIK6_NHJIK610_1862 FE1 fe1 1881 Lancer_K02_calcul_dyn_part.sh NHTX121XXXXNN DEBUT 03/11/2011
2011/11/03 21:44:38 IFA_DNHIK6_NHJIK610_2206 FE3 fe3 2225 Lancer_K02_calcul_dyn_part.sh NHTX121XXXXNN DEBUT 03/11/2011
2011/11/03 21:44:48 IFA_DNHIK6_NHJIK610_2206 FE3 fe3 2225 Lancer_K02_calcul_dyn_part.sh NHTX122XXXXNN FIN
2011/11/03 21:44:50 IFA_BNHIK6_NHJIK610_1862 FE1 fe1 1881 Lancer_K02_calcul_dyn_part.sh NHTX122XXXXNN FIN
2011/11/05 06:56:56 IFA_DNHIK6_NHJIK610_16640 FE3 fe3 16705 Lancer_K02_calcul_dyn_part.sh NHTX121XXXXNN DEBUT 04/11/2011
2011/11/05 06:57:00 IFA_DNHIK6_NHJIK610_16640 FE3 fe3 16705 Lancer_K02_calcul_dyn_part.sh NHTX122XXXXNN FIN
2011/11/05 06:59:48 IFA_CNHIK6_NHJIK610_14397 FE2 fe2 14419 Lancer_K02_calcul_dyn_part.sh NHTX121XXXXNN DEBUT 04/11/2011
2011/11/05 06:59:56 IFA_CNHIK6_NHJIK610_14397 FE2 fe2 14419 Lancer_K02_calcul_dyn_part.sh NHTX122XXXXNN FIN
2011/11/05 07:07:53 IFA_ENHIK6_NHJIK610_28964 FE4 fe4 28984 Lancer_K02_calcul_dyn_part.sh NHTX121XXXXNN DEBUT 04/11/2011
2011/11/05 07:08:03 IFA_ENHIK6_NHJIK610_28964 FE4 fe4 28984 Lancer_K02_calcul_dyn_part.sh NHTX122XXXXNN FIN
2011/11/05 07:33:55 IFA_BNHIK6_NHJIK610_24014 FE1 fe1 24045 Lancer_K02_calcul_dyn_part.sh NHTX121XXXXNN DEBUT 04/11/2011
2011/11/05 07:34:19 IFA_BNHIK6_NHJIK610_24014 FE1 fe1 24045 Lancer_K02_calcul_dyn_part.sh NHTX122XXXXNN FIN
2011/11/07 22:18:33 IFA_BNHIK6_NHJIK610_25941 FE1 fe1 25981 Lancer_K02_calcul_dyn_part.sh NHTX121XXXXNN DEBUT 07/11/2011
2011/11/07 22:18:38 IFA_BNHIK6_NHJIK610_25941 FE1 fe1 25981 Lancer_K02_calcul_dyn_part.sh NHTX122XXXXNN FIN
2011/11/07 22:21:11 IFA_DNHIK6_NHJIK610_3783 FE3 fe3 3807 Lancer_K02_calcul_dyn_part.sh NHTX121XXXXNN DEBUT 07/11/2011
2011/11/07 22:21:16 IFA_DNHIK6_NHJIK610_3783 FE3 fe3 3807 Lancer_K02_calcul_dyn_part.sh NHTX122XXXXNN FIN
2011/11/07 22:21:39 IFA_ENHIK6_NHJIK610_4576 FE4 fe4 4597 Lancer_K02_calcul_dyn_part.sh NHTX121XXXXNN DEBUT 07/11/2011
2011/11/07 22:21:43 IFA_ENHIK6_NHJIK610_4576 FE4 fe4 4597 Lancer_K02_calcul_dyn_part.sh NHTX122XXXXNN FIN
2011/11/07 22:23:07 IFA_CNHIK6_NHJIK610_13514 FE2 fe2 13572 Lancer_K02_calcul_dyn_part.sh NHTX121XXXXNN DEBUT 07/11/2011
2011/11/07 22:23:11 IFA_CNHIK6_NHJIK610_13514 FE2 fe2 13572 Lancer_K02_calcul_dyn_part.sh NHTX122XXXXNN FIN
2011/11/08 21:51:37 IFA_ENHIK6_NHJIK610_22051 FE4 fe4 22121 Lancer_K02_calcul_dyn_part.sh NHTX121XXXXNN DEBUT 08/11/2011
2011/11/08 21:51:38 IFA_CNHIK6_NHJIK610_22740 FE2 fe2 22802 Lancer_K02_calcul_dyn_part.sh NHTX121XXXXNN DEBUT 08/11/2011
2011/11/08 21:51:42 IFA_ENHIK6_NHJIK610_22051 FE4 fe4 22121 Lancer_K02_calcul_dyn_part.sh NHTX122XXXXNN FIN
2011/11/08 21:51:43 IFA_CNHIK6_NHJIK610_22740 FE2 fe2 22802 Lancer_K02_calcul_dyn_part.sh NHTX122XXXXNN FIN
2011/11/08 21:51:54 IFA_BNHIK6_NHJIK610_172 FE1 fe1 232 Lancer_K02_calcul_dyn_part.sh NHTX121XXXXNN DEBUT 08/11/2011
2011/11/08 21:51:59 IFA_BNHIK6_NHJIK610_172 FE1 fe1 232 Lancer_K02_calcul_dyn_part.sh NHTX122XXXXNN FIN
2011/11/08 21:52:04 IFA_DNHIK6_NHJIK610_5596 FE3 fe3 5666 Lancer_K02_calcul_dyn_part.sh NHTX121XXXXNN DEBUT 08/11/2011
2011/11/08 21:52:09 IFA_DNHIK6_NHJIK610_5596 FE3 fe3 5666 Lancer_K02_calcul_dyn_part.sh NHTX122XXXXNN FIN
2011/11/09 21:36:02 IFA_CNHIK6_NHJIK610_24339 FE2 fe2 24375 Lancer_K02_calcul_dyn_part.sh NHTX121XXXXNN DEBUT 09/11/2011
2011/11/09 21:36:06 IFA_CNHIK6_NHJIK610_24339 FE2 fe2 24375 Lancer_K02_calcul_dyn_part.sh NHTX122XXXXNN FIN
2011/11/09 21:39:00 IFA_DNHIK6_NHJIK610_27182 FE3 fe3 27214 Lancer_K02_calcul_dyn_part.sh NHTX121XXXXNN DEBUT 09/11/2011
2011/11/09 21:39:05 IFA_DNHIK6_NHJIK610_27182 FE3 fe3 27214 Lancer_K02_calcul_dyn_part.sh NHTX122XXXXNN FIN
2011/11/09 21:39:49 IFA_ENHIK6_NHJIK610_6147 FE4 fe4 6213 Lancer_K02_calcul_dyn_part.sh NHTX121XXXXNN DEBUT 09/11/2011
2011/11/09 21:39:53 IFA_ENHIK6_NHJIK610_6147 FE4 fe4 6213 Lancer_K02_calcul_dyn_part.sh NHTX122XXXXNN FIN
2011/11/09 21:46:43 IFA_BNHIK6_NHJIK610_24842 FE1 fe1 24860 Lancer_K02_calcul_dyn_part.sh NHTX121XXXXNN DEBUT 09/11/2011
2011/11/09 21:46:47 IFA_BNHIK6_NHJIK610_24842 FE1 fe1 24860 Lancer_K02_calcul_dyn_part.sh NHTX122XXXXNN FIN
2011/11/11 07:53:14 IFA_CNHIK6_NHJIK610_14733 FE2 fe2 14803 Lancer_K02_calcul_dyn_part.sh NHTX121XXXXNN DEBUT 10/11/2011
2011/11/11 07:53:18 IFA_CNHIK6_NHJIK610_14733 FE2 fe2 14803 Lancer_K02_calcul_dyn_part.sh NHTX122XXXXNN FIN
2011/11/11 07:53:29 IFA_BNHIK6_NHJIK610_22724 FE1 fe1 22792 Lancer_K02_calcul_dyn_part.sh NHTX121XXXXNN DEBUT 10/11/2011
2011/11/11 07:53:33 IFA_BNHIK6_NHJIK610_22724 FE1 fe1 22792 Lancer_K02_calcul_dyn_part.sh NHTX122XXXXNN FIN
2011/11/11 07:53:34 IFA_DNHIK6_NHJIK610_25452 FE3 fe3 25530 Lancer_K02_calcul_dyn_part.sh NHTX121XXXXNN DEBUT 10/11/2011
2011/11/11 07:53:39 IFA_DNHIK6_NHJIK610_25452 FE3 fe3 25530 Lancer_K02_calcul_dyn_part.sh NHTX122XXXXNN FIN
2011/11/11 07:54:21 IFA_ENHIK6_NHJIK610_19067 FE4 fe4 19119 Lancer_K02_calcul_dyn_part.sh NHTX121XXXXNN DEBUT 10/11/2011
2011/11/11 07:54:25 IFA_ENHIK6_NHJIK610_19067 FE4 fe4 19119 Lancer_K02_calcul_dyn_part.sh NHTX122XXXXNN FIN
2011/11/15 00:11:31 IFA_BNHIK6_NHJIK610_16062 FE1 fe1 16128 Lancer_K02_calcul_dyn_part.sh NHTX121XXXXNN DEBUT 14/11/2011
2011/11/15 00:11:41 IFA_BNHIK6_NHJIK610_16062 FE1 fe1 16128 Lancer_K02_calcul_dyn_part.sh NHTX122XXXXNN FIN
2011/11/15 00:12:22 IFA_CNHIK6_NHJIK610_10470 FE2 fe2 10532 Lancer_K02_calcul_dyn_part.sh NHTX121XXXXNN DEBUT 14/11/2011
2011/11/15 00:12:27 IFA_CNHIK6_NHJIK610_10470 FE2 fe2 10532 Lancer_K02_calcul_dyn_part.sh NHTX122XXXXNN FIN
2011/11/15 00:16:42 IFA_ENHIK6_NHJIK610_17708 FE4 fe4 17763 Lancer_K02_calcul_dyn_part.sh NHTX121XXXXNN DEBUT 14/11/2011
2011/11/15 00:16:47 IFA_ENHIK6_NHJIK610_17708 FE4 fe4 17763 Lancer_K02_calcul_dyn_part.sh NHTX122XXXXNN FIN
2011/11/15 00:18:10 IFA_DNHIK6_NHJIK610_1104 FE3 fe3 1187 Lancer_K02_calcul_dyn_part.sh NHTX121XXXXNN DEBUT 14/11/2011
2011/11/15 00:18:14 IFA_DNHIK6_NHJIK610_1104 FE3 fe3 1187 Lancer_K02_calcul_dyn_part.sh NHTX122XXXXNN FIN
2011/11/15 21:51:14 IFA_DNHIK6_NHJIK610_16145 FE3 fe3 16246 Lancer_K02_calcul_dyn_part.sh NHTX121XXXXNN DEBUT 15/11/2011
2011/11/15 21:51:15 IFA_ENHIK6_NHJIK610_16375 FE4 fe4 16459 Lancer_K02_calcul_dyn_part.sh NHTX121XXXXNN DEBUT 15/11/2011
2011/11/15 21:51:18 IFA_DNHIK6_NHJIK610_16145 FE3 fe3 16246 Lancer_K02_calcul_dyn_part.sh NHTX122XXXXNN FIN
2011/11/15 21:51:19 IFA_ENHIK6_NHJIK610_16375 FE4 fe4 16459 Lancer_K02_calcul_dyn_part.sh NHTX122XXXXNN FIN
2011/11/15 21:52:13 IFA_BNHIK6_NHJIK610_15608 FE1 fe1 15674 Lancer_K02_calcul_dyn_part.sh NHTX121XXXXNN DEBUT 15/11/2011
2011/11/15 21:52:17 IFA_BNHIK6_NHJIK610_15608 FE1 fe1 15674 Lancer_K02_calcul_dyn_part.sh NHTX122XXXXNN FIN
2011/11/15 21:52:55 IFA_CNHIK6_NHJIK610_6204 FE2 fe2 6291 Lancer_K02_calcul_dyn_part.sh NHTX121XXXXNN DEBUT 15/11/2011
2011/11/15 21:52:59 IFA_CNHIK6_NHJIK610_6204 FE2 fe2 6291 Lancer_K02_calcul_dyn_part.sh NHTX122XXXXNN FIN
2011/11/16 21:33:14 IFA_DNHIK6_NHJIK610_6508 FE3 fe3 6572 Lancer_K02_calcul_dyn_part.sh NHTX121XXXXNN DEBUT 16/11/2011
2011/11/16 21:33:18 IFA_DNHIK6_NHJIK610_6508 FE3 fe3 6572 Lancer_K02_calcul_dyn_part.sh NHTX122XXXXNN FIN
2011/11/16 21:34:26 IFA_ENHIK6_NHJIK610_12449 FE4 fe4 12505 Lancer_K02_calcul_dyn_part.sh NHTX121XXXXNN DEBUT 16/11/2011
2011/11/16 21:34:30 IFA_ENHIK6_NHJIK610_12449 FE4 fe4 12505 Lancer_K02_calcul_dyn_part.sh NHTX122XXXXNN FIN
2011/11/16 21:34:59 IFA_CNHIK6_NHJIK610_28779 FE2 fe2 28834 Lancer_K02_calcul_dyn_part.sh NHTX121XXXXNN DEBUT 16/11/2011
2011/11/16 21:35:03 IFA_CNHIK6_NHJIK610_28779 FE2 fe2 28834 Lancer_K02_calcul_dyn_part.sh NHTX122XXXXNN FIN
2011/11/16 21:36:37 IFA_BNHIK6_NHJIK610_8628 FE1 fe1 8662 Lancer_K02_calcul_dyn_part.sh NHTX121XXXXNN DEBUT 16/11/2011
2011/11/16 21:36:41 IFA_BNHIK6_NHJIK610_8628 FE1 fe1 8662 Lancer_K02_calcul_dyn_part.sh NHTX122XXXXNN FIN
2011/11/17 21:33:11 IFA_BNHIK6_NHJIK610_1646 FE1 fe1 1705 Lancer_K02_calcul_dyn_part.sh NHTX121XXXXNN DEBUT 17/11/2011
2011/11/17 21:33:18 IFA_BNHIK6_NHJIK610_1646 FE1 fe1 1705 Lancer_K02_calcul_dyn_part.sh NHTX122XXXXNN FIN
2011/11/17 21:33:20 IFA_ENHIK6_NHJIK610_5967 FE4 fe4 6051 Lancer_K02_calcul_dyn_part.sh NHTX121XXXXNN DEBUT 17/11/2011
2011/11/17 21:33:25 IFA_ENHIK6_NHJIK610_5967 FE4 fe4 6051 Lancer_K02_calcul_dyn_part.sh NHTX122XXXXNN FIN
2011/11/17 21:34:34 IFA_CNHIK6_NHJIK610_1466 FE2 fe2 1504 Lancer_K02_calcul_dyn_part.sh NHTX121XXXXNN DEBUT 17/11/2011
2011/11/17 21:34:41 IFA_CNHIK6_NHJIK610_1466 FE2 fe2 1504 Lancer_K02_calcul_dyn_part.sh NHTX122XXXXNN FIN
2011/11/17 21:34:48 IFA_DNHIK6_NHJIK610_2857 FE3 fe3 2879 Lancer_K02_calcul_dyn_part.sh NHTX121XXXXNN DEBUT 17/11/2011
2011/11/17 21:34:54 IFA_DNHIK6_NHJIK610_2857 FE3 fe3 2879 Lancer_K02_calcul_dyn_part.sh NHTX122XXXXNN FIN
2011/11/19 06:58:07 IFA_CNHIK6_NHJIK610_315 FE2 fe2 390 Lancer_K02_calcul_dyn_part.sh NHTX121XXXXNN DEBUT 18/11/2011
2011/11/19 06:58:11 IFA_CNHIK6_NHJIK610_315 FE2 fe2 390 Lancer_K02_calcul_dyn_part.sh NHTX122XXXXNN FIN
2011/11/19 06:58:27 IFA_DNHIK6_NHJIK610_10422 FE3 fe3 10483 Lancer_K02_calcul_dyn_part.sh NHTX121XXXXNN DEBUT 18/11/2011
2011/11/19 06:58:32 IFA_DNHIK6_NHJIK610_10422 FE3 fe3 10483 Lancer_K02_calcul_dyn_part.sh NHTX122XXXXNN FIN
2011/11/19 06:58:38 IFA_BNHIK6_NHJIK610_16135 FE1 fe1 16204 Lancer_K02_calcul_dyn_part.sh NHTX121XXXXNN DEBUT 18/11/2011
2011/11/19 06:58:42 IFA_BNHIK6_NHJIK610_16135 FE1 fe1 16204 Lancer_K02_calcul_dyn_part.sh NHTX122XXXXNN FIN
2011/11/19 06:59:00 IFA_ENHIK6_NHJIK610_26990 FE4 fe4 27056 Lancer_K02_calcul_dyn_part.sh NHTX121XXXXNN DEBUT 18/11/2011
2011/11/19 06:59:04 IFA_ENHIK6_NHJIK610_26990 FE4 fe4 27056 Lancer_K02_calcul_dyn_part.sh NHTX122XXXXNN FIN
2011/11/21 21:38:42 IFA_DNHIK6_NHJIK610_3368 FE3 fe3 3391 Lancer_K02_calcul_dyn_part.sh NHTX121XXXXNN DEBUT 21/11/2011
2011/11/21 21:38:46 IFA_DNHIK6_NHJIK610_3368 FE3 fe3 3391 Lancer_K02_calcul_dyn_part.sh NHTX122XXXXNN FIN
2011/11/21 21:40:48 IFA_CNHIK6_NHJIK610_7125 FE2 fe2 7152 Lancer_K02_calcul_dyn_part.sh NHTX121XXXXNN DEBUT 21/11/2011
2011/11/21 21:40:52 IFA_CNHIK6_NHJIK610_7125 FE2 fe2 7152 Lancer_K02_calcul_dyn_part.sh NHTX122XXXXNN FIN
2011/11/21 21:43:27 IFA_BNHIK6_NHJIK610_11856 FE1 fe1 11921 Lancer_K02_calcul_dyn_part.sh NHTX121XXXXNN DEBUT 21/11/2011
2011/11/21 21:43:34 IFA_BNHIK6_NHJIK610_11856 FE1 fe1 11921 Lancer_K02_calcul_dyn_part.sh NHTX122XXXXNN FIN
2011/11/21 21:44:43 IFA_ENHIK6_NHJIK610_23794 FE4 fe4 23884 Lancer_K02_calcul_dyn_part.sh NHTX121XXXXNN DEBUT 21/11/2011
2011/11/21 21:44:47 IFA_ENHIK6_NHJIK610_23794 FE4 fe4 23884 Lancer_K02_calcul_dyn_part.sh NHTX122XXXXNN FIN
2011/11/22 21:27:35 IFA_DNHIK6_NHJIK610_6965 FE3 fe3 6987 Lancer_K02_calcul_dyn_part.sh NHTX121XXXXNN DEBUT 22/11/2011
2011/11/22 21:27:41 IFA_DNHIK6_NHJIK610_6965 FE3 fe3 6987 Lancer_K02_calcul_dyn_part.sh NHTX122XXXXNN FIN
2011/11/22 21:28:17 IFA_ENHIK6_NHJIK610_10829 FE4 fe4 10874 Lancer_K02_calcul_dyn_part.sh NHTX121XXXXNN DEBUT 22/11/2011
2011/11/22 21:28:22 IFA_ENHIK6_NHJIK610_10829 FE4 fe4 10874 Lancer_K02_calcul_dyn_part.sh NHTX122XXXXNN FIN
2011/11/22 21:29:13 IFA_CNHIK6_NHJIK610_13874 FE2 fe2 13910 Lancer_K02_calcul_dyn_part.sh NHTX121XXXXNN DEBUT 22/11/2011
2011/11/22 21:29:18 IFA_CNHIK6_NHJIK610_13874 FE2 fe2 13910 Lancer_K02_calcul_dyn_part.sh NHTX122XXXXNN FIN
2011/11/22 21:29:29 IFA_BNHIK6_NHJIK610_15387 FE1 fe1 15414 Lancer_K02_calcul_dyn_part.sh NHTX121XXXXNN DEBUT 22/11/2011
2011/11/22 21:29:34 IFA_BNHIK6_NHJIK610_15387 FE1 fe1 15414 Lancer_K02_calcul_dyn_part.sh NHTX122XXXXNN FIN
2011/11/23 21:35:25 IFA_BNHIK6_NHJIK610_9657 FE1 fe1 9679 Lancer_K02_calcul_dyn_part.sh NHTX121XXXXNN DEBUT 23/11/2011
2011/11/23 21:35:29 IFA_BNHIK6_NHJIK610_9657 FE1 fe1 9679 Lancer_K02_calcul_dyn_part.sh NHTX122XXXXNN FIN
2011/11/23 21:37:05 IFA_DNHIK6_NHJIK610_17135 FE3 fe3 17160 Lancer_K02_calcul_dyn_part.sh NHTX121XXXXNN DEBUT 23/11/2011
2011/11/23 21:37:09 IFA_DNHIK6_NHJIK610_17135 FE3 fe3 17160 Lancer_K02_calcul_dyn_part.sh NHTX122XXXXNN FIN
2011/11/23 21:37:49 IFA_CNHIK6_NHJIK610_22931 FE2 fe2 22967 Lancer_K02_calcul_dyn_part.sh NHTX121XXXXNN DEBUT 23/11/2011
2011/11/23 21:37:52 IFA_CNHIK6_NHJIK610_22931 FE2 fe2 22967 Lancer_K02_calcul_dyn_part.sh NHTX122XXXXNN FIN
2011/11/23 21:40:38 IFA_ENHIK6_NHJIK610_22134 FE4 fe4 22216 Lancer_K02_calcul_dyn_part.sh NHTX121XXXXNN DEBUT 23/11/2011
2011/11/23 21:40:43 IFA_ENHIK6_NHJIK610_22134 FE4 fe4 22216 Lancer_K02_calcul_dyn_part.sh NHTX122XXXXNN FIN
2011/11/26 07:11:33 IFA_CNHIK6_NHJIK610_18744 FE2 fe2 18813 Lancer_K02_calcul_dyn_part.sh NHTX121XXXXNN DEBUT 25/11/2011
2011/11/26 07:11:37 IFA_CNHIK6_NHJIK610_18744 FE2 fe2 18813 Lancer_K02_calcul_dyn_part.sh NHTX122XXXXNN FIN
2011/11/26 07:12:07 IFA_DNHIK6_NHJIK610_29400 FE3 fe3 29447 Lancer_K02_calcul_dyn_part.sh NHTX121XXXXNN DEBUT 25/11/2011
2011/11/26 07:12:11 IFA_DNHIK6_NHJIK610_29400 FE3 fe3 29447 Lancer_K02_calcul_dyn_part.sh NHTX122XXXXNN FIN
2011/11/26 07:12:19 IFA_ENHIK6_NHJIK610_938 FE4 fe4 971 Lancer_K02_calcul_dyn_part.sh NHTX121XXXXNN DEBUT 25/11/2011
2011/11/26 07:12:21 IFA_BNHIK6_NHJIK610_1319 FE1 fe1 1340 Lancer_K02_calcul_dyn_part.sh NHTX121XXXXNN DEBUT 25/11/2011
2011/11/26 07:12:23 IFA_ENHIK6_NHJIK610_938 FE4 fe4 971 Lancer_K02_calcul_dyn_part.sh NHTX122XXXXNN FIN
2011/11/26 07:12:25 IFA_BNHIK6_NHJIK610_1319 FE1 fe1 1340 Lancer_K02_calcul_dyn_part.sh NHTX122XXXXNN FIN
2011/11/28 21:50:01 IFA_DNHIK6_NHJIK610_29203 FE3 fe3 29253 Lancer_K02_calcul_dyn_part.sh NHTX121XXXXNN DEBUT 28/11/2011
2011/11/28 21:50:05 IFA_DNHIK6_NHJIK610_29203 FE3 fe3 29253 Lancer_K02_calcul_dyn_part.sh NHTX122XXXXNN FIN
2011/11/28 21:50:18 IFA_ENHIK6_NHJIK610_933 FE4 fe4 951 Lancer_K02_calcul_dyn_part.sh NHTX121XXXXNN DEBUT 28/11/2011
2011/11/28 21:50:22 IFA_ENHIK6_NHJIK610_933 FE4 fe4 951 Lancer_K02_calcul_dyn_part.sh NHTX122XXXXNN FIN
2011/11/28 21:50:48 IFA_BNHIK6_NHJIK610_5461 FE1 fe1 5495 Lancer_K02_calcul_dyn_part.sh NHTX121XXXXNN DEBUT 28/11/2011
2011/11/28 21:50:51 IFA_BNHIK6_NHJIK610_5461 FE1 fe1 5495 Lancer_K02_calcul_dyn_part.sh NHTX122XXXXNN FIN
2011/11/28 21:53:08 IFA_CNHIK6_NHJIK610_769 FE2 fe2 843 Lancer_K02_calcul_dyn_part.sh NHTX121XXXXNN DEBUT 28/11/2011
2011/11/28 21:53:12 IFA_CNHIK6_NHJIK610_769 FE2 fe2 843 Lancer_K02_calcul_dyn_part.sh NHTX122XXXXNN FIN
2011/11/30 21:54:38 IFA_ENHIK6_NHJIK610_27667 FE4 fe4 27689 Lancer_K02_calcul_dyn_part.sh NHTX121XXXXNN DEBUT 30/11/2011
2011/11/30 21:54:42 IFA_ENHIK6_NHJIK610_27667 FE4 fe4 27689 Lancer_K02_calcul_dyn_part.sh NHTX122XXXXNN FIN
2011/11/30 21:55:07 IFA_DNHIK6_NHJIK610_1178 FE3 fe3 1206 Lancer_K02_calcul_dyn_part.sh NHTX121XXXXNN DEBUT 30/11/2011
2011/11/30 21:55:11 IFA_DNHIK6_NHJIK610_1178 FE3 fe3 1206 Lancer_K02_calcul_dyn_part.sh NHTX122XXXXNN FIN
2011/11/30 21:56:05 IFA_CNHIK6_NHJIK610_14716 FE2 fe2 14782 Lancer_K02_calcul_dyn_part.sh NHTX121XXXXNN DEBUT 30/11/2011
2011/11/30 21:56:08 IFA_CNHIK6_NHJIK610_14716 FE2 fe2 14782 Lancer_K02_calcul_dyn_part.sh NHTX122XXXXNN FIN
2011/11/30 21:56:12 IFA_BNHIK6_NHJIK610_18023 FE1 fe1 18280 Lancer_K02_calcul_dyn_part.sh NHTX121XXXXNN DEBUT 30/11/2011
2011/11/30 21:56:16 IFA_BNHIK6_NHJIK610_18023 FE1 fe1 18280 Lancer_K02_calcul_dyn_part.sh NHTX122XXXXNN FIN
2011/12/02 00:26:43 IFA_BNHIK6_NHJIK610_4857 FE1 fe1 4880 Lancer_K02_calcul_dyn_part.sh NHTX121XXXXNN DEBUT 01/12/2011
2011/12/02 00:26:53 IFA_BNHIK6_NHJIK610_4857 FE1 fe1 4880 Lancer_K02_calcul_dyn_part.sh NHTX122XXXXNN FIN
2011/12/02 00:28:02 IFA_DNHIK6_NHJIK610_9814 FE3 fe3 9836 Lancer_K02_calcul_dyn_part.sh NHTX121XXXXNN DEBUT 01/12/2011
2011/12/02 00:28:11 IFA_CNHIK6_NHJIK610_10375 FE2 fe2 10394 Lancer_K02_calcul_dyn_part.sh NHTX121XXXXNN DEBUT 01/12/2011
2011/12/02 00:28:12 IFA_DNHIK6_NHJIK610_9814 FE3 fe3 9836 Lancer_K02_calcul_dyn_part.sh NHTX122XXXXNN FIN
2011/12/02 00:28:17 IFA_CNHIK6_NHJIK610_10375 FE2 fe2 10394 Lancer_K02_calcul_dyn_part.sh NHTX122XXXXNN FIN
2011/12/02 00:31:35 IFA_ENHIK6_NHJIK610_16988 FE4 fe4 17049 Lancer_K02_calcul_dyn_part.sh NHTX121XXXXNN DEBUT 01/12/2011
2011/12/02 00:31:45 IFA_ENHIK6_NHJIK610_16988 FE4 fe4 17049 Lancer_K02_calcul_dyn_part.sh NHTX122XXXXNN FIN
2011/12/03 06:00:50 IFA_CNHIK6_NHJIK610_13696 FE2 fe2 13717 Lancer_K02_calcul_dyn_part.sh NHTX121XXXXNN DEBUT 02/12/2011
2011/12/03 06:00:55 IFA_CNHIK6_NHJIK610_13696 FE2 fe2 13717 Lancer_K02_calcul_dyn_part.sh NHTX122XXXXNN FIN
2011/12/03 06:02:34 IFA_DNHIK6_NHJIK610_16331 FE3 fe3 16384 Lancer_K02_calcul_dyn_part.sh NHTX121XXXXNN DEBUT 02/12/2011
2011/12/03 06:02:41 IFA_DNHIK6_NHJIK610_16331 FE3 fe3 16384 Lancer_K02_calcul_dyn_part.sh NHTX122XXXXNN FIN
2011/12/03 06:09:18 IFA_ENHIK6_NHJIK610_27750 FE4 fe4 27765 Lancer_K02_calcul_dyn_part.sh NHTX121XXXXNN DEBUT 02/12/2011
2011/12/03 06:09:24 IFA_ENHIK6_NHJIK610_27750 FE4 fe4 27765 Lancer_K02_calcul_dyn_part.sh NHTX122XXXXNN FIN
2011/12/03 06:10:48 IFA_BNHIK6_NHJIK610_170 FE1 fe1 195 Lancer_K02_calcul_dyn_part.sh NHTX121XXXXNN DEBUT 02/12/2011
2011/12/03 06:10:57 IFA_BNHIK6_NHJIK610_170 FE1 fe1 195 Lancer_K02_calcul_dyn_part.sh NHTX122XXXXNN FIN
2011/12/05 22:07:17 IFA_DNHIK6_NHJIK610_15787 FE3 fe3 15812 Lancer_K02_calcul_dyn_part.sh NHTX121XXXXNN DEBUT 05/12/2011
2011/12/05 22:07:22 IFA_DNHIK6_NHJIK610_15787 FE3 fe3 15812 Lancer_K02_calcul_dyn_part.sh NHTX122XXXXNN FIN
2011/12/05 22:08:09 IFA_CNHIK6_NHJIK610_16748 FE2 fe2 16765 Lancer_K02_calcul_dyn_part.sh NHTX121XXXXNN DEBUT 05/12/2011
2011/12/05 22:08:13 IFA_CNHIK6_NHJIK610_16748 FE2 fe2 16765 Lancer_K02_calcul_dyn_part.sh NHTX122XXXXNN FIN
2011/12/05 22:09:00 IFA_BNHIK6_NHJIK610_18552 FE1 fe1 18585 Lancer_K02_calcul_dyn_part.sh NHTX121XXXXNN DEBUT 05/12/2011
2011/12/05 22:09:04 IFA_BNHIK6_NHJIK610_18552 FE1 fe1 18585 Lancer_K02_calcul_dyn_part.sh NHTX122XXXXNN FIN
2011/12/05 22:10:35 IFA_ENHIK6_NHJIK610_25946 FE4 fe4 26002 Lancer_K02_calcul_dyn_part.sh NHTX121XXXXNN DEBUT 05/12/2011
2011/12/05 22:10:39 IFA_ENHIK6_NHJIK610_25946 FE4 fe4 26002 Lancer_K02_calcul_dyn_part.sh NHTX122XXXXNN FIN
2011/12/06 23:42:18 IFA_CNHIK6_NHJIK610_9147 FE2 fe2 9265 Lancer_K02_calcul_dyn_part.sh NHTX121XXXXNN DEBUT 06/12/2011
2011/12/06 23:42:18 IFA_ENHIK6_NHJIK610_9357 FE4 fe4 9450 Lancer_K02_calcul_dyn_part.sh NHTX121XXXXNN DEBUT 06/12/2011
2011/12/06 23:42:18 IFA_BNHIK6_NHJIK610_9573 FE1 fe1 9646 Lancer_K02_calcul_dyn_part.sh NHTX121XXXXNN DEBUT 06/12/2011
2011/12/06 23:42:21 IFA_CNHIK6_NHJIK610_9147 FE2 fe2 9265 Lancer_K02_calcul_dyn_part.sh NHTX122XXXXNN FIN
2011/12/06 23:42:21 IFA_ENHIK6_NHJIK610_9357 FE4 fe4 9450 Lancer_K02_calcul_dyn_part.sh NHTX122XXXXNN FIN
2011/12/06 23:42:21 IFA_DNHIK6_NHJIK610_11221 FE3 fe3 11297 Lancer_K02_calcul_dyn_part.sh NHTX121XXXXNN DEBUT 06/12/2011
2011/12/06 23:42:22 IFA_BNHIK6_NHJIK610_9573 FE1 fe1 9646 Lancer_K02_calcul_dyn_part.sh NHTX122XXXXNN FIN
2011/12/06 23:42:25 IFA_DNHIK6_NHJIK610_11221 FE3 fe3 11297 Lancer_K02_calcul_dyn_part.sh NHTX122XXXXNN FIN
2011/12/07 21:51:04 IFA_CNHIK6_NHJIK610_23071 FE2 fe2 23093 Lancer_K02_calcul_dyn_part.sh NHTX121XXXXNN DEBUT 07/12/2011
2011/12/07 21:51:11 IFA_CNHIK6_NHJIK610_23071 FE2 fe2 23093 Lancer_K02_calcul_dyn_part.sh NHTX122XXXXNN FIN
2011/12/07 21:53:18 IFA_DNHIK6_NHJIK610_28242 FE3 fe3 28263 Lancer_K02_calcul_dyn_part.sh NHTX121XXXXNN DEBUT 07/12/2011
2011/12/07 21:53:22 IFA_DNHIK6_NHJIK610_28242 FE3 fe3 28263 Lancer_K02_calcul_dyn_part.sh NHTX122XXXXNN FIN
2011/12/07 21:53:39 IFA_ENHIK6_NHJIK610_143 FE4 fe4 189 Lancer_K02_calcul_dyn_part.sh NHTX121XXXXNN DEBUT 07/12/2011
2011/12/07 21:53:44 IFA_ENHIK6_NHJIK610_143 FE4 fe4 189 Lancer_K02_calcul_dyn_part.sh NHTX122XXXXNN FIN
2011/12/07 21:54:22 IFA_BNHIK6_NHJIK610_3128 FE1 fe1 3156 Lancer_K02_calcul_dyn_part.sh NHTX121XXXXNN DEBUT 07/12/2011
2011/12/07 21:54:27 IFA_BNHIK6_NHJIK610_3128 FE1 fe1 3156 Lancer_K02_calcul_dyn_part.sh NHTX122XXXXNN FIN
2011/12/08 23:43:50 IFA_CNHIK6_NHJIK610_2160 FE2 fe2 2226 Lancer_K02_calcul_dyn_part.sh NHTX121XXXXNN DEBUT 08/12/2011
2011/12/08 23:43:54 IFA_CNHIK6_NHJIK610_2160 FE2 fe2 2226 Lancer_K02_calcul_dyn_part.sh NHTX122XXXXNN FIN
2011/12/08 23:45:05 IFA_DNHIK6_NHJIK610_8043 FE3 fe3 8105 Lancer_K02_calcul_dyn_part.sh NHTX121XXXXNN DEBUT 08/12/2011
2011/12/08 23:45:09 IFA_DNHIK6_NHJIK610_8043 FE3 fe3 8105 Lancer_K02_calcul_dyn_part.sh NHTX122XXXXNN FIN
2011/12/08 23:45:28 IFA_BNHIK6_NHJIK610_19009 FE1 fe1 19073 Lancer_K02_calcul_dyn_part.sh NHTX121XXXXNN DEBUT 08/12/2011
2011/12/08 23:45:31 IFA_BNHIK6_NHJIK610_19009 FE1 fe1 19073 Lancer_K02_calcul_dyn_part.sh NHTX122XXXXNN FIN
2011/12/08 23:46:18 IFA_ENHIK6_NHJIK610_7949 FE4 fe4 7970 Lancer_K02_calcul_dyn_part.sh NHTX121XXXXNN DEBUT 08/12/2011
2011/12/08 23:46:22 IFA_ENHIK6_NHJIK610_7949 FE4 fe4 7970 Lancer_K02_calcul_dyn_part.sh NHTX122XXXXNN FIN
2011/12/10 07:57:35 IFA_CNHIK6_NHJIK610_28496 FE2 fe2 28518 Lancer_K02_calcul_dyn_part.sh NHTX121XXXXNN DEBUT 09/12/2011
2011/12/10 07:57:38 IFA_CNHIK6_NHJIK610_28496 FE2 fe2 28518 Lancer_K02_calcul_dyn_part.sh NHTX122XXXXNN FIN
2011/12/10 07:58:28 IFA_BNHIK6_NHJIK610_17747 FE1 fe1 17823 Lancer_K02_calcul_dyn_part.sh NHTX121XXXXNN DEBUT 09/12/2011
2011/12/10 07:58:32 IFA_BNHIK6_NHJIK610_17747 FE1 fe1 17823 Lancer_K02_calcul_dyn_part.sh NHTX122XXXXNN FIN
2011/12/10 07:58:44 IFA_DNHIK6_NHJIK610_25844 FE3 fe3 25916 Lancer_K02_calcul_dyn_part.sh NHTX121XXXXNN DEBUT 09/12/2011
2011/12/10 07:58:48 IFA_DNHIK6_NHJIK610_25844 FE3 fe3 25916 Lancer_K02_calcul_dyn_part.sh NHTX122XXXXNN FIN
2011/12/10 07:59:08 IFA_ENHIK6_NHJIK610_8464 FE4 fe4 8542 Lancer_K02_calcul_dyn_part.sh NHTX121XXXXNN DEBUT 09/12/2011
2011/12/10 07:59:12 IFA_ENHIK6_NHJIK610_8464 FE4 fe4 8542 Lancer_K02_calcul_dyn_part.sh NHTX122XXXXNN FIN
2011/12/12 23:13:54 IFA_CNHIK6_NHJIK610_1920 FE2 fe2 1994 Lancer_K02_calcul_dyn_part.sh NHTX121XXXXNN DEBUT 12/12/2011
2011/12/12 23:13:58 IFA_CNHIK6_NHJIK610_1920 FE2 fe2 1994 Lancer_K02_calcul_dyn_part.sh NHTX122XXXXNN FIN
2011/12/12 23:14:55 IFA_BNHIK6_NHJIK610_12779 FE1 fe1 12810 Lancer_K02_calcul_dyn_part.sh NHTX121XXXXNN DEBUT 12/12/2011
2011/12/12 23:15:00 IFA_BNHIK6_NHJIK610_12779 FE1 fe1 12810 Lancer_K02_calcul_dyn_part.sh NHTX122XXXXNN FIN
2011/12/12 23:15:00 IFA_ENHIK6_NHJIK610_13311 FE4 fe4 13350 Lancer_K02_calcul_dyn_part.sh NHTX121XXXXNN DEBUT 12/12/2011
2011/12/12 23:15:03 IFA_ENHIK6_NHJIK610_13311 FE4 fe4 13350 Lancer_K02_calcul_dyn_part.sh NHTX122XXXXNN FIN
2011/12/12 23:16:14 IFA_DNHIK6_NHJIK610_18882 FE3 fe3 18905 Lancer_K02_calcul_dyn_part.sh NHTX121XXXXNN DEBUT 12/12/2011
2011/12/12 23:16:18 IFA_DNHIK6_NHJIK610_18882 FE3 fe3 18905 Lancer_K02_calcul_dyn_part.sh NHTX122XXXXNN FIN
2011/12/13 21:35:41 IFA_BNHIK6_NHJIK610_1713 FE1 fe1 1798 Lancer_K02_calcul_dyn_part.sh NHTX121XXXXNN DEBUT 13/12/2011
2011/12/13 21:35:45 IFA_BNHIK6_NHJIK610_1713 FE1 fe1 1798 Lancer_K02_calcul_dyn_part.sh NHTX122XXXXNN FIN
2011/12/13 21:37:42 IFA_CNHIK6_NHJIK610_17862 FE2 fe2 17885 Lancer_K02_calcul_dyn_part.sh NHTX121XXXXNN DEBUT 13/12/2011
2011/12/13 21:37:45 IFA_CNHIK6_NHJIK610_17862 FE2 fe2 17885 Lancer_K02_calcul_dyn_part.sh NHTX122XXXXNN FIN
2011/12/13 21:37:54 IFA_ENHIK6_NHJIK610_18677 FE4 fe4 18697 Lancer_K02_calcul_dyn_part.sh NHTX121XXXXNN DEBUT 13/12/2011
2011/12/13 21:37:58 IFA_ENHIK6_NHJIK610_18677 FE4 fe4 18697 Lancer_K02_calcul_dyn_part.sh NHTX122XXXXNN FIN
2011/12/13 21:39:51 IFA_DNHIK6_NHJIK610_1446 FE3 fe3 1465 Lancer_K02_calcul_dyn_part.sh NHTX121XXXXNN DEBUT 13/12/2011
2011/12/13 21:39:55 IFA_DNHIK6_NHJIK610_1446 FE3 fe3 1465 Lancer_K02_calcul_dyn_part.sh NHTX122XXXXNN FIN
2011/12/14 22:00:03 IFA_CNHIK6_NHJIK610_10130 FE2 fe2 10159 Lancer_K02_calcul_dyn_part.sh NHTX121XXXXNN DEBUT 14/12/2011
2011/12/14 22:00:06 IFA_CNHIK6_NHJIK610_10130 FE2 fe2 10159 Lancer_K02_calcul_dyn_part.sh NHTX122XXXXNN FIN
2011/12/14 22:00:32 IFA_ENHIK6_NHJIK610_13366 FE4 fe4 13399 Lancer_K02_calcul_dyn_part.sh NHTX121XXXXNN DEBUT 14/12/2011
2011/12/14 22:00:35 IFA_ENHIK6_NHJIK610_13366 FE4 fe4 13399 Lancer_K02_calcul_dyn_part.sh NHTX122XXXXNN FIN
2011/12/14 22:00:52 IFA_DNHIK6_NHJIK610_16307 FE3 fe3 16328 Lancer_K02_calcul_dyn_part.sh NHTX121XXXXNN DEBUT 14/12/2011
2011/12/14 22:00:56 IFA_DNHIK6_NHJIK610_16307 FE3 fe3 16328 Lancer_K02_calcul_dyn_part.sh NHTX122XXXXNN FIN
2011/12/14 22:00:58 IFA_BNHIK6_NHJIK610_16976 FE1 fe1 17021 Lancer_K02_calcul_dyn_part.sh NHTX121XXXXNN DEBUT 14/12/2011
2011/12/14 22:01:02 IFA_BNHIK6_NHJIK610_16976 FE1 fe1 17021 Lancer_K02_calcul_dyn_part.sh NHTX122XXXXNN FIN
2011/12/15 22:20:40 IFA_DNHIK6_NHJIK610_21328 FE3 fe3 21407 Lancer_K02_calcul_dyn_part.sh NHTX121XXXXNN DEBUT 15/12/2011
2011/12/15 22:20:46 IFA_DNHIK6_NHJIK610_21328 FE3 fe3 21407 Lancer_K02_calcul_dyn_part.sh NHTX122XXXXNN FIN
2011/12/15 22:20:53 IFA_CNHIK6_NHJIK610_28299 FE2 fe2 28371 Lancer_K02_calcul_dyn_part.sh NHTX121XXXXNN DEBUT 15/12/2011
2011/12/15 22:20:57 IFA_CNHIK6_NHJIK610_28299 FE2 fe2 28371 Lancer_K02_calcul_dyn_part.sh NHTX122XXXXNN FIN
2011/12/15 22:22:14 IFA_BNHIK6_NHJIK610_8399 FE1 fe1 8452 Lancer_K02_calcul_dyn_part.sh NHTX121XXXXNN DEBUT 15/12/2011
2011/12/15 22:22:18 IFA_BNHIK6_NHJIK610_8399 FE1 fe1 8452 Lancer_K02_calcul_dyn_part.sh NHTX122XXXXNN FIN
2011/12/15 22:24:35 IFA_ENHIK6_NHJIK610_5429 FE4 fe4 5447 Lancer_K02_calcul_dyn_part.sh NHTX121XXXXNN DEBUT 15/12/2011
2011/12/15 22:24:40 IFA_ENHIK6_NHJIK610_5429 FE4 fe4 5447 Lancer_K02_calcul_dyn_part.sh NHTX122XXXXNN FIN
2011/12/17 07:11:24 IFA_CNHIK6_NHJIK610_6303 FE2 fe2 6379 Lancer_K02_calcul_dyn_part.sh NHTX121XXXXNN DEBUT 16/12/2011
2011/12/17 07:11:28 IFA_CNHIK6_NHJIK610_6303 FE2 fe2 6379 Lancer_K02_calcul_dyn_part.sh NHTX122XXXXNN FIN
2011/12/17 07:11:28 IFA_BNHIK6_NHJIK610_8538 FE1 fe1 8604 Lancer_K02_calcul_dyn_part.sh NHTX121XXXXNN DEBUT 16/12/2011
2011/12/17 07:11:32 IFA_BNHIK6_NHJIK610_8538 FE1 fe1 8604 Lancer_K02_calcul_dyn_part.sh NHTX122XXXXNN FIN
2011/12/17 07:12:05 IFA_DNHIK6_NHJIK610_27514 FE3 fe3 27581 Lancer_K02_calcul_dyn_part.sh NHTX121XXXXNN DEBUT 16/12/2011
2011/12/17 07:12:09 IFA_DNHIK6_NHJIK610_27514 FE3 fe3 27581 Lancer_K02_calcul_dyn_part.sh NHTX122XXXXNN FIN
2011/12/17 07:12:39 IFA_ENHIK6_NHJIK610_14232 FE4 fe4 14303 Lancer_K02_calcul_dyn_part.sh NHTX121XXXXNN DEBUT 16/12/2011
2011/12/17 07:12:42 IFA_ENHIK6_NHJIK610_14232 FE4 fe4 14303 Lancer_K02_calcul_dyn_part.sh NHTX122XXXXNN FIN
2011/12/19 21:30:40 IFA_CNHIK6_NHJIK610_10710 FE2 fe2 10773 Lancer_K02_calcul_dyn_part.sh NHTX121XXXXNN DEBUT 19/12/2011
2011/12/19 21:30:45 IFA_CNHIK6_NHJIK610_10710 FE2 fe2 10773 Lancer_K02_calcul_dyn_part.sh NHTX122XXXXNN FIN
2011/12/19 21:31:21 IFA_BNHIK6_NHJIK610_29951 FE1 fe1 145 Lancer_K02_calcul_dyn_part.sh NHTX121XXXXNN DEBUT 19/12/2011
2011/12/19 21:31:25 IFA_BNHIK6_NHJIK610_29951 FE1 fe1 145 Lancer_K02_calcul_dyn_part.sh NHTX122XXXXNN FIN
2011/12/19 21:32:24 IFA_DNHIK6_NHJIK610_28777 FE3 fe3 28799 Lancer_K02_calcul_dyn_part.sh NHTX121XXXXNN DEBUT 19/12/2011
2011/12/19 21:32:29 IFA_DNHIK6_NHJIK610_28777 FE3 fe3 28799 Lancer_K02_calcul_dyn_part.sh NHTX122XXXXNN FIN
2011/12/19 21:33:13 IFA_ENHIK6_NHJIK610_1860 FE4 fe4 1890 Lancer_K02_calcul_dyn_part.sh NHTX121XXXXNN DEBUT 19/12/2011
2011/12/19 21:33:19 IFA_ENHIK6_NHJIK610_1860 FE4 fe4 1890 Lancer_K02_calcul_dyn_part.sh NHTX122XXXXNN FIN
2011/12/20 21:18:43 IFA_DNHIK6_NHJIK610_23746 FE3 fe3 23822 Lancer_K02_calcul_dyn_part.sh NHTX121XXXXNN DEBUT 20/12/2011
2011/12/20 21:18:47 IFA_DNHIK6_NHJIK610_23746 FE3 fe3 23822 Lancer_K02_calcul_dyn_part.sh NHTX122XXXXNN FIN
2011/12/20 21:18:56 IFA_BNHIK6_NHJIK610_1259 FE1 fe1 1319 Lancer_K02_calcul_dyn_part.sh NHTX121XXXXNN DEBUT 20/12/2011
2011/12/20 21:19:01 IFA_BNHIK6_NHJIK610_1259 FE1 fe1 1319 Lancer_K02_calcul_dyn_part.sh NHTX122XXXXNN FIN
2011/12/20 21:21:08 IFA_ENHIK6_NHJIK610_3099 FE4 fe4 3157 Lancer_K02_calcul_dyn_part.sh NHTX121XXXXNN DEBUT 20/12/2011
2011/12/20 21:21:13 IFA_ENHIK6_NHJIK610_3099 FE4 fe4 3157 Lancer_K02_calcul_dyn_part.sh NHTX122XXXXNN FIN
2011/12/20 21:21:58 IFA_CNHIK6_NHJIK610_26107 FE2 fe2 26125 Lancer_K02_calcul_dyn_part.sh NHTX121XXXXNN DEBUT 20/12/2011
2011/12/20 21:22:03 IFA_CNHIK6_NHJIK610_26107 FE2 fe2 26125 Lancer_K02_calcul_dyn_part.sh NHTX122XXXXNN FIN
2011/12/21 21:21:41 IFA_CNHIK6_NHJIK610_1858 FE2 fe2 1941 Lancer_K02_calcul_dyn_part.sh NHTX121XXXXNN DEBUT 21/12/2011
2011/12/21 21:21:41 IFA_BNHIK6_NHJIK610_1951 FE1 fe1 2021 Lancer_K02_calcul_dyn_part.sh NHTX121XXXXNN DEBUT 21/12/2011
2011/12/21 21:21:41 IFA_DNHIK6_NHJIK610_2020 FE3 fe3 2091 Lancer_K02_calcul_dyn_part.sh NHTX121XXXXNN DEBUT 21/12/2011
2011/12/21 21:21:41 IFA_ENHIK6_NHJIK610_2099 FE4 fe4 2157 Lancer_K02_calcul_dyn_part.sh NHTX121XXXXNN DEBUT 21/12/2011
2011/12/21 21:21:45 IFA_CNHIK6_NHJIK610_1858 FE2 fe2 1941 Lancer_K02_calcul_dyn_part.sh NHTX122XXXXNN FIN
2011/12/21 21:21:45 IFA_ENHIK6_NHJIK610_2099 FE4 fe4 2157 Lancer_K02_calcul_dyn_part.sh NHTX122XXXXNN FIN
2011/12/21 21:21:46 IFA_DNHIK6_NHJIK610_2020 FE3 fe3 2091 Lancer_K02_calcul_dyn_part.sh NHTX122XXXXNN FIN
2011/12/21 21:21:46 IFA_BNHIK6_NHJIK610_1951 FE1 fe1 2021 Lancer_K02_calcul_dyn_part.sh NHTX122XXXXNN FIN
2011/12/22 21:17:56 IFA_BNHIK6_NHJIK610_23079 FE1 fe1 23101 Lancer_K02_calcul_dyn_part.sh NHTX121XXXXNN DEBUT 22/12/2011
2011/12/22 21:18:00 IFA_BNHIK6_NHJIK610_23079 FE1 fe1 23101 Lancer_K02_calcul_dyn_part.sh NHTX122XXXXNN FIN
2011/12/22 21:18:37 IFA_ENHIK6_NHJIK610_25375 FE4 fe4 25396 Lancer_K02_calcul_dyn_part.sh NHTX121XXXXNN DEBUT 22/12/2011
2011/12/22 21:18:42 IFA_ENHIK6_NHJIK610_25375 FE4 fe4 25396 Lancer_K02_calcul_dyn_part.sh NHTX122XXXXNN FIN
2011/12/22 21:19:50 IFA_DNHIK6_NHJIK610_1840 FE3 fe3 1861 Lancer_K02_calcul_dyn_part.sh NHTX121XXXXNN DEBUT 22/12/2011
2011/12/22 21:19:53 IFA_DNHIK6_NHJIK610_1840 FE3 fe3 1861 Lancer_K02_calcul_dyn_part.sh NHTX122XXXXNN FIN
2011/12/22 21:20:54 IFA_CNHIK6_NHJIK610_5508 FE2 fe2 5541 Lancer_K02_calcul_dyn_part.sh NHTX121XXXXNN DEBUT 22/12/2011
2011/12/22 21:20:58 IFA_CNHIK6_NHJIK610_5508 FE2 fe2 5541 Lancer_K02_calcul_dyn_part.sh NHTX122XXXXNN FIN
2011/12/24 07:01:45 IFA_CNHIK6_NHJIK610_5087 FE2 fe2 5164 Lancer_K02_calcul_dyn_part.sh NHTX121XXXXNN DEBUT 23/12/2011
2011/12/24 07:01:48 IFA_CNHIK6_NHJIK610_5087 FE2 fe2 5164 Lancer_K02_calcul_dyn_part.sh NHTX122XXXXNN FIN
2011/12/24 07:02:38 IFA_DNHIK6_NHJIK610_1552 FE3 fe3 1615 Lancer_K02_calcul_dyn_part.sh NHTX121XXXXNN DEBUT 23/12/2011
2011/12/24 07:02:41 IFA_DNHIK6_NHJIK610_1552 FE3 fe3 1615 Lancer_K02_calcul_dyn_part.sh NHTX122XXXXNN FIN
2011/12/24 07:02:42 IFA_BNHIK6_NHJIK610_3411 FE1 fe1 3514 Lancer_K02_calcul_dyn_part.sh NHTX121XXXXNN DEBUT 23/12/2011
2011/12/24 07:02:42 IFA_ENHIK6_NHJIK610_3604 FE4 fe4 3670 Lancer_K02_calcul_dyn_part.sh NHTX121XXXXNN DEBUT 23/12/2011
2011/12/24 07:02:44 IFA_BNHIK6_NHJIK610_3411 FE1 fe1 3514 Lancer_K02_calcul_dyn_part.sh NHTX122XXXXNN FIN
2011/12/24 07:02:45 IFA_ENHIK6_NHJIK610_3604 FE4 fe4 3670 Lancer_K02_calcul_dyn_part.sh NHTX122XXXXNN FIN
2011/12/27 23:21:19 IFA_CNHIK6_NHJIK610_2140 FE2 fe2 2170 Lancer_K02_calcul_dyn_part.sh NHTX121XXXXNN DEBUT 27/12/2011
2011/12/27 23:21:21 IFA_CNHIK6_NHJIK610_2140 FE2 fe2 2170 Lancer_K02_calcul_dyn_part.sh NHTX122XXXXNN FIN
2011/12/27 23:21:49 IFA_BNHIK6_NHJIK610_7123 FE1 fe1 7200 Lancer_K02_calcul_dyn_part.sh NHTX121XXXXNN DEBUT 27/12/2011
2011/12/27 23:21:51 IFA_BNHIK6_NHJIK610_7123 FE1 fe1 7200 Lancer_K02_calcul_dyn_part.sh NHTX122XXXXNN FIN
2011/12/27 23:22:00 IFA_DNHIK6_NHJIK610_12994 FE3 fe3 13064 Lancer_K02_calcul_dyn_part.sh NHTX121XXXXNN DEBUT 27/12/2011
2011/12/27 23:22:03 IFA_DNHIK6_NHJIK610_12994 FE3 fe3 13064 Lancer_K02_calcul_dyn_part.sh NHTX122XXXXNN FIN
2011/12/27 23:22:29 IFA_ENHIK6_NHJIK610_27907 FE4 fe4 27980 Lancer_K02_calcul_dyn_part.sh NHTX121XXXXNN DEBUT 27/12/2011
2011/12/27 23:22:32 IFA_ENHIK6_NHJIK610_27907 FE4 fe4 27980 Lancer_K02_calcul_dyn_part.sh NHTX122XXXXNN FIN
2011/12/28 23:30:36 IFA_DNHIK6_NHJIK610_15478 FE3 fe3 15544 Lancer_K02_calcul_dyn_part.sh NHTX121XXXXNN DEBUT 28/12/2011
2011/12/28 23:30:39 IFA_DNHIK6_NHJIK610_15478 FE3 fe3 15544 Lancer_K02_calcul_dyn_part.sh NHTX122XXXXNN FIN
2011/12/28 23:31:09 IFA_CNHIK6_NHJIK610_2184 FE2 fe2 2239 Lancer_K02_calcul_dyn_part.sh NHTX121XXXXNN DEBUT 28/12/2011
2011/12/28 23:31:12 IFA_CNHIK6_NHJIK610_2184 FE2 fe2 2239 Lancer_K02_calcul_dyn_part.sh NHTX122XXXXNN FIN
2011/12/28 23:32:07 IFA_ENHIK6_NHJIK610_12270 FE4 fe4 12310 Lancer_K02_calcul_dyn_part.sh NHTX121XXXXNN DEBUT 28/12/2011
2011/12/28 23:32:10 IFA_ENHIK6_NHJIK610_12270 FE4 fe4 12310 Lancer_K02_calcul_dyn_part.sh NHTX122XXXXNN FIN
2011/12/28 23:32:20 IFA_BNHIK6_NHJIK610_13569 FE1 fe1 13604 Lancer_K02_calcul_dyn_part.sh NHTX121XXXXNN DEBUT 28/12/2011
2011/12/28 23:32:23 IFA_BNHIK6_NHJIK610_13569 FE1 fe1 13604 Lancer_K02_calcul_dyn_part.sh NHTX122XXXXNN FIN
2012/02/16 21:51:50 IFA_DNHIK6_NHJIK610_29416 FE3 fe3 29436 Lancer_K02_calcul_dyn_part.sh NHTX121XXXXNN DEBUT 16/02/2012
2012/02/16 21:51:54 IFA_DNHIK6_NHJIK610_29416 FE3 fe3 29436 Lancer_K02_calcul_dyn_part.sh NHTX122XXXXNN FIN
2012/02/16 21:53:04 IFA_CNHIK6_NHJIK610_8004 FE2 fe2 8037 Lancer_K02_calcul_dyn_part.sh NHTX121XXXXNN DEBUT 16/02/2012
2012/02/16 21:53:07 IFA_CNHIK6_NHJIK610_8004 FE2 fe2 8037 Lancer_K02_calcul_dyn_part.sh NHTX122XXXXNN FIN
2012/02/16 21:53:22 IFA_ENHIK6_NHJIK610_9274 FE4 fe4 9307 Lancer_K02_calcul_dyn_part.sh NHTX121XXXXNN DEBUT 16/02/2012
2012/02/16 21:53:26 IFA_ENHIK6_NHJIK610_9274 FE4 fe4 9307 Lancer_K02_calcul_dyn_part.sh NHTX122XXXXNN FIN
2012/02/16 21:54:59 IFA_BNHIK6_NHJIK610_16402 FE1 fe1 16440 Lancer_K02_calcul_dyn_part.sh NHTX121XXXXNN DEBUT 16/02/2012
2012/02/16 21:55:03 IFA_BNHIK6_NHJIK610_16402 FE1 fe1 16440 Lancer_K02_calcul_dyn_part.sh NHTX122XXXXNN FIN
