2011/12/31 05:16:50 IFA_CNHIK6_NHJIK610_20081 FE2 fe2 20186 Lancer_K02_calcul_pers.sh NHTX122XXXXNN FIN
2011/12/31 05:17:22 IFA_BNHIK6_NHJIK610_28321 FE1 fe1 1370 Lancer_K02_calcul_pers.sh NHTX122XXXXNN FIN
2011/12/31 05:17:48 IFA_ENHIK6_NHJIK610_11711 FE4 fe4 14721 Lancer_K02_calcul_pers.sh NHTX122XXXXNN FIN
2011/12/31 05:17:58 IFA_DNHIK6_NHJIK610_16456 FE3 fe3 19633 Lancer_K02_calcul_pers.sh NHTX122XXXXNN FIN
2012/01/02 22:33:35 IFA_DNHIK6_NHJIK610_26765 FE3 fe3 28145 Lancer_K02_calcul_pers.sh NHTX122XXXXNN FIN
2012/01/02 22:35:10 IFA_ENHIK6_NHJIK610_2156 FE4 fe4 3766 Lancer_K02_calcul_pers.sh NHTX122XXXXNN FIN
2012/01/02 22:41:39 IFA_CNHIK6_NHJIK610_15644 FE2 fe2 16593 Lancer_K02_calcul_pers.sh NHTX122XXXXNN FIN
2012/01/02 22:48:38 IFA_BNHIK6_NHJIK610_19690 FE1 fe1 9872 Lancer_K02_calcul_pers.sh NHTX122XXXXNN FIN
2012/01/03 21:29:01 IFA_CNHIK6_NHJIK610_4454 FE2 fe2 4859 Lancer_K02_calcul_pers.sh NHTX122XXXXNN FIN
2012/01/03 21:37:27 IFA_DNHIK6_NHJIK610_6741 FE3 fe3 7144 Lancer_K02_calcul_pers.sh NHTX122XXXXNN FIN
2012/01/03 21:41:02 IFA_ENHIK6_NHJIK610_10706 FE4 fe4 22954 Lancer_K02_calcul_pers.sh NHTX122XXXXNN FIN
2012/01/03 22:03:29 IFA_BNHIK6_NHJIK610_23784 FE1 fe1 25007 Lancer_K02_calcul_pers.sh NHTX122XXXXNN FIN
2012/01/04 22:34:33 IFA_DNHIK6_NHJIK610_17678 FE3 fe3 17945 Lancer_K02_calcul_pers.sh NHTX122XXXXNN FIN
2012/01/04 22:35:32 IFA_CNHIK6_NHJIK610_19339 FE2 fe2 19761 Lancer_K02_calcul_pers.sh NHTX122XXXXNN FIN
2012/01/04 22:36:56 IFA_BNHIK6_NHJIK610_22023 FE1 fe1 29197 Lancer_K02_calcul_pers.sh NHTX122XXXXNN FIN
2012/01/04 22:37:10 IFA_ENHIK6_NHJIK610_29585 FE4 fe4 7223 Lancer_K02_calcul_pers.sh NHTX122XXXXNN FIN
2012/01/05 22:23:39 IFA_BNHIK6_NHJIK610_28237 FE1 fe1 28390 Lancer_K02_calcul_pers.sh NHTX122XXXXNN FIN
2012/01/05 22:23:56 IFA_DNHIK6_NHJIK610_28806 FE3 fe3 29263 Lancer_K02_calcul_pers.sh NHTX122XXXXNN FIN
2012/01/05 22:24:09 IFA_ENHIK6_NHJIK610_29836 FE4 fe4 563 Lancer_K02_calcul_pers.sh NHTX122XXXXNN FIN
2012/01/05 22:25:09 IFA_CNHIK6_NHJIK610_3530 FE2 fe2 7829 Lancer_K02_calcul_pers.sh NHTX122XXXXNN FIN
2012/01/07 08:16:00 IFA_CNHIK6_NHJIK610_7089 FE2 fe2 7459 Lancer_K02_calcul_pers.sh NHTX122XXXXNN FIN
2012/01/07 08:16:27 IFA_DNHIK6_NHJIK610_8657 FE3 fe3 9586 Lancer_K02_calcul_pers.sh NHTX122XXXXNN FIN
2012/01/07 08:16:30 IFA_ENHIK6_NHJIK610_9223 FE4 fe4 9858 Lancer_K02_calcul_pers.sh NHTX122XXXXNN FIN
2012/01/07 08:16:57 IFA_BNHIK6_NHJIK610_11544 FE1 fe1 12453 Lancer_K02_calcul_pers.sh NHTX122XXXXNN FIN
2012/01/09 22:03:07 IFA_CNHIK6_NHJIK610_1832 FE2 fe2 7534 Lancer_K02_calcul_pers.sh NHTX122XXXXNN FIN
2012/01/09 22:05:25 IFA_ENHIK6_NHJIK610_9409 FE4 fe4 14758 Lancer_K02_calcul_pers.sh NHTX122XXXXNN FIN
2012/01/09 22:10:22 IFA_DNHIK6_NHJIK610_7731 FE3 fe3 9401 Lancer_K02_calcul_pers.sh NHTX122XXXXNN FIN
2012/01/09 22:13:53 IFA_BNHIK6_NHJIK610_9769 FE1 fe1 15576 Lancer_K02_calcul_pers.sh NHTX122XXXXNN FIN
2012/01/10 22:12:44 IFA_CNHIK6_NHJIK610_5278 FE2 fe2 9348 Lancer_K02_calcul_pers.sh NHTX122XXXXNN FIN
2012/01/10 22:16:39 IFA_DNHIK6_NHJIK610_12856 FE3 fe3 13379 Lancer_K02_calcul_pers.sh NHTX122XXXXNN FIN
2012/01/10 22:17:26 IFA_BNHIK6_NHJIK610_18001 FE1 fe1 19291 Lancer_K02_calcul_pers.sh NHTX122XXXXNN FIN
2012/01/10 22:17:56 IFA_ENHIK6_NHJIK610_26453 FE4 fe4 27727 Lancer_K02_calcul_pers.sh NHTX122XXXXNN FIN
2012/01/11 21:27:23 IFA_ENHIK6_NHJIK610_3398 FE4 fe4 4373 Lancer_K02_calcul_pers.sh NHTX122XXXXNN FIN
2012/01/11 21:28:00 IFA_CNHIK6_NHJIK610_9144 FE2 fe2 9818 Lancer_K02_calcul_pers.sh NHTX122XXXXNN FIN
2012/01/11 21:29:37 IFA_BNHIK6_NHJIK610_16619 FE1 fe1 21024 Lancer_K02_calcul_pers.sh NHTX122XXXXNN FIN
2012/01/11 21:30:59 IFA_DNHIK6_NHJIK610_26460 FE3 fe3 2055 Lancer_K02_calcul_pers.sh NHTX122XXXXNN FIN
2012/01/12 21:22:05 IFA_ENHIK6_NHJIK610_1719 FE4 fe4 6687 Lancer_K02_calcul_pers.sh NHTX122XXXXNN FIN
2012/01/12 21:23:02 IFA_DNHIK6_NHJIK610_2272 FE3 fe3 4191 Lancer_K02_calcul_pers.sh NHTX122XXXXNN FIN
2012/01/12 21:24:56 IFA_CNHIK6_NHJIK610_9949 FE2 fe2 10565 Lancer_K02_calcul_pers.sh NHTX122XXXXNN FIN
2012/01/12 21:25:44 IFA_BNHIK6_NHJIK610_15682 FE1 fe1 17152 Lancer_K02_calcul_pers.sh NHTX122XXXXNN FIN
2012/01/14 06:39:08 IFA_CNHIK6_NHJIK610_5022 FE2 fe2 9612 Lancer_K02_calcul_pers.sh NHTX122XXXXNN FIN
2012/01/14 06:39:34 IFA_BNHIK6_NHJIK610_17408 FE1 fe1 22986 Lancer_K02_calcul_pers.sh NHTX122XXXXNN FIN
2012/01/14 06:39:51 IFA_ENHIK6_NHJIK610_26348 FE4 fe4 1477 Lancer_K02_calcul_pers.sh NHTX122XXXXNN FIN
2012/01/14 06:40:19 IFA_DNHIK6_NHJIK610_11277 FE3 fe3 15646 Lancer_K02_calcul_pers.sh NHTX122XXXXNN FIN
2012/01/16 21:39:37 IFA_BNHIK6_NHJIK610_21761 FE1 fe1 26443 Lancer_K02_calcul_pers.sh NHTX122XXXXNN FIN
2012/01/16 21:40:44 IFA_CNHIK6_NHJIK610_4947 FE2 fe2 5907 Lancer_K02_calcul_pers.sh NHTX122XXXXNN FIN
2012/01/16 21:41:16 IFA_ENHIK6_NHJIK610_8207 FE4 fe4 9004 Lancer_K02_calcul_pers.sh NHTX122XXXXNN FIN
2012/01/16 21:41:43 IFA_DNHIK6_NHJIK610_10372 FE3 fe3 11013 Lancer_K02_calcul_pers.sh NHTX122XXXXNN FIN
2012/01/18 21:46:09 IFA_BNHIK6_NHJIK610_12360 FE1 fe1 17132 Lancer_K02_calcul_pers.sh NHTX122XXXXNN FIN
2012/01/18 21:46:36 IFA_CNHIK6_NHJIK610_26164 FE2 fe2 1070 Lancer_K02_calcul_pers.sh NHTX122XXXXNN FIN
2012/01/18 21:46:38 IFA_ENHIK6_NHJIK610_27422 FE4 fe4 2461 Lancer_K02_calcul_pers.sh NHTX122XXXXNN FIN
2012/01/18 21:46:59 IFA_DNHIK6_NHJIK610_5816 FE3 fe3 6916 Lancer_K02_calcul_pers.sh NHTX122XXXXNN FIN
2012/01/20 02:23:41 IFA_CNHIK6_NHJIK610_4129 FE2 fe2 4818 Lancer_K02_calcul_pers.sh NHTX122XXXXNN FIN
2012/01/20 02:25:05 IFA_INHIK6_NHJIK610_9725 FE8 fe8 10290 Lancer_K02_calcul_pers.sh NHTX122XXXXNN FIN
2012/01/20 02:25:31 IFA_HNHIK6_NHJIK610_11961 FE7 fe7 13579 Lancer_K02_calcul_pers.sh NHTX122XXXXNN FIN
2012/01/20 02:26:32 IFA_BNHIK6_NHJIK610_19065 FE1 fe1 22730 Lancer_K02_calcul_pers.sh NHTX122XXXXNN FIN
2012/01/20 02:28:18 IFA_ENHIK6_NHJIK610_2668 FE4 fe4 7040 Lancer_K02_calcul_pers.sh NHTX122XXXXNN FIN
2012/01/20 02:29:02 IFA_DNHIK6_NHJIK610_27506 FE3 fe3 2961 Lancer_K02_calcul_pers.sh NHTX122XXXXNN FIN
2012/01/21 06:52:43 IFA_HNHIK6_NHJIK610_18966 FE7 fe7 23187 Lancer_K02_calcul_pers.sh NHTX122XXXXNN FIN
2012/01/21 06:52:47 IFA_CNHIK6_NHJIK610_21191 FE2 fe2 24737 Lancer_K02_calcul_pers.sh NHTX122XXXXNN FIN
2012/01/21 06:53:02 IFA_BNHIK6_NHJIK610_27789 FE1 fe1 2579 Lancer_K02_calcul_pers.sh NHTX122XXXXNN FIN
2012/01/21 06:53:49 IFA_DNHIK6_NHJIK610_20719 FE3 fe3 24788 Lancer_K02_calcul_pers.sh NHTX122XXXXNN FIN
2012/01/21 06:54:01 IFA_ENHIK6_NHJIK610_25697 FE4 fe4 512 Lancer_K02_calcul_pers.sh NHTX122XXXXNN FIN
2012/01/21 06:54:26 IFA_INHIK6_NHJIK610_8655 FE8 fe8 12234 Lancer_K02_calcul_pers.sh NHTX122XXXXNN FIN
2012/01/23 21:26:15 IFA_DNHIK6_NHJIK610_13954 FE3 fe3 14267 Lancer_K02_calcul_pers.sh NHTX122XXXXNN FIN
2012/01/23 21:26:52 IFA_CNHIK6_NHJIK610_17317 FE2 fe2 17787 Lancer_K02_calcul_pers.sh NHTX122XXXXNN FIN
2012/01/23 21:27:48 IFA_BNHIK6_NHJIK610_22062 FE1 fe1 22703 Lancer_K02_calcul_pers.sh NHTX122XXXXNN FIN
2012/01/23 21:27:49 IFA_ENHIK6_NHJIK610_22169 FE4 fe4 22766 Lancer_K02_calcul_pers.sh NHTX122XXXXNN FIN
2012/01/24 21:15:26 IFA_DNHIK6_NHJIK610_11852 FE3 fe3 15697 Lancer_K02_calcul_pers.sh NHTX122XXXXNN FIN
2012/01/24 21:16:26 IFA_CNHIK6_NHJIK610_12375 FE2 fe2 16242 Lancer_K02_calcul_pers.sh NHTX122XXXXNN FIN
2012/01/24 21:17:28 IFA_BNHIK6_NHJIK610_12392 FE1 fe1 16672 Lancer_K02_calcul_pers.sh NHTX122XXXXNN FIN
2012/01/24 21:19:45 IFA_ENHIK6_NHJIK610_2226 FE4 fe4 2490 Lancer_K02_calcul_pers.sh NHTX122XXXXNN FIN
2012/01/26 21:52:55 IFA_BNHIK6_NHJIK610_13068 FE1 fe1 17447 Lancer_K02_calcul_pers.sh NHTX122XXXXNN FIN
2012/01/26 21:53:04 IFA_DNHIK6_NHJIK610_17858 FE3 fe3 21837 Lancer_K02_calcul_pers.sh NHTX122XXXXNN FIN
2012/01/26 21:55:11 IFA_CNHIK6_NHJIK610_17150 FE2 fe2 21986 Lancer_K02_calcul_pers.sh NHTX122XXXXNN FIN
2012/01/26 21:58:55 IFA_ENHIK6_NHJIK610_2002 FE4 fe4 3389 Lancer_K02_calcul_pers.sh NHTX122XXXXNN FIN
2012/01/28 10:25:25 IFA_BNHIK6_NHJIK610_782 FE1 fe1 5187 Lancer_K02_calcul_pers.sh NHTX122XXXXNN FIN
2012/01/28 10:25:43 IFA_CNHIK6_NHJIK610_10584 FE2 fe2 14814 Lancer_K02_calcul_pers.sh NHTX122XXXXNN FIN
2012/01/28 10:25:57 IFA_ENHIK6_NHJIK610_17480 FE4 fe4 21966 Lancer_K02_calcul_pers.sh NHTX122XXXXNN FIN
2012/01/28 10:26:02 IFA_DNHIK6_NHJIK610_20522 FE3 fe3 24720 Lancer_K02_calcul_pers.sh NHTX122XXXXNN FIN
2012/01/30 21:56:31 IFA_HNHIK6_NHJIK610_22343 FE7 fe7 23898 Lancer_K02_calcul_pers.sh NHTX122XXXXNN FIN
2012/01/30 21:57:32 IFA_CNHIK6_NHJIK610_553 FE2 fe2 1540 Lancer_K02_calcul_pers.sh NHTX122XXXXNN FIN
2012/01/30 21:57:35 IFA_BNHIK6_NHJIK610_952 FE1 fe1 1582 Lancer_K02_calcul_pers.sh NHTX122XXXXNN FIN
2012/01/30 22:00:04 IFA_INHIK6_NHJIK610_2194 FE8 fe8 6458 Lancer_K02_calcul_pers.sh NHTX122XXXXNN FIN
2012/01/30 22:00:08 IFA_DNHIK6_NHJIK610_4635 FE3 fe3 8234 Lancer_K02_calcul_pers.sh NHTX122XXXXNN FIN
2012/01/30 22:03:15 IFA_ENHIK6_NHJIK610_4506 FE4 fe4 9590 Lancer_K02_calcul_pers.sh NHTX122XXXXNN FIN
2012/02/01 00:01:34 IFA_HNHIK6_NHJIK610_24684 FE7 fe7 361 Lancer_K02_calcul_pers.sh NHTX122XXXXNN FIN
2012/02/01 00:01:52 IFA_BNHIK6_NHJIK610_4254 FE1 fe1 9620 Lancer_K02_calcul_pers.sh NHTX122XXXXNN FIN
2012/02/01 00:02:21 IFA_ENHIK6_NHJIK610_19456 FE4 fe4 23948 Lancer_K02_calcul_pers.sh NHTX122XXXXNN FIN
2012/02/01 00:03:14 IFA_DNHIK6_NHJIK610_14538 FE3 fe3 18402 Lancer_K02_calcul_pers.sh NHTX122XXXXNN FIN
2012/02/01 00:03:48 IFA_CNHIK6_NHJIK610_29818 FE2 fe2 3701 Lancer_K02_calcul_pers.sh NHTX122XXXXNN FIN
2012/02/01 00:06:21 IFA_INHIK6_NHJIK610_6463 FE8 fe8 11526 Lancer_K02_calcul_pers.sh NHTX122XXXXNN FIN
2012/02/02 22:33:54 IFA_CNHIK6_NHJIK610_24750 FE2 fe2 2022 Lancer_K02_calcul_pers.sh NHTX122XXXXNN FIN
2012/02/02 22:33:55 IFA_ENHIK6_NHJIK610_18944 FE4 fe4 369 Lancer_K02_calcul_pers.sh NHTX122XXXXNN FIN
2012/02/02 22:33:58 IFA_DNHIK6_NHJIK610_26876 FE3 fe3 4388 Lancer_K02_calcul_pers.sh NHTX122XXXXNN FIN
2012/02/02 22:34:30 IFA_BNHIK6_NHJIK610_11740 FE1 fe1 20444 Lancer_K02_calcul_pers.sh NHTX122XXXXNN FIN
2012/02/04 12:27:45 IFA_DNHIK6_NHJIK610_7760 FE3 fe3 14641 Lancer_K02_calcul_pers.sh NHTX122XXXXNN FIN
2012/02/04 12:30:42 IFA_CNHIK6_NHJIK610_16330 FE2 fe2 16553 Lancer_K02_calcul_pers.sh NHTX122XXXXNN FIN
2012/02/04 12:33:23 IFA_BNHIK6_NHJIK610_19655 FE1 fe1 20059 Lancer_K02_calcul_pers.sh NHTX122XXXXNN FIN
2012/02/04 12:33:45 IFA_ENHIK6_NHJIK610_20478 FE4 fe4 21470 Lancer_K02_calcul_pers.sh NHTX122XXXXNN FIN
2012/02/06 22:03:47 IFA_DNHIK6_NHJIK610_1650 FE3 fe3 2322 Lancer_K02_calcul_pers.sh NHTX122XXXXNN FIN
2012/02/06 22:04:54 IFA_BNHIK6_NHJIK610_5703 FE1 fe1 6090 Lancer_K02_calcul_pers.sh NHTX122XXXXNN FIN
2012/02/06 22:06:37 IFA_CNHIK6_NHJIK610_9011 FE2 fe2 9215 Lancer_K02_calcul_pers.sh NHTX122XXXXNN FIN
2012/02/06 22:07:35 IFA_ENHIK6_NHJIK610_12417 FE4 fe4 14231 Lancer_K02_calcul_pers.sh NHTX122XXXXNN FIN
2012/02/08 22:14:11 IFA_DNHIK6_NHJIK610_4286 FE3 fe3 4814 Lancer_K02_calcul_pers.sh NHTX122XXXXNN FIN
2012/02/08 22:15:03 IFA_BNHIK6_NHJIK610_7475 FE1 fe1 7709 Lancer_K02_calcul_pers.sh NHTX122XXXXNN FIN
2012/02/08 22:16:23 IFA_CNHIK6_NHJIK610_10127 FE2 fe2 10296 Lancer_K02_calcul_pers.sh NHTX122XXXXNN FIN
2012/02/08 22:19:21 IFA_ENHIK6_NHJIK610_13672 FE4 fe4 17066 Lancer_K02_calcul_pers.sh NHTX122XXXXNN FIN
2012/02/09 21:32:23 IFA_DNHIK6_NHJIK610_19938 FE3 fe3 20243 Lancer_K02_calcul_pers.sh NHTX122XXXXNN FIN
2012/02/09 21:32:38 IFA_CNHIK6_NHJIK610_20741 FE2 fe2 21299 Lancer_K02_calcul_pers.sh NHTX122XXXXNN FIN
2012/02/09 21:36:27 IFA_ENHIK6_NHJIK610_17762 FE4 fe4 23243 Lancer_K02_calcul_pers.sh NHTX122XXXXNN FIN
2012/02/09 21:37:27 IFA_BNHIK6_NHJIK610_14790 FE1 fe1 23952 Lancer_K02_calcul_pers.sh NHTX122XXXXNN FIN
2012/02/11 05:38:34 IFA_CNHIK6_NHJIK610_12743 FE2 fe2 13317 Lancer_K02_calcul_pers.sh NHTX122XXXXNN FIN
2012/02/11 05:38:36 IFA_BNHIK6_NHJIK610_13153 FE1 fe1 13387 Lancer_K02_calcul_pers.sh NHTX122XXXXNN FIN
2012/02/11 05:39:38 IFA_DNHIK6_NHJIK610_18600 FE3 fe3 19285 Lancer_K02_calcul_pers.sh NHTX122XXXXNN FIN
2012/02/11 05:39:43 IFA_ENHIK6_NHJIK610_18974 FE4 fe4 19654 Lancer_K02_calcul_pers.sh NHTX122XXXXNN FIN
2012/02/13 21:51:32 IFA_BNHIK6_NHJIK610_22405 FE1 fe1 22733 Lancer_K02_calcul_pers.sh NHTX122XXXXNN FIN
2012/02/13 21:53:03 IFA_DNHIK6_NHJIK610_23048 FE3 fe3 26782 Lancer_K02_calcul_pers.sh NHTX122XXXXNN FIN
2012/02/13 21:53:19 IFA_ENHIK6_NHJIK610_308 FE4 fe4 4130 Lancer_K02_calcul_pers.sh NHTX122XXXXNN FIN
2012/02/13 21:54:27 IFA_CNHIK6_NHJIK610_3414 FE2 fe2 6737 Lancer_K02_calcul_pers.sh NHTX122XXXXNN FIN
2012/02/14 21:12:14 IFA_BNHIK6_NHJIK610_5331 FE1 fe1 5622 Lancer_K02_calcul_pers.sh NHTX122XXXXNN FIN
2012/02/14 21:12:14 IFA_DNHIK6_NHJIK610_5428 FE3 fe3 5623 Lancer_K02_calcul_pers.sh NHTX122XXXXNN FIN
2012/02/14 21:12:14 IFA_CNHIK6_NHJIK610_5372 FE2 fe2 5614 Lancer_K02_calcul_pers.sh NHTX122XXXXNN FIN
2012/02/14 21:12:17 IFA_ENHIK6_NHJIK610_5459 FE4 fe4 5674 Lancer_K02_calcul_pers.sh NHTX122XXXXNN FIN
2012/02/15 22:36:50 IFA_CNHIK6_NHJIK610_14942 FE2 fe2 19529 Lancer_K02_calcul_pers.sh NHTX122XXXXNN FIN
2012/02/15 22:37:22 IFA_DNHIK6_NHJIK610_1883 FE3 fe3 6059 Lancer_K02_calcul_pers.sh NHTX122XXXXNN FIN
2012/02/15 22:37:26 IFA_ENHIK6_NHJIK610_4191 FE4 fe4 8106 Lancer_K02_calcul_pers.sh NHTX122XXXXNN FIN
2012/02/15 22:39:35 IFA_BNHIK6_NHJIK610_7612 FE1 fe1 7936 Lancer_K02_calcul_pers.sh NHTX122XXXXNN FIN
2011/10/18 21:32:41 IFA_BNHIK6_NHJIK610_23037 FE1 fe1 25248 Lancer_K02_calcul_pers.sh NHTX122XXXXNN FIN
2011/10/18 21:33:04 IFA_ENHIK6_NHJIK610_26838 FE4 fe4 27673 Lancer_K02_calcul_pers.sh NHTX122XXXXNN FIN
2011/10/18 21:34:54 IFA_CNHIK6_NHJIK610_3246 FE2 fe2 4052 Lancer_K02_calcul_pers.sh NHTX122XXXXNN FIN
2011/10/18 21:35:16 IFA_DNHIK6_NHJIK610_5542 FE3 fe3 6165 Lancer_K02_calcul_pers.sh NHTX122XXXXNN FIN
2011/10/19 21:26:39 IFA_BNHIK6_NHJIK610_12055 FE1 fe1 12182 Lancer_K02_calcul_pers.sh NHTX122XXXXNN FIN
2011/10/19 21:27:32 IFA_CNHIK6_NHJIK610_16361 FE2 fe2 16640 Lancer_K02_calcul_pers.sh NHTX122XXXXNN FIN
2011/10/19 21:27:53 IFA_ENHIK6_NHJIK610_17002 FE4 fe4 17930 Lancer_K02_calcul_pers.sh NHTX122XXXXNN FIN
2011/10/19 21:28:44 IFA_DNHIK6_NHJIK610_20736 FE3 fe3 21021 Lancer_K02_calcul_pers.sh NHTX122XXXXNN FIN
2011/10/20 21:20:46 IFA_CNHIK6_NHJIK610_12591 FE2 fe2 13434 Lancer_K02_calcul_pers.sh NHTX122XXXXNN FIN
2011/10/20 21:21:23 IFA_DNHIK6_NHJIK610_16207 FE3 fe3 16892 Lancer_K02_calcul_pers.sh NHTX122XXXXNN FIN
2011/10/20 21:21:37 IFA_BNHIK6_NHJIK610_17191 FE1 fe1 17947 Lancer_K02_calcul_pers.sh NHTX122XXXXNN FIN
2011/10/20 21:23:04 IFA_ENHIK6_NHJIK610_22985 FE4 fe4 23222 Lancer_K02_calcul_pers.sh NHTX122XXXXNN FIN
2011/10/22 06:58:43 IFA_CNHIK6_NHJIK610_7778 FE2 fe2 8245 Lancer_K02_calcul_pers.sh NHTX122XXXXNN FIN
2011/10/22 06:58:48 IFA_BNHIK6_NHJIK610_8174 FE1 fe1 8613 Lancer_K02_calcul_pers.sh NHTX122XXXXNN FIN
2011/10/22 06:59:16 IFA_ENHIK6_NHJIK610_11583 FE4 fe4 12488 Lancer_K02_calcul_pers.sh NHTX122XXXXNN FIN
2011/10/22 06:59:31 IFA_DNHIK6_NHJIK610_13241 FE3 fe3 13818 Lancer_K02_calcul_pers.sh NHTX122XXXXNN FIN
2011/10/24 21:35:48 IFA_DNHIK6_NHJIK610_13645 FE3 fe3 17385 Lancer_K02_calcul_pers.sh NHTX122XXXXNN FIN
2011/10/24 21:36:29 IFA_CNHIK6_NHJIK610_3260 FE2 fe2 5293 Lancer_K02_calcul_pers.sh NHTX122XXXXNN FIN
2011/10/24 21:37:49 IFA_BNHIK6_NHJIK610_9043 FE1 fe1 9585 Lancer_K02_calcul_pers.sh NHTX122XXXXNN FIN
2011/10/24 21:38:51 IFA_ENHIK6_NHJIK610_13169 FE4 fe4 13550 Lancer_K02_calcul_pers.sh NHTX122XXXXNN FIN
2011/10/26 22:15:23 IFA_CNHIK6_NHJIK610_7969 FE2 fe2 9246 Lancer_K02_calcul_pers.sh NHTX122XXXXNN FIN
2011/10/26 22:17:11 IFA_DNHIK6_NHJIK610_26342 FE3 fe3 29180 Lancer_K02_calcul_pers.sh NHTX122XXXXNN FIN
2011/10/26 22:17:11 IFA_ENHIK6_NHJIK610_25621 FE4 fe4 29088 Lancer_K02_calcul_pers.sh NHTX122XXXXNN FIN
2011/10/26 22:18:22 IFA_BNHIK6_NHJIK610_455 FE1 fe1 4176 Lancer_K02_calcul_pers.sh NHTX122XXXXNN FIN
2011/10/27 22:15:04 IFA_BNHIK6_NHJIK610_16234 FE1 fe1 17786 Lancer_K02_calcul_pers.sh NHTX122XXXXNN FIN
2011/10/27 22:15:52 IFA_CNHIK6_NHJIK610_25118 FE2 fe2 25295 Lancer_K02_calcul_pers.sh NHTX122XXXXNN FIN
2011/10/27 22:18:13 IFA_DNHIK6_NHJIK610_24016 FE3 fe3 27191 Lancer_K02_calcul_pers.sh NHTX122XXXXNN FIN
2011/10/27 22:18:34 IFA_ENHIK6_NHJIK610_5893 FE4 fe4 9537 Lancer_K02_calcul_pers.sh NHTX122XXXXNN FIN
2011/10/29 06:41:30 IFA_CNHIK6_NHJIK610_12516 FE2 fe2 12998 Lancer_K02_calcul_pers.sh NHTX122XXXXNN FIN
2011/10/29 06:41:50 IFA_BNHIK6_NHJIK610_14680 FE1 fe1 15837 Lancer_K02_calcul_pers.sh NHTX122XXXXNN FIN
2011/10/29 06:42:03 IFA_DNHIK6_NHJIK610_17029 FE3 fe3 18168 Lancer_K02_calcul_pers.sh NHTX122XXXXNN FIN
2011/10/29 06:42:05 IFA_ENHIK6_NHJIK610_17570 FE4 fe4 18270 Lancer_K02_calcul_pers.sh NHTX122XXXXNN FIN
2011/10/31 22:08:37 IFA_BNHIK6_NHJIK610_13107 FE1 fe1 13813 Lancer_K02_calcul_pers.sh NHTX122XXXXNN FIN
2011/10/31 22:08:37 IFA_CNHIK6_NHJIK610_13255 FE2 fe2 14012 Lancer_K02_calcul_pers.sh NHTX122XXXXNN FIN
2011/10/31 22:08:43 IFA_DNHIK6_NHJIK610_14085 FE3 fe3 14613 Lancer_K02_calcul_pers.sh NHTX122XXXXNN FIN
2011/10/31 22:09:20 IFA_ENHIK6_NHJIK610_18603 FE4 fe4 18771 Lancer_K02_calcul_pers.sh NHTX122XXXXNN FIN
2011/11/02 21:35:32 IFA_BNHIK6_NHJIK610_22302 FE1 fe1 23921 Lancer_K02_calcul_pers.sh NHTX122XXXXNN FIN
2011/11/02 21:35:35 IFA_CNHIK6_NHJIK610_22640 FE2 fe2 23968 Lancer_K02_calcul_pers.sh NHTX122XXXXNN FIN
2011/11/02 21:36:14 IFA_DNHIK6_NHJIK610_27011 FE3 fe3 10545 Lancer_K02_calcul_pers.sh NHTX122XXXXNN FIN
2011/11/02 21:39:56 IFA_ENHIK6_NHJIK610_12142 FE4 fe4 27689 Lancer_K02_calcul_pers.sh NHTX122XXXXNN FIN
2011/11/03 21:33:55 IFA_CNHIK6_NHJIK610_21955 FE2 fe2 22265 Lancer_K02_calcul_pers.sh NHTX122XXXXNN FIN
2011/11/03 21:42:51 IFA_ENHIK6_NHJIK610_17152 FE4 fe4 252 Lancer_K02_calcul_pers.sh NHTX122XXXXNN FIN
2011/11/03 21:45:12 IFA_DNHIK6_NHJIK610_2206 FE3 fe3 2610 Lancer_K02_calcul_pers.sh NHTX122XXXXNN FIN
2011/11/03 21:45:13 IFA_BNHIK6_NHJIK610_1862 FE1 fe1 2736 Lancer_K02_calcul_pers.sh NHTX122XXXXNN FIN
2011/11/05 06:57:16 IFA_DNHIK6_NHJIK610_16640 FE3 fe3 23705 Lancer_K02_calcul_pers.sh NHTX122XXXXNN FIN
2011/11/05 07:00:13 IFA_CNHIK6_NHJIK610_14397 FE2 fe2 14748 Lancer_K02_calcul_pers.sh NHTX122XXXXNN FIN
2011/11/05 07:08:19 IFA_ENHIK6_NHJIK610_28964 FE4 fe4 29394 Lancer_K02_calcul_pers.sh NHTX122XXXXNN FIN
2011/11/05 07:34:34 IFA_BNHIK6_NHJIK610_24014 FE1 fe1 24459 Lancer_K02_calcul_pers.sh NHTX122XXXXNN FIN
2011/11/07 22:18:50 IFA_BNHIK6_NHJIK610_25941 FE1 fe1 26874 Lancer_K02_calcul_pers.sh NHTX122XXXXNN FIN
2011/11/07 22:21:28 IFA_DNHIK6_NHJIK610_3783 FE3 fe3 4137 Lancer_K02_calcul_pers.sh NHTX122XXXXNN FIN
2011/11/07 22:21:53 IFA_ENHIK6_NHJIK610_4576 FE4 fe4 4918 Lancer_K02_calcul_pers.sh NHTX122XXXXNN FIN
2011/11/07 22:23:26 IFA_CNHIK6_NHJIK610_13514 FE2 fe2 19714 Lancer_K02_calcul_pers.sh NHTX122XXXXNN FIN
2011/11/08 21:51:51 IFA_ENHIK6_NHJIK610_22051 FE4 fe4 26799 Lancer_K02_calcul_pers.sh NHTX122XXXXNN FIN
2011/11/08 21:51:53 IFA_CNHIK6_NHJIK610_22740 FE2 fe2 27707 Lancer_K02_calcul_pers.sh NHTX122XXXXNN FIN
2011/11/08 21:52:08 IFA_BNHIK6_NHJIK610_172 FE1 fe1 5384 Lancer_K02_calcul_pers.sh NHTX122XXXXNN FIN
2011/11/08 21:52:18 IFA_DNHIK6_NHJIK610_5596 FE3 fe3 10340 Lancer_K02_calcul_pers.sh NHTX122XXXXNN FIN
2011/11/09 21:36:16 IFA_CNHIK6_NHJIK610_24339 FE2 fe2 24601 Lancer_K02_calcul_pers.sh NHTX122XXXXNN FIN
2011/11/09 21:39:22 IFA_DNHIK6_NHJIK610_27182 FE3 fe3 27811 Lancer_K02_calcul_pers.sh NHTX122XXXXNN FIN
2011/11/09 21:40:10 IFA_ENHIK6_NHJIK610_6147 FE4 fe4 13229 Lancer_K02_calcul_pers.sh NHTX122XXXXNN FIN
2011/11/09 21:47:01 IFA_BNHIK6_NHJIK610_24842 FE1 fe1 25009 Lancer_K02_calcul_pers.sh NHTX122XXXXNN FIN
2011/11/11 07:53:27 IFA_CNHIK6_NHJIK610_14733 FE2 fe2 19901 Lancer_K02_calcul_pers.sh NHTX122XXXXNN FIN
2011/11/11 07:53:41 IFA_BNHIK6_NHJIK610_22724 FE1 fe1 26767 Lancer_K02_calcul_pers.sh NHTX122XXXXNN FIN
2011/11/11 07:53:48 IFA_DNHIK6_NHJIK610_25452 FE3 fe3 672 Lancer_K02_calcul_pers.sh NHTX122XXXXNN FIN
2011/11/11 07:54:34 IFA_ENHIK6_NHJIK610_19067 FE4 fe4 23200 Lancer_K02_calcul_pers.sh NHTX122XXXXNN FIN
2011/11/15 00:11:52 IFA_BNHIK6_NHJIK610_16062 FE1 fe1 23163 Lancer_K02_calcul_pers.sh NHTX122XXXXNN FIN
2011/11/15 00:12:38 IFA_CNHIK6_NHJIK610_10470 FE2 fe2 15900 Lancer_K02_calcul_pers.sh NHTX122XXXXNN FIN
2011/11/15 00:16:57 IFA_ENHIK6_NHJIK610_17708 FE4 fe4 19466 Lancer_K02_calcul_pers.sh NHTX122XXXXNN FIN
2011/11/15 00:18:24 IFA_DNHIK6_NHJIK610_1104 FE3 fe3 8129 Lancer_K02_calcul_pers.sh NHTX122XXXXNN FIN
2011/11/15 21:51:27 IFA_ENHIK6_NHJIK610_16375 FE4 fe4 20513 Lancer_K02_calcul_pers.sh NHTX122XXXXNN FIN
2011/11/15 21:51:27 IFA_DNHIK6_NHJIK610_16145 FE3 fe3 20646 Lancer_K02_calcul_pers.sh NHTX122XXXXNN FIN
2011/11/15 21:52:25 IFA_BNHIK6_NHJIK610_15608 FE1 fe1 19686 Lancer_K02_calcul_pers.sh NHTX122XXXXNN FIN
2011/11/15 21:53:08 IFA_CNHIK6_NHJIK610_6204 FE2 fe2 10520 Lancer_K02_calcul_pers.sh NHTX122XXXXNN FIN
2011/11/16 21:33:29 IFA_DNHIK6_NHJIK610_6508 FE3 fe3 11215 Lancer_K02_calcul_pers.sh NHTX122XXXXNN FIN
2011/11/16 21:34:39 IFA_ENHIK6_NHJIK610_12449 FE4 fe4 16574 Lancer_K02_calcul_pers.sh NHTX122XXXXNN FIN
2011/11/16 21:35:12 IFA_CNHIK6_NHJIK610_28779 FE2 fe2 29828 Lancer_K02_calcul_pers.sh NHTX122XXXXNN FIN
2011/11/16 21:36:49 IFA_BNHIK6_NHJIK610_8628 FE1 fe1 9855 Lancer_K02_calcul_pers.sh NHTX122XXXXNN FIN
2011/11/17 21:33:27 IFA_BNHIK6_NHJIK610_1646 FE1 fe1 7764 Lancer_K02_calcul_pers.sh NHTX122XXXXNN FIN
2011/11/17 21:33:34 IFA_ENHIK6_NHJIK610_5967 FE4 fe4 11102 Lancer_K02_calcul_pers.sh NHTX122XXXXNN FIN
2011/11/17 21:34:51 IFA_CNHIK6_NHJIK610_1466 FE2 fe2 2591 Lancer_K02_calcul_pers.sh NHTX122XXXXNN FIN
2011/11/17 21:35:03 IFA_DNHIK6_NHJIK610_2857 FE3 fe3 3336 Lancer_K02_calcul_pers.sh NHTX122XXXXNN FIN
2011/11/19 06:58:20 IFA_CNHIK6_NHJIK610_315 FE2 fe2 4897 Lancer_K02_calcul_pers.sh NHTX122XXXXNN FIN
2011/11/19 06:58:41 IFA_DNHIK6_NHJIK610_10422 FE3 fe3 15290 Lancer_K02_calcul_pers.sh NHTX122XXXXNN FIN
2011/11/19 06:58:52 IFA_BNHIK6_NHJIK610_16135 FE1 fe1 21001 Lancer_K02_calcul_pers.sh NHTX122XXXXNN FIN
2011/11/19 06:59:13 IFA_ENHIK6_NHJIK610_26990 FE4 fe4 1759 Lancer_K02_calcul_pers.sh NHTX122XXXXNN FIN
2011/11/21 21:38:56 IFA_DNHIK6_NHJIK610_3368 FE3 fe3 3649 Lancer_K02_calcul_pers.sh NHTX122XXXXNN FIN
2011/11/21 21:41:03 IFA_CNHIK6_NHJIK610_7125 FE2 fe2 7484 Lancer_K02_calcul_pers.sh NHTX122XXXXNN FIN
2011/11/21 21:43:43 IFA_BNHIK6_NHJIK610_11856 FE1 fe1 17674 Lancer_K02_calcul_pers.sh NHTX122XXXXNN FIN
2011/11/21 21:44:56 IFA_ENHIK6_NHJIK610_23794 FE4 fe4 28419 Lancer_K02_calcul_pers.sh NHTX122XXXXNN FIN
2011/11/22 21:27:51 IFA_DNHIK6_NHJIK610_6965 FE3 fe3 7325 Lancer_K02_calcul_pers.sh NHTX122XXXXNN FIN
2011/11/22 21:28:31 IFA_ENHIK6_NHJIK610_10829 FE4 fe4 11244 Lancer_K02_calcul_pers.sh NHTX122XXXXNN FIN
2011/11/22 21:29:28 IFA_CNHIK6_NHJIK610_13874 FE2 fe2 14823 Lancer_K02_calcul_pers.sh NHTX122XXXXNN FIN
2011/11/22 21:29:43 IFA_BNHIK6_NHJIK610_15387 FE1 fe1 16039 Lancer_K02_calcul_pers.sh NHTX122XXXXNN FIN
2011/11/23 21:35:37 IFA_BNHIK6_NHJIK610_9657 FE1 fe1 9922 Lancer_K02_calcul_pers.sh NHTX122XXXXNN FIN
2011/11/23 21:37:19 IFA_DNHIK6_NHJIK610_17135 FE3 fe3 18182 Lancer_K02_calcul_pers.sh NHTX122XXXXNN FIN
2011/11/23 21:38:00 IFA_CNHIK6_NHJIK610_22931 FE2 fe2 23761 Lancer_K02_calcul_pers.sh NHTX122XXXXNN FIN
2011/11/23 21:40:52 IFA_ENHIK6_NHJIK610_22134 FE4 fe4 28032 Lancer_K02_calcul_pers.sh NHTX122XXXXNN FIN
2011/11/26 07:11:44 IFA_CNHIK6_NHJIK610_18744 FE2 fe2 22391 Lancer_K02_calcul_pers.sh NHTX122XXXXNN FIN
2011/11/26 07:12:19 IFA_DNHIK6_NHJIK610_29400 FE3 fe3 523 Lancer_K02_calcul_pers.sh NHTX122XXXXNN FIN
2011/11/26 07:12:31 IFA_ENHIK6_NHJIK610_938 FE4 fe4 1875 Lancer_K02_calcul_pers.sh NHTX122XXXXNN FIN
2011/11/26 07:12:33 IFA_BNHIK6_NHJIK610_1319 FE1 fe1 2061 Lancer_K02_calcul_pers.sh NHTX122XXXXNN FIN
2011/11/28 21:50:12 IFA_DNHIK6_NHJIK610_29203 FE3 fe3 230 Lancer_K02_calcul_pers.sh NHTX122XXXXNN FIN
2011/11/28 21:50:29 IFA_ENHIK6_NHJIK610_933 FE4 fe4 1672 Lancer_K02_calcul_pers.sh NHTX122XXXXNN FIN
2011/11/28 21:50:58 IFA_BNHIK6_NHJIK610_5461 FE1 fe1 6729 Lancer_K02_calcul_pers.sh NHTX122XXXXNN FIN
2011/11/28 21:53:19 IFA_CNHIK6_NHJIK610_769 FE2 fe2 5254 Lancer_K02_calcul_pers.sh NHTX122XXXXNN FIN
2011/11/30 21:54:49 IFA_ENHIK6_NHJIK610_27667 FE4 fe4 28260 Lancer_K02_calcul_pers.sh NHTX122XXXXNN FIN
2011/11/30 21:55:18 IFA_DNHIK6_NHJIK610_1178 FE3 fe3 1976 Lancer_K02_calcul_pers.sh NHTX122XXXXNN FIN
2011/11/30 21:56:15 IFA_CNHIK6_NHJIK610_14716 FE2 fe2 18242 Lancer_K02_calcul_pers.sh NHTX122XXXXNN FIN
2011/11/30 21:56:23 IFA_BNHIK6_NHJIK610_18023 FE1 fe1 22054 Lancer_K02_calcul_pers.sh NHTX122XXXXNN FIN
2011/12/02 00:27:03 IFA_BNHIK6_NHJIK610_4857 FE1 fe1 5640 Lancer_K02_calcul_pers.sh NHTX122XXXXNN FIN
2011/12/02 00:28:23 IFA_DNHIK6_NHJIK610_9814 FE3 fe3 10682 Lancer_K02_calcul_pers.sh NHTX122XXXXNN FIN
2011/12/02 00:28:35 IFA_CNHIK6_NHJIK610_10375 FE2 fe2 15831 Lancer_K02_calcul_pers.sh NHTX122XXXXNN FIN
2011/12/02 00:32:07 IFA_ENHIK6_NHJIK610_16988 FE4 fe4 28736 Lancer_K02_calcul_pers.sh NHTX122XXXXNN FIN
2011/12/03 06:01:07 IFA_CNHIK6_NHJIK610_13696 FE2 fe2 13925 Lancer_K02_calcul_pers.sh NHTX122XXXXNN FIN
2011/12/03 06:02:53 IFA_DNHIK6_NHJIK610_16331 FE3 fe3 16814 Lancer_K02_calcul_pers.sh NHTX122XXXXNN FIN
2011/12/03 06:09:37 IFA_ENHIK6_NHJIK610_27750 FE4 fe4 27828 Lancer_K02_calcul_pers.sh NHTX122XXXXNN FIN
2011/12/03 06:11:09 IFA_BNHIK6_NHJIK610_170 FE1 fe1 569 Lancer_K02_calcul_pers.sh NHTX122XXXXNN FIN
2011/12/05 22:07:31 IFA_DNHIK6_NHJIK610_15787 FE3 fe3 15995 Lancer_K02_calcul_pers.sh NHTX122XXXXNN FIN
2011/12/05 22:08:24 IFA_CNHIK6_NHJIK610_16748 FE2 fe2 17587 Lancer_K02_calcul_pers.sh NHTX122XXXXNN FIN
2011/12/05 22:09:16 IFA_BNHIK6_NHJIK610_18552 FE1 fe1 19123 Lancer_K02_calcul_pers.sh NHTX122XXXXNN FIN
2011/12/05 22:10:58 IFA_ENHIK6_NHJIK610_25946 FE4 fe4 4355 Lancer_K02_calcul_pers.sh NHTX122XXXXNN FIN
2011/12/06 23:42:29 IFA_CNHIK6_NHJIK610_9147 FE2 fe2 13177 Lancer_K02_calcul_pers.sh NHTX122XXXXNN FIN
2011/12/06 23:42:30 IFA_ENHIK6_NHJIK610_9357 FE4 fe4 13556 Lancer_K02_calcul_pers.sh NHTX122XXXXNN FIN
2011/12/06 23:42:31 IFA_BNHIK6_NHJIK610_9573 FE1 fe1 13894 Lancer_K02_calcul_pers.sh NHTX122XXXXNN FIN
2011/12/06 23:42:35 IFA_DNHIK6_NHJIK610_11221 FE3 fe3 15699 Lancer_K02_calcul_pers.sh NHTX122XXXXNN FIN
2011/12/07 21:51:21 IFA_CNHIK6_NHJIK610_23071 FE2 fe2 23751 Lancer_K02_calcul_pers.sh NHTX122XXXXNN FIN
2011/12/07 21:53:32 IFA_DNHIK6_NHJIK610_28242 FE3 fe3 28858 Lancer_K02_calcul_pers.sh NHTX122XXXXNN FIN
2011/12/07 21:53:53 IFA_ENHIK6_NHJIK610_143 FE4 fe4 1131 Lancer_K02_calcul_pers.sh NHTX122XXXXNN FIN
2011/12/07 21:54:35 IFA_BNHIK6_NHJIK610_3128 FE1 fe1 3662 Lancer_K02_calcul_pers.sh NHTX122XXXXNN FIN
2011/12/08 23:44:03 IFA_CNHIK6_NHJIK610_2160 FE2 fe2 6316 Lancer_K02_calcul_pers.sh NHTX122XXXXNN FIN
2011/12/08 23:45:27 IFA_DNHIK6_NHJIK610_8043 FE3 fe3 16407 Lancer_K02_calcul_pers.sh NHTX122XXXXNN FIN
2011/12/08 23:45:38 IFA_BNHIK6_NHJIK610_19009 FE1 fe1 22329 Lancer_K02_calcul_pers.sh NHTX122XXXXNN FIN
2011/12/08 23:46:37 IFA_ENHIK6_NHJIK610_7949 FE4 fe4 8530 Lancer_K02_calcul_pers.sh NHTX122XXXXNN FIN
2011/12/10 07:57:45 IFA_CNHIK6_NHJIK610_28496 FE2 fe2 28738 Lancer_K02_calcul_pers.sh NHTX122XXXXNN FIN
2011/12/10 07:58:40 IFA_BNHIK6_NHJIK610_17747 FE1 fe1 21829 Lancer_K02_calcul_pers.sh NHTX122XXXXNN FIN
2011/12/10 07:58:56 IFA_DNHIK6_NHJIK610_25844 FE3 fe3 345 Lancer_K02_calcul_pers.sh NHTX122XXXXNN FIN
2011/12/10 07:59:21 IFA_ENHIK6_NHJIK610_8464 FE4 fe4 12628 Lancer_K02_calcul_pers.sh NHTX122XXXXNN FIN
2011/12/12 23:14:06 IFA_CNHIK6_NHJIK610_1920 FE2 fe2 6344 Lancer_K02_calcul_pers.sh NHTX122XXXXNN FIN
2011/12/12 23:15:07 IFA_BNHIK6_NHJIK610_12779 FE1 fe1 13566 Lancer_K02_calcul_pers.sh NHTX122XXXXNN FIN
2011/12/12 23:15:12 IFA_ENHIK6_NHJIK610_13311 FE4 fe4 13680 Lancer_K02_calcul_pers.sh NHTX122XXXXNN FIN
2011/12/12 23:16:26 IFA_DNHIK6_NHJIK610_18882 FE3 fe3 19199 Lancer_K02_calcul_pers.sh NHTX122XXXXNN FIN
2011/12/13 21:35:53 IFA_BNHIK6_NHJIK610_1713 FE1 fe1 6300 Lancer_K02_calcul_pers.sh NHTX122XXXXNN FIN
2011/12/13 21:37:53 IFA_CNHIK6_NHJIK610_17862 FE2 fe2 18361 Lancer_K02_calcul_pers.sh NHTX122XXXXNN FIN
2011/12/13 21:38:06 IFA_ENHIK6_NHJIK610_18677 FE4 fe4 19406 Lancer_K02_calcul_pers.sh NHTX122XXXXNN FIN
2011/12/13 21:40:03 IFA_DNHIK6_NHJIK610_1446 FE3 fe3 1921 Lancer_K02_calcul_pers.sh NHTX122XXXXNN FIN
2011/12/14 22:00:14 IFA_CNHIK6_NHJIK610_10130 FE2 fe2 10530 Lancer_K02_calcul_pers.sh NHTX122XXXXNN FIN
2011/12/14 22:00:43 IFA_ENHIK6_NHJIK610_13366 FE4 fe4 14154 Lancer_K02_calcul_pers.sh NHTX122XXXXNN FIN
2011/12/14 22:01:03 IFA_DNHIK6_NHJIK610_16307 FE3 fe3 17213 Lancer_K02_calcul_pers.sh NHTX122XXXXNN FIN
2011/12/14 22:01:10 IFA_BNHIK6_NHJIK610_16976 FE1 fe1 17786 Lancer_K02_calcul_pers.sh NHTX122XXXXNN FIN
2011/12/15 22:20:54 IFA_DNHIK6_NHJIK610_21328 FE3 fe3 26882 Lancer_K02_calcul_pers.sh NHTX122XXXXNN FIN
2011/12/15 22:21:05 IFA_CNHIK6_NHJIK610_28299 FE2 fe2 3051 Lancer_K02_calcul_pers.sh NHTX122XXXXNN FIN
2011/12/15 22:22:27 IFA_BNHIK6_NHJIK610_8399 FE1 fe1 12275 Lancer_K02_calcul_pers.sh NHTX122XXXXNN FIN
2011/12/15 22:24:49 IFA_ENHIK6_NHJIK610_5429 FE4 fe4 6767 Lancer_K02_calcul_pers.sh NHTX122XXXXNN FIN
2011/12/17 07:11:36 IFA_CNHIK6_NHJIK610_6303 FE2 fe2 10602 Lancer_K02_calcul_pers.sh NHTX122XXXXNN FIN
2011/12/17 07:11:40 IFA_BNHIK6_NHJIK610_8538 FE1 fe1 12762 Lancer_K02_calcul_pers.sh NHTX122XXXXNN FIN
2011/12/17 07:12:17 IFA_DNHIK6_NHJIK610_27514 FE3 fe3 1732 Lancer_K02_calcul_pers.sh NHTX122XXXXNN FIN
2011/12/17 07:12:50 IFA_ENHIK6_NHJIK610_14232 FE4 fe4 17860 Lancer_K02_calcul_pers.sh NHTX122XXXXNN FIN
2011/12/19 21:30:57 IFA_CNHIK6_NHJIK610_10710 FE2 fe2 15811 Lancer_K02_calcul_pers.sh NHTX122XXXXNN FIN
2011/12/19 21:31:35 IFA_BNHIK6_NHJIK610_29951 FE1 fe1 4983 Lancer_K02_calcul_pers.sh NHTX122XXXXNN FIN
2011/12/19 21:32:39 IFA_DNHIK6_NHJIK610_28777 FE3 fe3 29067 Lancer_K02_calcul_pers.sh NHTX122XXXXNN FIN
2011/12/19 21:33:30 IFA_ENHIK6_NHJIK610_1860 FE4 fe4 2284 Lancer_K02_calcul_pers.sh NHTX122XXXXNN FIN
2011/12/20 21:18:56 IFA_DNHIK6_NHJIK610_23746 FE3 fe3 28958 Lancer_K02_calcul_pers.sh NHTX122XXXXNN FIN
2011/12/20 21:19:10 IFA_BNHIK6_NHJIK610_1259 FE1 fe1 6307 Lancer_K02_calcul_pers.sh NHTX122XXXXNN FIN
2011/12/20 21:21:23 IFA_ENHIK6_NHJIK610_3099 FE4 fe4 8474 Lancer_K02_calcul_pers.sh NHTX122XXXXNN FIN
2011/12/20 21:22:35 IFA_CNHIK6_NHJIK610_26107 FE2 fe2 1673 Lancer_K02_calcul_pers.sh NHTX122XXXXNN FIN
2011/12/21 21:21:54 IFA_ENHIK6_NHJIK610_2099 FE4 fe4 6419 Lancer_K02_calcul_pers.sh NHTX122XXXXNN FIN
2011/12/21 21:21:55 IFA_BNHIK6_NHJIK610_1951 FE1 fe1 6857 Lancer_K02_calcul_pers.sh NHTX122XXXXNN FIN
2011/12/21 21:21:55 IFA_DNHIK6_NHJIK610_2020 FE3 fe3 6812 Lancer_K02_calcul_pers.sh NHTX122XXXXNN FIN
2011/12/21 21:21:56 IFA_CNHIK6_NHJIK610_1858 FE2 fe2 7082 Lancer_K02_calcul_pers.sh NHTX122XXXXNN FIN
2011/12/22 21:18:08 IFA_BNHIK6_NHJIK610_23079 FE1 fe1 23283 Lancer_K02_calcul_pers.sh NHTX122XXXXNN FIN
2011/12/22 21:18:50 IFA_ENHIK6_NHJIK610_25375 FE4 fe4 25592 Lancer_K02_calcul_pers.sh NHTX122XXXXNN FIN
2011/12/22 21:20:01 IFA_DNHIK6_NHJIK610_1840 FE3 fe3 2499 Lancer_K02_calcul_pers.sh NHTX122XXXXNN FIN
2011/12/22 21:21:06 IFA_CNHIK6_NHJIK610_5508 FE2 fe2 6783 Lancer_K02_calcul_pers.sh NHTX122XXXXNN FIN
2011/12/24 07:01:54 IFA_CNHIK6_NHJIK610_5087 FE2 fe2 8270 Lancer_K02_calcul_pers.sh NHTX122XXXXNN FIN
2011/12/24 07:02:47 IFA_DNHIK6_NHJIK610_1552 FE3 fe3 4723 Lancer_K02_calcul_pers.sh NHTX122XXXXNN FIN
2011/12/24 07:02:50 IFA_BNHIK6_NHJIK610_3411 FE1 fe1 6390 Lancer_K02_calcul_pers.sh NHTX122XXXXNN FIN
2011/12/24 07:02:51 IFA_ENHIK6_NHJIK610_3604 FE4 fe4 6555 Lancer_K02_calcul_pers.sh NHTX122XXXXNN FIN
2011/12/27 23:21:27 IFA_CNHIK6_NHJIK610_2140 FE2 fe2 2674 Lancer_K02_calcul_pers.sh NHTX122XXXXNN FIN
2011/12/27 23:21:57 IFA_BNHIK6_NHJIK610_7123 FE1 fe1 10115 Lancer_K02_calcul_pers.sh NHTX122XXXXNN FIN
2011/12/27 23:22:09 IFA_DNHIK6_NHJIK610_12994 FE3 fe3 16104 Lancer_K02_calcul_pers.sh NHTX122XXXXNN FIN
2011/12/27 23:22:38 IFA_ENHIK6_NHJIK610_27907 FE4 fe4 1009 Lancer_K02_calcul_pers.sh NHTX122XXXXNN FIN
2011/12/28 23:30:45 IFA_DNHIK6_NHJIK610_15478 FE3 fe3 18293 Lancer_K02_calcul_pers.sh NHTX122XXXXNN FIN
2011/12/28 23:31:18 IFA_CNHIK6_NHJIK610_2184 FE2 fe2 5146 Lancer_K02_calcul_pers.sh NHTX122XXXXNN FIN
2011/12/28 23:32:16 IFA_ENHIK6_NHJIK610_12270 FE4 fe4 12952 Lancer_K02_calcul_pers.sh NHTX122XXXXNN FIN
2011/12/28 23:32:29 IFA_BNHIK6_NHJIK610_13569 FE1 fe1 14060 Lancer_K02_calcul_pers.sh NHTX122XXXXNN FIN
2012/02/16 21:52:01 IFA_DNHIK6_NHJIK610_29416 FE3 fe3 29985 Lancer_K02_calcul_pers.sh NHTX122XXXXNN FIN
2012/02/16 21:53:14 IFA_CNHIK6_NHJIK610_8004 FE2 fe2 8423 Lancer_K02_calcul_pers.sh NHTX122XXXXNN FIN
2012/02/16 21:53:34 IFA_ENHIK6_NHJIK610_9274 FE4 fe4 10210 Lancer_K02_calcul_pers.sh NHTX122XXXXNN FIN
2012/02/16 21:55:11 IFA_BNHIK6_NHJIK610_16402 FE1 fe1 17653 Lancer_K02_calcul_pers.sh NHTX122XXXXNN FIN
